[0.039s] Invoking command in '/home/minhnguyen/bumperbot_ws/src/build/bumperbot_cpp_examples': CMAKE_PREFIX_PATH=/opt/ros/humble /usr/bin/cmake /home/minhnguyen/bumperbot_ws/src/bumperbot_cpp_examples -DCMAKE_INSTALL_PREFIX=/home/minhnguyen/bumperbot_ws/src/install/bumperbot_cpp_examples
[0.359s] -- The C compiler identification is GNU 11.4.0
[0.601s] -- The CXX compiler identification is GNU 11.4.0
[0.617s] -- Detecting C compiler ABI info
[0.769s] -- Detecting C compiler ABI info - done
[0.794s] -- Check for working C compiler: /usr/bin/cc - skipped
[0.794s] -- Detecting C compile features
[0.795s] -- Detecting C compile features - done
[0.803s] -- Detecting CXX compiler ABI info
[0.956s] -- Detecting CXX compiler ABI info - done
[0.972s] -- Check for working CXX compiler: /usr/bin/c++ - skipped
[0.973s] -- Detecting CXX compile features
[0.974s] -- Detecting CXX compile features - done
[0.984s] -- Found ament_cmake: 1.3.9 (/opt/ros/humble/share/ament_cmake/cmake)
[1.313s] -- Found Python3: /usr/bin/python3 (found version "3.10.12") found components: Interpreter 
[1.595s] -- Found ament_lint_auto: 0.12.11 (/opt/ros/humble/share/ament_lint_auto/cmake)
[1.823s] -- Added test 'lint_cmake' to check CMake code style
[1.825s] -- Added test 'xmllint' to check XML markup files
[1.827s] -- Configuring done
[1.835s] -- Generating done
[1.839s] -- Build files have been written to: /home/minhnguyen/bumperbot_ws/src/build/bumperbot_cpp_examples
[1.848s] Invoked command in '/home/minhnguyen/bumperbot_ws/src/build/bumperbot_cpp_examples' returned '0': CMAKE_PREFIX_PATH=/opt/ros/humble /usr/bin/cmake /home/minhnguyen/bumperbot_ws/src/bumperbot_cpp_examples -DCMAKE_INSTALL_PREFIX=/home/minhnguyen/bumperbot_ws/src/install/bumperbot_cpp_examples
[1.852s] Invoking command in '/home/minhnguyen/bumperbot_ws/src/build/bumperbot_cpp_examples': CMAKE_PREFIX_PATH=/opt/ros/humble /usr/bin/cmake --build /home/minhnguyen/bumperbot_ws/src/build/bumperbot_cpp_examples -- -j8 -l8
[1.937s] Invoked command in '/home/minhnguyen/bumperbot_ws/src/build/bumperbot_cpp_examples' returned '0': CMAKE_PREFIX_PATH=/opt/ros/humble /usr/bin/cmake --build /home/minhnguyen/bumperbot_ws/src/build/bumperbot_cpp_examples -- -j8 -l8
[1.992s] Invoking command in '/home/minhnguyen/bumperbot_ws/src/build/bumperbot_cpp_examples': CMAKE_PREFIX_PATH=/opt/ros/humble /usr/bin/cmake --install /home/minhnguyen/bumperbot_ws/src/build/bumperbot_cpp_examples
[2.006s] -- Install configuration: ""
[2.006s] -- Installing: /home/minhnguyen/bumperbot_ws/src/install/bumperbot_cpp_examples/share/ament_index/resource_index/package_run_dependencies/bumperbot_cpp_examples
[2.007s] -- Installing: /home/minhnguyen/bumperbot_ws/src/install/bumperbot_cpp_examples/share/ament_index/resource_index/parent_prefix_path/bumperbot_cpp_examples
[2.007s] -- Installing: /home/minhnguyen/bumperbot_ws/src/install/bumperbot_cpp_examples/share/bumperbot_cpp_examples/environment/ament_prefix_path.sh
[2.007s] -- Installing: /home/minhnguyen/bumperbot_ws/src/install/bumperbot_cpp_examples/share/bumperbot_cpp_examples/environment/ament_prefix_path.dsv
[2.008s] -- Installing: /home/minhnguyen/bumperbot_ws/src/install/bumperbot_cpp_examples/share/bumperbot_cpp_examples/environment/path.sh
[2.008s] -- Installing: /home/minhnguyen/bumperbot_ws/src/install/bumperbot_cpp_examples/share/bumperbot_cpp_examples/environment/path.dsv
[2.010s] -- Installing: /home/minhnguyen/bumperbot_ws/src/install/bumperbot_cpp_examples/share/bumperbot_cpp_examples/local_setup.bash
[2.010s] -- Installing: /home/minhnguyen/bumperbot_ws/src/install/bumperbot_cpp_examples/share/bumperbot_cpp_examples/local_setup.sh
[2.010s] -- Installing: /home/minhnguyen/bumperbot_ws/src/install/bumperbot_cpp_examples/share/bumperbot_cpp_examples/local_setup.zsh
[2.011s] -- Installing: /home/minhnguyen/bumperbot_ws/src/install/bumperbot_cpp_examples/share/bumperbot_cpp_examples/local_setup.dsv
[2.014s] -- Installing: /home/minhnguyen/bumperbot_ws/src/install/bumperbot_cpp_examples/share/bumperbot_cpp_examples/package.dsv
[2.014s] -- Installing: /home/minhnguyen/bumperbot_ws/src/install/bumperbot_cpp_examples/share/ament_index/resource_index/packages/bumperbot_cpp_examples
[2.014s] -- Installing: /home/minhnguyen/bumperbot_ws/src/install/bumperbot_cpp_examples/share/bumperbot_cpp_examples/cmake/bumperbot_cpp_examplesConfig.cmake
[2.014s] -- Installing: /home/minhnguyen/bumperbot_ws/src/install/bumperbot_cpp_examples/share/bumperbot_cpp_examples/cmake/bumperbot_cpp_examplesConfig-version.cmake
[2.015s] -- Installing: /home/minhnguyen/bumperbot_ws/src/install/bumperbot_cpp_examples/share/bumperbot_cpp_examples/package.xml
[2.052s] Invoked command in '/home/minhnguyen/bumperbot_ws/src/build/bumperbot_cpp_examples' returned '0': CMAKE_PREFIX_PATH=/opt/ros/humble /usr/bin/cmake --install /home/minhnguyen/bumperbot_ws/src/build/bumperbot_cpp_examples
