[0.076s] Invoking command in '/home/minhnguyen/bumperbot_ws/build/bumperbot_description': CMAKE_PREFIX_PATH=/opt/ros/humble /usr/bin/cmake --build /home/minhnguyen/bumperbot_ws/build/bumperbot_description -- -j4 -l4
[0.250s] -- Found ament_cmake: 1.3.9 (/opt/ros/humble/share/ament_cmake/cmake)
[0.668s] -- Found ament_lint_auto: 0.12.11 (/opt/ros/humble/share/ament_lint_auto/cmake)
[0.969s] -- Added test 'flake8' to check Python code syntax and style conventions
[0.969s] -- Added test 'lint_cmake' to check CMake code style
[0.973s] -- Added test 'pep257' to check Python code against some of the docstring style conventions in PEP 257
[0.979s] -- Added test 'xmllint' to check XML markup files
[0.982s] -- Configuring done
[1.025s] -- Generating done
[1.025s] -- Build files have been written to: /home/minhnguyen/bumperbot_ws/build/bumperbot_description
[1.243s] Invoked command in '/home/minhnguyen/bumperbot_ws/build/bumperbot_description' returned '0': CMAKE_PREFIX_PATH=/opt/ros/humble /usr/bin/cmake --build /home/minhnguyen/bumperbot_ws/build/bumperbot_description -- -j4 -l4
[1.344s] Invoking command in '/home/minhnguyen/bumperbot_ws/build/bumperbot_description': CMAKE_PREFIX_PATH=/opt/ros/humble /usr/bin/cmake --install /home/minhnguyen/bumperbot_ws/build/bumperbot_description
[1.388s] -- Install configuration: ""
[1.389s] -- Up-to-date: /home/minhnguyen/bumperbot_ws/install/bumperbot_description/share/bumperbot_description/meshes
[1.390s] -- Up-to-date: /home/minhnguyen/bumperbot_ws/install/bumperbot_description/share/bumperbot_description/meshes/wheel_right_link.STL
[1.391s] -- Up-to-date: /home/minhnguyen/bumperbot_ws/install/bumperbot_description/share/bumperbot_description/meshes/wheel_left_link.STL
[1.391s] -- Up-to-date: /home/minhnguyen/bumperbot_ws/install/bumperbot_description/share/bumperbot_description/meshes/imu_link.STL
[1.392s] -- Up-to-date: /home/minhnguyen/bumperbot_ws/install/bumperbot_description/share/bumperbot_description/meshes/caster_front_link.STL
[1.392s] -- Up-to-date: /home/minhnguyen/bumperbot_ws/install/bumperbot_description/share/bumperbot_description/meshes/base_link.STL
[1.392s] -- Up-to-date: /home/minhnguyen/bumperbot_ws/install/bumperbot_description/share/bumperbot_description/meshes/caster_rear_link.STL
[1.392s] -- Up-to-date: /home/minhnguyen/bumperbot_ws/install/bumperbot_description/share/bumperbot_description/urdf
[1.392s] -- Installing: /home/minhnguyen/bumperbot_ws/install/bumperbot_description/share/bumperbot_description/urdf/bumperbot_gazebo.xacro
[1.393s] -- Installing: /home/minhnguyen/bumperbot_ws/install/bumperbot_description/share/bumperbot_description/urdf/bumperbot.urdf.xacro
[1.393s] -- Up-to-date: /home/minhnguyen/bumperbot_ws/install/bumperbot_description/share/bumperbot_description/launch
[1.393s] -- Installing: /home/minhnguyen/bumperbot_ws/install/bumperbot_description/share/bumperbot_description/launch/gazebo.launch.py
[1.393s] -- Installing: /home/minhnguyen/bumperbot_ws/install/bumperbot_description/share/bumperbot_description/launch/display.launch.py
[1.394s] -- Installing: /home/minhnguyen/bumperbot_ws/install/bumperbot_description/share/bumperbot_description/models
[1.394s] -- Installing: /home/minhnguyen/bumperbot_ws/install/bumperbot_description/share/bumperbot_description/models/sun
[1.394s] -- Installing: /home/minhnguyen/bumperbot_ws/install/bumperbot_description/share/bumperbot_description/models/sun/model-1_3.sdf
[1.395s] -- Installing: /home/minhnguyen/bumperbot_ws/install/bumperbot_description/share/bumperbot_description/models/sun/model-1_4.sdf
[1.395s] -- Installing: /home/minhnguyen/bumperbot_ws/install/bumperbot_description/share/bumperbot_description/models/sun/model-1_2.sdf
[1.395s] -- Installing: /home/minhnguyen/bumperbot_ws/install/bumperbot_description/share/bumperbot_description/models/sun/model.sdf
[1.395s] -- Installing: /home/minhnguyen/bumperbot_ws/install/bumperbot_description/share/bumperbot_description/models/sun/model.config
[1.396s] -- Installing: /home/minhnguyen/bumperbot_ws/install/bumperbot_description/share/bumperbot_description/models/ground_plane
[1.396s] -- Installing: /home/minhnguyen/bumperbot_ws/install/bumperbot_description/share/bumperbot_description/models/ground_plane/model-1_3.sdf
[1.396s] -- Installing: /home/minhnguyen/bumperbot_ws/install/bumperbot_description/share/bumperbot_description/models/ground_plane/model-1_4.sdf
[1.397s] -- Installing: /home/minhnguyen/bumperbot_ws/install/bumperbot_description/share/bumperbot_description/models/ground_plane/model-1_2.sdf
[1.397s] -- Installing: /home/minhnguyen/bumperbot_ws/install/bumperbot_description/share/bumperbot_description/models/ground_plane/model.sdf
[1.407s] -- Installing: /home/minhnguyen/bumperbot_ws/install/bumperbot_description/share/bumperbot_description/models/ground_plane/model.config
[1.407s] -- Up-to-date: /home/minhnguyen/bumperbot_ws/install/bumperbot_description/share/bumperbot_description/rviz
[1.408s] -- Up-to-date: /home/minhnguyen/bumperbot_ws/install/bumperbot_description/share/bumperbot_description/rviz/display.rviz
[1.408s] -- Up-to-date: /home/minhnguyen/bumperbot_ws/install/bumperbot_description/share/ament_index/resource_index/package_run_dependencies/bumperbot_description
[1.408s] -- Up-to-date: /home/minhnguyen/bumperbot_ws/install/bumperbot_description/share/ament_index/resource_index/parent_prefix_path/bumperbot_description
[1.409s] -- Up-to-date: /home/minhnguyen/bumperbot_ws/install/bumperbot_description/share/bumperbot_description/environment/ament_prefix_path.sh
[1.409s] -- Installing: /home/minhnguyen/bumperbot_ws/install/bumperbot_description/share/bumperbot_description/environment/ament_prefix_path.dsv
[1.409s] -- Up-to-date: /home/minhnguyen/bumperbot_ws/install/bumperbot_description/share/bumperbot_description/environment/path.sh
[1.409s] -- Installing: /home/minhnguyen/bumperbot_ws/install/bumperbot_description/share/bumperbot_description/environment/path.dsv
[1.410s] -- Up-to-date: /home/minhnguyen/bumperbot_ws/install/bumperbot_description/share/bumperbot_description/local_setup.bash
[1.414s] -- Up-to-date: /home/minhnguyen/bumperbot_ws/install/bumperbot_description/share/bumperbot_description/local_setup.sh
[1.414s] -- Up-to-date: /home/minhnguyen/bumperbot_ws/install/bumperbot_description/share/bumperbot_description/local_setup.zsh
[1.415s] -- Installing: /home/minhnguyen/bumperbot_ws/install/bumperbot_description/share/bumperbot_description/local_setup.dsv
[1.415s] -- Installing: /home/minhnguyen/bumperbot_ws/install/bumperbot_description/share/bumperbot_description/package.dsv
[1.415s] -- Up-to-date: /home/minhnguyen/bumperbot_ws/install/bumperbot_description/share/ament_index/resource_index/packages/bumperbot_description
[1.416s] -- Up-to-date: /home/minhnguyen/bumperbot_ws/install/bumperbot_description/share/bumperbot_description/cmake/bumperbot_descriptionConfig.cmake
[1.416s] -- Up-to-date: /home/minhnguyen/bumperbot_ws/install/bumperbot_description/share/bumperbot_description/cmake/bumperbot_descriptionConfig-version.cmake
[1.416s] -- Up-to-date: /home/minhnguyen/bumperbot_ws/install/bumperbot_description/share/bumperbot_description/package.xml
[1.449s] Invoked command in '/home/minhnguyen/bumperbot_ws/build/bumperbot_description' returned '0': CMAKE_PREFIX_PATH=/opt/ros/humble /usr/bin/cmake --install /home/minhnguyen/bumperbot_ws/build/bumperbot_description
