[0.033s] Invoking command in '/home/minhnguyen/bumperbot_ws/build/bumperbot_description': CMAKE_PREFIX_PATH=/opt/ros/humble /usr/bin/cmake --build /home/minhnguyen/bumperbot_ws/build/bumperbot_description -- -j4 -l4
[0.475s] Invoked command in '/home/minhnguyen/bumperbot_ws/build/bumperbot_description' returned '0': CMAKE_PREFIX_PATH=/opt/ros/humble /usr/bin/cmake --build /home/minhnguyen/bumperbot_ws/build/bumperbot_description -- -j4 -l4
[0.524s] Invoking command in '/home/minhnguyen/bumperbot_ws/build/bumperbot_description': CMAKE_PREFIX_PATH=/opt/ros/humble /usr/bin/cmake --install /home/minhnguyen/bumperbot_ws/build/bumperbot_description
[0.538s] -- Install configuration: ""
[0.539s] -- Up-to-date: /home/minhnguyen/bumperbot_ws/install/bumperbot_description/share/bumperbot_description/meshes
[0.540s] -- Up-to-date: /home/minhnguyen/bumperbot_ws/install/bumperbot_description/share/bumperbot_description/meshes/wheel_right_link.STL
[0.540s] -- Up-to-date: /home/minhnguyen/bumperbot_ws/install/bumperbot_description/share/bumperbot_description/meshes/wheel_left_link.STL
[0.541s] -- Up-to-date: /home/minhnguyen/bumperbot_ws/install/bumperbot_description/share/bumperbot_description/meshes/imu_link.STL
[0.541s] -- Up-to-date: /home/minhnguyen/bumperbot_ws/install/bumperbot_description/share/bumperbot_description/meshes/caster_front_link.STL
[0.541s] -- Up-to-date: /home/minhnguyen/bumperbot_ws/install/bumperbot_description/share/bumperbot_description/meshes/base_link.STL
[0.541s] -- Up-to-date: /home/minhnguyen/bumperbot_ws/install/bumperbot_description/share/bumperbot_description/meshes/caster_rear_link.STL
[0.542s] -- Up-to-date: /home/minhnguyen/bumperbot_ws/install/bumperbot_description/share/bumperbot_description/urdf
[0.542s] -- Up-to-date: /home/minhnguyen/bumperbot_ws/install/bumperbot_description/share/bumperbot_description/urdf/bumperbot.urdf.xacro
[0.543s] -- Up-to-date: /home/minhnguyen/bumperbot_ws/install/bumperbot_description/share/ament_index/resource_index/package_run_dependencies/bumperbot_description
[0.543s] -- Up-to-date: /home/minhnguyen/bumperbot_ws/install/bumperbot_description/share/ament_index/resource_index/parent_prefix_path/bumperbot_description
[0.544s] -- Up-to-date: /home/minhnguyen/bumperbot_ws/install/bumperbot_description/share/bumperbot_description/environment/ament_prefix_path.sh
[0.544s] -- Up-to-date: /home/minhnguyen/bumperbot_ws/install/bumperbot_description/share/bumperbot_description/environment/ament_prefix_path.dsv
[0.544s] -- Up-to-date: /home/minhnguyen/bumperbot_ws/install/bumperbot_description/share/bumperbot_description/environment/path.sh
[0.544s] -- Up-to-date: /home/minhnguyen/bumperbot_ws/install/bumperbot_description/share/bumperbot_description/environment/path.dsv
[0.544s] -- Up-to-date: /home/minhnguyen/bumperbot_ws/install/bumperbot_description/share/bumperbot_description/local_setup.bash
[0.545s] -- Up-to-date: /home/minhnguyen/bumperbot_ws/install/bumperbot_description/share/bumperbot_description/local_setup.sh
[0.545s] -- Up-to-date: /home/minhnguyen/bumperbot_ws/install/bumperbot_description/share/bumperbot_description/local_setup.zsh
[0.545s] -- Up-to-date: /home/minhnguyen/bumperbot_ws/install/bumperbot_description/share/bumperbot_description/local_setup.dsv
[0.546s] -- Installing: /home/minhnguyen/bumperbot_ws/install/bumperbot_description/share/bumperbot_description/package.dsv
[0.546s] -- Up-to-date: /home/minhnguyen/bumperbot_ws/install/bumperbot_description/share/ament_index/resource_index/packages/bumperbot_description
[0.547s] -- Up-to-date: /home/minhnguyen/bumperbot_ws/install/bumperbot_description/share/bumperbot_description/cmake/bumperbot_descriptionConfig.cmake
[0.547s] -- Up-to-date: /home/minhnguyen/bumperbot_ws/install/bumperbot_description/share/bumperbot_description/cmake/bumperbot_descriptionConfig-version.cmake
[0.547s] -- Up-to-date: /home/minhnguyen/bumperbot_ws/install/bumperbot_description/share/bumperbot_description/package.xml
[0.569s] Invoked command in '/home/minhnguyen/bumperbot_ws/build/bumperbot_description' returned '0': CMAKE_PREFIX_PATH=/opt/ros/humble /usr/bin/cmake --install /home/minhnguyen/bumperbot_ws/build/bumperbot_description
