[0.031s] Invoking command in '/home/minhnguyen/bumperbot_ws/build/bumperbot_description': CMAKE_PREFIX_PATH=/opt/ros/humble /usr/bin/cmake /home/minhnguyen/bumperbot_ws/src/bumperbot_description -DCMAKE_INSTALL_PREFIX=/home/minhnguyen/bumperbot_ws/install/bumperbot_description
[0.183s] -- The C compiler identification is GNU 11.4.0
[0.313s] -- The CXX compiler identification is GNU 11.4.0
[0.330s] -- Detecting C compiler ABI info
[0.485s] -- Detecting C compiler ABI info - done
[0.495s] -- Check for working C compiler: /usr/bin/cc - skipped
[0.495s] -- Detecting C compile features
[0.495s] -- Detecting C compile features - done
[0.503s] -- Detecting CXX compiler ABI info
[0.678s] -- Detecting CXX compiler ABI info - done
[0.695s] -- Check for working CXX compiler: /usr/bin/c++ - skipped
[0.696s] -- Detecting CXX compile features
[0.697s] -- Detecting CXX compile features - done
[0.703s] -- Found ament_cmake: 1.3.9 (/opt/ros/humble/share/ament_cmake/cmake)
[1.004s] -- Found Python3: /usr/bin/python3 (found version "3.10.12") found components: Interpreter 
[1.190s] -- Found ament_lint_auto: 0.12.11 (/opt/ros/humble/share/ament_lint_auto/cmake)
[1.314s] -- Added test 'lint_cmake' to check CMake code style
[1.317s] -- Added test 'xmllint' to check XML markup files
[1.318s] -- Configuring done
[1.323s] -- Generating done
[1.324s] -- Build files have been written to: /home/minhnguyen/bumperbot_ws/build/bumperbot_description
[1.332s] Invoked command in '/home/minhnguyen/bumperbot_ws/build/bumperbot_description' returned '0': CMAKE_PREFIX_PATH=/opt/ros/humble /usr/bin/cmake /home/minhnguyen/bumperbot_ws/src/bumperbot_description -DCMAKE_INSTALL_PREFIX=/home/minhnguyen/bumperbot_ws/install/bumperbot_description
[1.333s] Invoking command in '/home/minhnguyen/bumperbot_ws/build/bumperbot_description': CMAKE_PREFIX_PATH=/opt/ros/humble /usr/bin/cmake --build /home/minhnguyen/bumperbot_ws/build/bumperbot_description -- -j4 -l4
[1.390s] Invoked command in '/home/minhnguyen/bumperbot_ws/build/bumperbot_description' returned '0': CMAKE_PREFIX_PATH=/opt/ros/humble /usr/bin/cmake --build /home/minhnguyen/bumperbot_ws/build/bumperbot_description -- -j4 -l4
[1.423s] Invoking command in '/home/minhnguyen/bumperbot_ws/build/bumperbot_description': CMAKE_PREFIX_PATH=/opt/ros/humble /usr/bin/cmake --install /home/minhnguyen/bumperbot_ws/build/bumperbot_description
[1.434s] -- Install configuration: ""
[1.435s] -- Installing: /home/minhnguyen/bumperbot_ws/install/bumperbot_description/share/$(PROJECT_NAME)/meshes
[1.436s] -- Installing: /home/minhnguyen/bumperbot_ws/install/bumperbot_description/share/$(PROJECT_NAME)/meshes/wheel_right_link.STL
[1.437s] -- Installing: /home/minhnguyen/bumperbot_ws/install/bumperbot_description/share/$(PROJECT_NAME)/meshes/wheel_left_link.STL
[1.439s] -- Installing: /home/minhnguyen/bumperbot_ws/install/bumperbot_description/share/$(PROJECT_NAME)/meshes/imu_link.STL
[1.440s] -- Installing: /home/minhnguyen/bumperbot_ws/install/bumperbot_description/share/$(PROJECT_NAME)/meshes/caster_front_link.STL
[1.441s] -- Installing: /home/minhnguyen/bumperbot_ws/install/bumperbot_description/share/$(PROJECT_NAME)/meshes/base_link.STL
[1.475s] -- Installing: /home/minhnguyen/bumperbot_ws/install/bumperbot_description/share/$(PROJECT_NAME)/meshes/caster_rear_link.STL
[1.476s] -- Installing: /home/minhnguyen/bumperbot_ws/install/bumperbot_description/share/$(PROJECT_NAME)/urdf
[1.478s] -- Installing: /home/minhnguyen/bumperbot_ws/install/bumperbot_description/share/$(PROJECT_NAME)/urdf/bumperbot.urdf.xacro
[1.479s] -- Installing: /home/minhnguyen/bumperbot_ws/install/bumperbot_description/share/ament_index/resource_index/package_run_dependencies/bumperbot_description
[1.481s] -- Installing: /home/minhnguyen/bumperbot_ws/install/bumperbot_description/share/ament_index/resource_index/parent_prefix_path/bumperbot_description
[1.482s] -- Installing: /home/minhnguyen/bumperbot_ws/install/bumperbot_description/share/bumperbot_description/environment/ament_prefix_path.sh
[1.482s] -- Installing: /home/minhnguyen/bumperbot_ws/install/bumperbot_description/share/bumperbot_description/environment/ament_prefix_path.dsv
[1.482s] -- Installing: /home/minhnguyen/bumperbot_ws/install/bumperbot_description/share/bumperbot_description/environment/path.sh
[1.482s] -- Installing: /home/minhnguyen/bumperbot_ws/install/bumperbot_description/share/bumperbot_description/environment/path.dsv
[1.482s] -- Installing: /home/minhnguyen/bumperbot_ws/install/bumperbot_description/share/bumperbot_description/local_setup.bash
[1.483s] -- Installing: /home/minhnguyen/bumperbot_ws/install/bumperbot_description/share/bumperbot_description/local_setup.sh
[1.483s] -- Installing: /home/minhnguyen/bumperbot_ws/install/bumperbot_description/share/bumperbot_description/local_setup.zsh
[1.483s] -- Installing: /home/minhnguyen/bumperbot_ws/install/bumperbot_description/share/bumperbot_description/local_setup.dsv
[1.483s] -- Installing: /home/minhnguyen/bumperbot_ws/install/bumperbot_description/share/bumperbot_description/package.dsv
[1.483s] -- Installing: /home/minhnguyen/bumperbot_ws/install/bumperbot_description/share/ament_index/resource_index/packages/bumperbot_description
[1.483s] -- Installing: /home/minhnguyen/bumperbot_ws/install/bumperbot_description/share/bumperbot_description/cmake/bumperbot_descriptionConfig.cmake
[1.483s] -- Installing: /home/minhnguyen/bumperbot_ws/install/bumperbot_description/share/bumperbot_description/cmake/bumperbot_descriptionConfig-version.cmake
[1.483s] -- Installing: /home/minhnguyen/bumperbot_ws/install/bumperbot_description/share/bumperbot_description/package.xml
[1.492s] Invoked command in '/home/minhnguyen/bumperbot_ws/build/bumperbot_description' returned '0': CMAKE_PREFIX_PATH=/opt/ros/humble /usr/bin/cmake --install /home/minhnguyen/bumperbot_ws/build/bumperbot_description
