[0.178s] DEBUG:colcon:Command line arguments: ['/usr/bin/colcon', 'build']
[0.178s] DEBUG:colcon:Parsed command line arguments: Namespace(log_base=None, log_level=None, verb_name='build', build_base='build', install_base='install', merge_install=False, symlink_install=False, test_result_base=None, continue_on_error=False, executor='parallel', parallel_workers=8, event_handlers=None, ignore_user_meta=False, metas=['./colcon.meta'], base_paths=['.'], packages_ignore=None, packages_ignore_regex=None, paths=None, packages_up_to=None, packages_up_to_regex=None, packages_above=None, packages_above_and_dependencies=None, packages_above_depth=None, packages_select_by_dep=None, packages_skip_by_dep=None, packages_skip_up_to=None, packages_select_build_failed=False, packages_skip_build_finished=False, packages_select_test_failures=False, packages_skip_test_passed=False, packages_select=None, packages_skip=None, packages_select_regex=None, packages_skip_regex=None, packages_start=None, packages_end=None, allow_overriding=[], cmake_args=None, cmake_target=None, cmake_target_skip_unavailable=False, cmake_clean_cache=False, cmake_clean_first=False, cmake_force_configure=False, ament_cmake_args=None, catkin_cmake_args=None, catkin_skip_building_tests=False, mixin_files=None, mixin=None, verb_parser=<colcon_mixin.mixin.mixin_argument.MixinArgumentDecorator object at 0x78be2864a530>, verb_extension=<colcon_core.verb.build.BuildVerb object at 0x78be2874eb90>, main=<bound method BuildVerb.main of <colcon_core.verb.build.BuildVerb object at 0x78be2874eb90>>, mixin_verb=('build',))
[0.447s] Level 1:colcon.colcon_core.package_discovery:discover_packages(colcon_meta) check parameters
[0.447s] Level 1:colcon.colcon_core.package_discovery:discover_packages(recursive) check parameters
[0.447s] Level 1:colcon.colcon_core.package_discovery:discover_packages(ignore) check parameters
[0.447s] Level 1:colcon.colcon_core.package_discovery:discover_packages(path) check parameters
[0.447s] Level 1:colcon.colcon_core.package_discovery:discover_packages(colcon_meta) discover
[0.447s] Level 1:colcon.colcon_core.package_discovery:discover_packages(recursive) discover
[0.448s] INFO:colcon.colcon_core.package_discovery:Crawling recursively for packages in '/home/minhnguyen/bumperbot_ws'
[0.448s] Level 1:colcon.colcon_core.package_identification:_identify(.) by extensions ['ignore', 'ignore_ament_install']
[0.448s] Level 1:colcon.colcon_core.package_identification:_identify(.) by extension 'ignore'
[0.448s] Level 1:colcon.colcon_core.package_identification:_identify(.) by extension 'ignore_ament_install'
[0.448s] Level 1:colcon.colcon_core.package_identification:_identify(.) by extensions ['colcon_pkg']
[0.448s] Level 1:colcon.colcon_core.package_identification:_identify(.) by extension 'colcon_pkg'
[0.448s] Level 1:colcon.colcon_core.package_identification:_identify(.) by extensions ['colcon_meta']
[0.448s] Level 1:colcon.colcon_core.package_identification:_identify(.) by extension 'colcon_meta'
[0.448s] Level 1:colcon.colcon_core.package_identification:_identify(.) by extensions ['ros']
[0.448s] Level 1:colcon.colcon_core.package_identification:_identify(.) by extension 'ros'
[0.465s] Level 1:colcon.colcon_core.package_identification:_identify(.) by extensions ['cmake', 'python']
[0.465s] Level 1:colcon.colcon_core.package_identification:_identify(.) by extension 'cmake'
[0.465s] Level 1:colcon.colcon_core.package_identification:_identify(.) by extension 'python'
[0.465s] Level 1:colcon.colcon_core.package_identification:_identify(.) by extensions ['python_setup_py']
[0.465s] Level 1:colcon.colcon_core.package_identification:_identify(.) by extension 'python_setup_py'
[0.466s] Level 1:colcon.colcon_core.package_identification:_identify(build) by extensions ['ignore', 'ignore_ament_install']
[0.466s] Level 1:colcon.colcon_core.package_identification:_identify(build) by extension 'ignore'
[0.466s] Level 1:colcon.colcon_core.package_identification:_identify(build) ignored
[0.466s] Level 1:colcon.colcon_core.package_identification:_identify(install) by extensions ['ignore', 'ignore_ament_install']
[0.466s] Level 1:colcon.colcon_core.package_identification:_identify(install) by extension 'ignore'
[0.466s] Level 1:colcon.colcon_core.package_identification:_identify(install) ignored
[0.466s] Level 1:colcon.colcon_core.package_identification:_identify(log) by extensions ['ignore', 'ignore_ament_install']
[0.466s] Level 1:colcon.colcon_core.package_identification:_identify(log) by extension 'ignore'
[0.466s] Level 1:colcon.colcon_core.package_identification:_identify(log) ignored
[0.467s] Level 1:colcon.colcon_core.package_identification:_identify(src) by extensions ['ignore', 'ignore_ament_install']
[0.467s] Level 1:colcon.colcon_core.package_identification:_identify(src) by extension 'ignore'
[0.467s] Level 1:colcon.colcon_core.package_identification:_identify(src) by extension 'ignore_ament_install'
[0.467s] Level 1:colcon.colcon_core.package_identification:_identify(src) by extensions ['colcon_pkg']
[0.467s] Level 1:colcon.colcon_core.package_identification:_identify(src) by extension 'colcon_pkg'
[0.467s] Level 1:colcon.colcon_core.package_identification:_identify(src) by extensions ['colcon_meta']
[0.467s] Level 1:colcon.colcon_core.package_identification:_identify(src) by extension 'colcon_meta'
[0.467s] Level 1:colcon.colcon_core.package_identification:_identify(src) by extensions ['ros']
[0.467s] Level 1:colcon.colcon_core.package_identification:_identify(src) by extension 'ros'
[0.467s] Level 1:colcon.colcon_core.package_identification:_identify(src) by extensions ['cmake', 'python']
[0.467s] Level 1:colcon.colcon_core.package_identification:_identify(src) by extension 'cmake'
[0.467s] Level 1:colcon.colcon_core.package_identification:_identify(src) by extension 'python'
[0.467s] Level 1:colcon.colcon_core.package_identification:_identify(src) by extensions ['python_setup_py']
[0.467s] Level 1:colcon.colcon_core.package_identification:_identify(src) by extension 'python_setup_py'
[0.468s] Level 1:colcon.colcon_core.package_identification:_identify(src/build) by extensions ['ignore', 'ignore_ament_install']
[0.468s] Level 1:colcon.colcon_core.package_identification:_identify(src/build) by extension 'ignore'
[0.468s] Level 1:colcon.colcon_core.package_identification:_identify(src/build) ignored
[0.468s] Level 1:colcon.colcon_core.package_identification:_identify(src/bumperbot_controller) by extensions ['ignore', 'ignore_ament_install']
[0.468s] Level 1:colcon.colcon_core.package_identification:_identify(src/bumperbot_controller) by extension 'ignore'
[0.468s] Level 1:colcon.colcon_core.package_identification:_identify(src/bumperbot_controller) by extension 'ignore_ament_install'
[0.468s] Level 1:colcon.colcon_core.package_identification:_identify(src/bumperbot_controller) by extensions ['colcon_pkg']
[0.468s] Level 1:colcon.colcon_core.package_identification:_identify(src/bumperbot_controller) by extension 'colcon_pkg'
[0.468s] Level 1:colcon.colcon_core.package_identification:_identify(src/bumperbot_controller) by extensions ['colcon_meta']
[0.468s] Level 1:colcon.colcon_core.package_identification:_identify(src/bumperbot_controller) by extension 'colcon_meta'
[0.468s] Level 1:colcon.colcon_core.package_identification:_identify(src/bumperbot_controller) by extensions ['ros']
[0.468s] Level 1:colcon.colcon_core.package_identification:_identify(src/bumperbot_controller) by extension 'ros'
[0.472s] DEBUG:colcon.colcon_core.package_identification:Package 'src/bumperbot_controller' with type 'ros.ament_cmake' and name 'bumperbot_controller'
[0.472s] Level 1:colcon.colcon_core.package_identification:_identify(src/bumperbot_cpp_examples) by extensions ['ignore', 'ignore_ament_install']
[0.472s] Level 1:colcon.colcon_core.package_identification:_identify(src/bumperbot_cpp_examples) by extension 'ignore'
[0.472s] Level 1:colcon.colcon_core.package_identification:_identify(src/bumperbot_cpp_examples) by extension 'ignore_ament_install'
[0.472s] Level 1:colcon.colcon_core.package_identification:_identify(src/bumperbot_cpp_examples) by extensions ['colcon_pkg']
[0.472s] Level 1:colcon.colcon_core.package_identification:_identify(src/bumperbot_cpp_examples) by extension 'colcon_pkg'
[0.473s] Level 1:colcon.colcon_core.package_identification:_identify(src/bumperbot_cpp_examples) by extensions ['colcon_meta']
[0.473s] Level 1:colcon.colcon_core.package_identification:_identify(src/bumperbot_cpp_examples) by extension 'colcon_meta'
[0.473s] Level 1:colcon.colcon_core.package_identification:_identify(src/bumperbot_cpp_examples) by extensions ['ros']
[0.473s] Level 1:colcon.colcon_core.package_identification:_identify(src/bumperbot_cpp_examples) by extension 'ros'
[0.473s] DEBUG:colcon.colcon_core.package_identification:Package 'src/bumperbot_cpp_examples' with type 'ros.ament_cmake' and name 'bumperbot_cpp_examples'
[0.474s] Level 1:colcon.colcon_core.package_identification:_identify(src/bumperbot_description) by extensions ['ignore', 'ignore_ament_install']
[0.474s] Level 1:colcon.colcon_core.package_identification:_identify(src/bumperbot_description) by extension 'ignore'
[0.474s] Level 1:colcon.colcon_core.package_identification:_identify(src/bumperbot_description) by extension 'ignore_ament_install'
[0.474s] Level 1:colcon.colcon_core.package_identification:_identify(src/bumperbot_description) by extensions ['colcon_pkg']
[0.474s] Level 1:colcon.colcon_core.package_identification:_identify(src/bumperbot_description) by extension 'colcon_pkg'
[0.474s] Level 1:colcon.colcon_core.package_identification:_identify(src/bumperbot_description) by extensions ['colcon_meta']
[0.474s] Level 1:colcon.colcon_core.package_identification:_identify(src/bumperbot_description) by extension 'colcon_meta'
[0.474s] Level 1:colcon.colcon_core.package_identification:_identify(src/bumperbot_description) by extensions ['ros']
[0.474s] Level 1:colcon.colcon_core.package_identification:_identify(src/bumperbot_description) by extension 'ros'
[0.475s] DEBUG:colcon.colcon_core.package_identification:Package 'src/bumperbot_description' with type 'ros.ament_cmake' and name 'bumperbot_description'
[0.475s] Level 1:colcon.colcon_core.package_identification:_identify(src/bumperbot_py_examples) by extensions ['ignore', 'ignore_ament_install']
[0.476s] Level 1:colcon.colcon_core.package_identification:_identify(src/bumperbot_py_examples) by extension 'ignore'
[0.476s] Level 1:colcon.colcon_core.package_identification:_identify(src/bumperbot_py_examples) by extension 'ignore_ament_install'
[0.476s] Level 1:colcon.colcon_core.package_identification:_identify(src/bumperbot_py_examples) by extensions ['colcon_pkg']
[0.476s] Level 1:colcon.colcon_core.package_identification:_identify(src/bumperbot_py_examples) by extension 'colcon_pkg'
[0.476s] Level 1:colcon.colcon_core.package_identification:_identify(src/bumperbot_py_examples) by extensions ['colcon_meta']
[0.476s] Level 1:colcon.colcon_core.package_identification:_identify(src/bumperbot_py_examples) by extension 'colcon_meta'
[0.476s] Level 1:colcon.colcon_core.package_identification:_identify(src/bumperbot_py_examples) by extensions ['ros']
[0.476s] Level 1:colcon.colcon_core.package_identification:_identify(src/bumperbot_py_examples) by extension 'ros'
[0.477s] DEBUG:colcon.colcon_core.package_identification:Package 'src/bumperbot_py_examples' with type 'ros.ament_python' and name 'bumperbot_py_examples'
[0.477s] Level 1:colcon.colcon_core.package_identification:_identify(src/install) by extensions ['ignore', 'ignore_ament_install']
[0.477s] Level 1:colcon.colcon_core.package_identification:_identify(src/install) by extension 'ignore'
[0.477s] Level 1:colcon.colcon_core.package_identification:_identify(src/install) ignored
[0.477s] Level 1:colcon.colcon_core.package_identification:_identify(src/log) by extensions ['ignore', 'ignore_ament_install']
[0.477s] Level 1:colcon.colcon_core.package_identification:_identify(src/log) by extension 'ignore'
[0.478s] Level 1:colcon.colcon_core.package_identification:_identify(src/log) ignored
[0.478s] Level 1:colcon.colcon_core.package_discovery:discover_packages(recursive) using defaults
[0.478s] Level 1:colcon.colcon_core.package_discovery:discover_packages(ignore) discover
[0.478s] Level 1:colcon.colcon_core.package_discovery:discover_packages(ignore) using defaults
[0.478s] Level 1:colcon.colcon_core.package_discovery:discover_packages(path) discover
[0.478s] Level 1:colcon.colcon_core.package_discovery:discover_packages(path) using defaults
[0.507s] Level 1:colcon.colcon_core.package_discovery:discover_packages(prefix_path) check parameters
[0.507s] Level 1:colcon.colcon_core.package_discovery:discover_packages(prefix_path) discover
[0.512s] DEBUG:colcon.colcon_installed_package_information.package_discovery:Found 329 installed packages in /opt/ros/humble
[0.538s] Level 1:colcon.colcon_core.package_discovery:discover_packages(prefix_path) using defaults
[0.609s] Level 5:colcon.colcon_core.verb:set package 'bumperbot_controller' build argument 'cmake_args' from command line to 'None'
[0.609s] Level 5:colcon.colcon_core.verb:set package 'bumperbot_controller' build argument 'cmake_target' from command line to 'None'
[0.609s] Level 5:colcon.colcon_core.verb:set package 'bumperbot_controller' build argument 'cmake_target_skip_unavailable' from command line to 'False'
[0.609s] Level 5:colcon.colcon_core.verb:set package 'bumperbot_controller' build argument 'cmake_clean_cache' from command line to 'False'
[0.609s] Level 5:colcon.colcon_core.verb:set package 'bumperbot_controller' build argument 'cmake_clean_first' from command line to 'False'
[0.609s] Level 5:colcon.colcon_core.verb:set package 'bumperbot_controller' build argument 'cmake_force_configure' from command line to 'False'
[0.609s] Level 5:colcon.colcon_core.verb:set package 'bumperbot_controller' build argument 'ament_cmake_args' from command line to 'None'
[0.609s] Level 5:colcon.colcon_core.verb:set package 'bumperbot_controller' build argument 'catkin_cmake_args' from command line to 'None'
[0.609s] Level 5:colcon.colcon_core.verb:set package 'bumperbot_controller' build argument 'catkin_skip_building_tests' from command line to 'False'
[0.609s] DEBUG:colcon.colcon_core.verb:Building package 'bumperbot_controller' with the following arguments: {'ament_cmake_args': None, 'build_base': '/home/minhnguyen/bumperbot_ws/build/bumperbot_controller', 'catkin_cmake_args': None, 'catkin_skip_building_tests': False, 'cmake_args': None, 'cmake_clean_cache': False, 'cmake_clean_first': False, 'cmake_force_configure': False, 'cmake_target': None, 'cmake_target_skip_unavailable': False, 'install_base': '/home/minhnguyen/bumperbot_ws/install/bumperbot_controller', 'merge_install': False, 'path': '/home/minhnguyen/bumperbot_ws/src/bumperbot_controller', 'symlink_install': False, 'test_result_base': None}
[0.610s] Level 5:colcon.colcon_core.verb:set package 'bumperbot_cpp_examples' build argument 'cmake_args' from command line to 'None'
[0.610s] Level 5:colcon.colcon_core.verb:set package 'bumperbot_cpp_examples' build argument 'cmake_target' from command line to 'None'
[0.610s] Level 5:colcon.colcon_core.verb:set package 'bumperbot_cpp_examples' build argument 'cmake_target_skip_unavailable' from command line to 'False'
[0.610s] Level 5:colcon.colcon_core.verb:set package 'bumperbot_cpp_examples' build argument 'cmake_clean_cache' from command line to 'False'
[0.610s] Level 5:colcon.colcon_core.verb:set package 'bumperbot_cpp_examples' build argument 'cmake_clean_first' from command line to 'False'
[0.610s] Level 5:colcon.colcon_core.verb:set package 'bumperbot_cpp_examples' build argument 'cmake_force_configure' from command line to 'False'
[0.610s] Level 5:colcon.colcon_core.verb:set package 'bumperbot_cpp_examples' build argument 'ament_cmake_args' from command line to 'None'
[0.610s] Level 5:colcon.colcon_core.verb:set package 'bumperbot_cpp_examples' build argument 'catkin_cmake_args' from command line to 'None'
[0.610s] Level 5:colcon.colcon_core.verb:set package 'bumperbot_cpp_examples' build argument 'catkin_skip_building_tests' from command line to 'False'
[0.610s] DEBUG:colcon.colcon_core.verb:Building package 'bumperbot_cpp_examples' with the following arguments: {'ament_cmake_args': None, 'build_base': '/home/minhnguyen/bumperbot_ws/build/bumperbot_cpp_examples', 'catkin_cmake_args': None, 'catkin_skip_building_tests': False, 'cmake_args': None, 'cmake_clean_cache': False, 'cmake_clean_first': False, 'cmake_force_configure': False, 'cmake_target': None, 'cmake_target_skip_unavailable': False, 'install_base': '/home/minhnguyen/bumperbot_ws/install/bumperbot_cpp_examples', 'merge_install': False, 'path': '/home/minhnguyen/bumperbot_ws/src/bumperbot_cpp_examples', 'symlink_install': False, 'test_result_base': None}
[0.611s] Level 5:colcon.colcon_core.verb:set package 'bumperbot_description' build argument 'cmake_args' from command line to 'None'
[0.611s] Level 5:colcon.colcon_core.verb:set package 'bumperbot_description' build argument 'cmake_target' from command line to 'None'
[0.611s] Level 5:colcon.colcon_core.verb:set package 'bumperbot_description' build argument 'cmake_target_skip_unavailable' from command line to 'False'
[0.611s] Level 5:colcon.colcon_core.verb:set package 'bumperbot_description' build argument 'cmake_clean_cache' from command line to 'False'
[0.611s] Level 5:colcon.colcon_core.verb:set package 'bumperbot_description' build argument 'cmake_clean_first' from command line to 'False'
[0.611s] Level 5:colcon.colcon_core.verb:set package 'bumperbot_description' build argument 'cmake_force_configure' from command line to 'False'
[0.611s] Level 5:colcon.colcon_core.verb:set package 'bumperbot_description' build argument 'ament_cmake_args' from command line to 'None'
[0.611s] Level 5:colcon.colcon_core.verb:set package 'bumperbot_description' build argument 'catkin_cmake_args' from command line to 'None'
[0.611s] Level 5:colcon.colcon_core.verb:set package 'bumperbot_description' build argument 'catkin_skip_building_tests' from command line to 'False'
[0.612s] DEBUG:colcon.colcon_core.verb:Building package 'bumperbot_description' with the following arguments: {'ament_cmake_args': None, 'build_base': '/home/minhnguyen/bumperbot_ws/build/bumperbot_description', 'catkin_cmake_args': None, 'catkin_skip_building_tests': False, 'cmake_args': None, 'cmake_clean_cache': False, 'cmake_clean_first': False, 'cmake_force_configure': False, 'cmake_target': None, 'cmake_target_skip_unavailable': False, 'install_base': '/home/minhnguyen/bumperbot_ws/install/bumperbot_description', 'merge_install': False, 'path': '/home/minhnguyen/bumperbot_ws/src/bumperbot_description', 'symlink_install': False, 'test_result_base': None}
[0.612s] Level 5:colcon.colcon_core.verb:set package 'bumperbot_py_examples' build argument 'cmake_args' from command line to 'None'
[0.612s] Level 5:colcon.colcon_core.verb:set package 'bumperbot_py_examples' build argument 'cmake_target' from command line to 'None'
[0.612s] Level 5:colcon.colcon_core.verb:set package 'bumperbot_py_examples' build argument 'cmake_target_skip_unavailable' from command line to 'False'
[0.612s] Level 5:colcon.colcon_core.verb:set package 'bumperbot_py_examples' build argument 'cmake_clean_cache' from command line to 'False'
[0.612s] Level 5:colcon.colcon_core.verb:set package 'bumperbot_py_examples' build argument 'cmake_clean_first' from command line to 'False'
[0.612s] Level 5:colcon.colcon_core.verb:set package 'bumperbot_py_examples' build argument 'cmake_force_configure' from command line to 'False'
[0.612s] Level 5:colcon.colcon_core.verb:set package 'bumperbot_py_examples' build argument 'ament_cmake_args' from command line to 'None'
[0.612s] Level 5:colcon.colcon_core.verb:set package 'bumperbot_py_examples' build argument 'catkin_cmake_args' from command line to 'None'
[0.612s] Level 5:colcon.colcon_core.verb:set package 'bumperbot_py_examples' build argument 'catkin_skip_building_tests' from command line to 'False'
[0.613s] DEBUG:colcon.colcon_core.verb:Building package 'bumperbot_py_examples' with the following arguments: {'ament_cmake_args': None, 'build_base': '/home/minhnguyen/bumperbot_ws/build/bumperbot_py_examples', 'catkin_cmake_args': None, 'catkin_skip_building_tests': False, 'cmake_args': None, 'cmake_clean_cache': False, 'cmake_clean_first': False, 'cmake_force_configure': False, 'cmake_target': None, 'cmake_target_skip_unavailable': False, 'install_base': '/home/minhnguyen/bumperbot_ws/install/bumperbot_py_examples', 'merge_install': False, 'path': '/home/minhnguyen/bumperbot_ws/src/bumperbot_py_examples', 'symlink_install': False, 'test_result_base': None}
[0.613s] INFO:colcon.colcon_core.executor:Executing jobs using 'parallel' executor
[0.615s] DEBUG:colcon.colcon_parallel_executor.executor.parallel:run_until_complete
[0.616s] INFO:colcon.colcon_ros.task.ament_cmake.build:Building ROS package in '/home/minhnguyen/bumperbot_ws/src/bumperbot_controller' with build type 'ament_cmake'
[0.616s] INFO:colcon.colcon_cmake.task.cmake.build:Building CMake package in '/home/minhnguyen/bumperbot_ws/src/bumperbot_controller'
[0.620s] INFO:colcon.colcon_core.plugin_system:Skipping extension 'colcon_core.shell.bat': Not used on non-Windows systems
[0.620s] INFO:colcon.colcon_core.shell:Skip shell extension 'powershell' for command environment: Not usable outside of PowerShell
[0.620s] DEBUG:colcon.colcon_core.shell:Skip shell extension 'dsv' for command environment
[0.626s] INFO:colcon.colcon_ros.task.ament_cmake.build:Building ROS package in '/home/minhnguyen/bumperbot_ws/src/bumperbot_cpp_examples' with build type 'ament_cmake'
[0.626s] INFO:colcon.colcon_cmake.task.cmake.build:Building CMake package in '/home/minhnguyen/bumperbot_ws/src/bumperbot_cpp_examples'
[0.627s] INFO:colcon.colcon_core.shell:Skip shell extension 'powershell' for command environment: Not usable outside of PowerShell
[0.627s] DEBUG:colcon.colcon_core.shell:Skip shell extension 'dsv' for command environment
[0.632s] INFO:colcon.colcon_ros.task.ament_cmake.build:Building ROS package in '/home/minhnguyen/bumperbot_ws/src/bumperbot_description' with build type 'ament_cmake'
[0.632s] INFO:colcon.colcon_cmake.task.cmake.build:Building CMake package in '/home/minhnguyen/bumperbot_ws/src/bumperbot_description'
[0.633s] INFO:colcon.colcon_core.shell:Skip shell extension 'powershell' for command environment: Not usable outside of PowerShell
[0.633s] DEBUG:colcon.colcon_core.shell:Skip shell extension 'dsv' for command environment
[0.638s] INFO:colcon.colcon_ros.task.ament_python.build:Building ROS package in '/home/minhnguyen/bumperbot_ws/src/bumperbot_py_examples' with build type 'ament_python'
[0.638s] Level 1:colcon.colcon_core.shell:create_environment_hook('bumperbot_py_examples', 'ament_prefix_path')
[0.638s] INFO:colcon.colcon_core.shell:Creating environment hook '/home/minhnguyen/bumperbot_ws/install/bumperbot_py_examples/share/bumperbot_py_examples/hook/ament_prefix_path.ps1'
[0.639s] INFO:colcon.colcon_core.shell:Creating environment descriptor '/home/minhnguyen/bumperbot_ws/install/bumperbot_py_examples/share/bumperbot_py_examples/hook/ament_prefix_path.dsv'
[0.640s] INFO:colcon.colcon_core.shell:Creating environment hook '/home/minhnguyen/bumperbot_ws/install/bumperbot_py_examples/share/bumperbot_py_examples/hook/ament_prefix_path.sh'
[0.642s] INFO:colcon.colcon_core.shell:Skip shell extension 'powershell' for command environment: Not usable outside of PowerShell
[0.642s] DEBUG:colcon.colcon_core.shell:Skip shell extension 'dsv' for command environment
[0.657s] DEBUG:colcon.colcon_core.event_handler.log_command:Invoking command in '/home/minhnguyen/bumperbot_ws/build/bumperbot_controller': CMAKE_PREFIX_PATH=/opt/ros/humble /usr/bin/cmake --build /home/minhnguyen/bumperbot_ws/build/bumperbot_controller -- -j8 -l8
[0.660s] DEBUG:colcon.colcon_core.event_handler.log_command:Invoking command in '/home/minhnguyen/bumperbot_ws/build/bumperbot_cpp_examples': CMAKE_PREFIX_PATH=/opt/ros/humble /usr/bin/cmake --build /home/minhnguyen/bumperbot_ws/build/bumperbot_cpp_examples -- -j8 -l8
[0.664s] DEBUG:colcon.colcon_core.event_handler.log_command:Invoking command in '/home/minhnguyen/bumperbot_ws/build/bumperbot_description': CMAKE_PREFIX_PATH=/opt/ros/humble /usr/bin/cmake --build /home/minhnguyen/bumperbot_ws/build/bumperbot_description -- -j8 -l8
[1.210s] INFO:colcon.colcon_core.task.python.build:Building Python package in '/home/minhnguyen/bumperbot_ws/src/bumperbot_py_examples'
[1.210s] INFO:colcon.colcon_core.shell:Skip shell extension 'powershell' for command environment: Not usable outside of PowerShell
[1.210s] DEBUG:colcon.colcon_core.shell:Skip shell extension 'dsv' for command environment
[1.218s] DEBUG:colcon.colcon_core.event_handler.log_command:Invoked command in '/home/minhnguyen/bumperbot_ws/build/bumperbot_controller' returned '0': CMAKE_PREFIX_PATH=/opt/ros/humble /usr/bin/cmake --build /home/minhnguyen/bumperbot_ws/build/bumperbot_controller -- -j8 -l8
[1.219s] DEBUG:colcon.colcon_core.event_handler.log_command:Invoked command in '/home/minhnguyen/bumperbot_ws/build/bumperbot_cpp_examples' returned '0': CMAKE_PREFIX_PATH=/opt/ros/humble /usr/bin/cmake --build /home/minhnguyen/bumperbot_ws/build/bumperbot_cpp_examples -- -j8 -l8
[1.220s] DEBUG:colcon.colcon_core.event_handler.log_command:Invoked command in '/home/minhnguyen/bumperbot_ws/build/bumperbot_description' returned '0': CMAKE_PREFIX_PATH=/opt/ros/humble /usr/bin/cmake --build /home/minhnguyen/bumperbot_ws/build/bumperbot_description -- -j8 -l8
[1.269s] DEBUG:colcon.colcon_core.event_handler.log_command:Invoking command in '/home/minhnguyen/bumperbot_ws/build/bumperbot_controller': CMAKE_PREFIX_PATH=/opt/ros/humble /usr/bin/cmake --install /home/minhnguyen/bumperbot_ws/build/bumperbot_controller
[1.273s] DEBUG:colcon.colcon_core.event_handler.log_command:Invoking command in '/home/minhnguyen/bumperbot_ws/build/bumperbot_cpp_examples': CMAKE_PREFIX_PATH=/opt/ros/humble /usr/bin/cmake --install /home/minhnguyen/bumperbot_ws/build/bumperbot_cpp_examples
[1.278s] DEBUG:colcon.colcon_core.event_handler.log_command:Invoking command in '/home/minhnguyen/bumperbot_ws/build/bumperbot_description': CMAKE_PREFIX_PATH=/opt/ros/humble /usr/bin/cmake --install /home/minhnguyen/bumperbot_ws/build/bumperbot_description
[1.285s] Level 1:colcon.colcon_core.environment:create_environment_scripts_only(bumperbot_controller)
[1.288s] DEBUG:colcon.colcon_core.event_handler.log_command:Invoked command in '/home/minhnguyen/bumperbot_ws/build/bumperbot_controller' returned '0': CMAKE_PREFIX_PATH=/opt/ros/humble /usr/bin/cmake --install /home/minhnguyen/bumperbot_ws/build/bumperbot_controller
[1.303s] Level 1:colcon.colcon_core.environment:checking '/home/minhnguyen/bumperbot_ws/install/bumperbot_controller' for CMake module files
[1.303s] Level 1:colcon.colcon_core.environment:checking '/home/minhnguyen/bumperbot_ws/install/bumperbot_controller' for CMake config files
[1.304s] Level 1:colcon.colcon_core.shell:create_environment_hook('bumperbot_controller', 'cmake_prefix_path')
[1.304s] INFO:colcon.colcon_core.shell:Creating environment hook '/home/minhnguyen/bumperbot_ws/install/bumperbot_controller/share/bumperbot_controller/hook/cmake_prefix_path.ps1'
[1.305s] INFO:colcon.colcon_core.shell:Creating environment descriptor '/home/minhnguyen/bumperbot_ws/install/bumperbot_controller/share/bumperbot_controller/hook/cmake_prefix_path.dsv'
[1.305s] INFO:colcon.colcon_core.shell:Creating environment hook '/home/minhnguyen/bumperbot_ws/install/bumperbot_controller/share/bumperbot_controller/hook/cmake_prefix_path.sh'
[1.306s] Level 1:colcon.colcon_core.environment:checking '/home/minhnguyen/bumperbot_ws/install/bumperbot_controller/bin'
[1.307s] Level 1:colcon.colcon_core.environment:checking '/home/minhnguyen/bumperbot_ws/install/bumperbot_controller/lib/pkgconfig/bumperbot_controller.pc'
[1.307s] Level 1:colcon.colcon_core.environment:checking '/home/minhnguyen/bumperbot_ws/install/bumperbot_controller/lib/python3.10/site-packages'
[1.307s] Level 1:colcon.colcon_core.environment:checking '/home/minhnguyen/bumperbot_ws/install/bumperbot_controller/bin'
[1.308s] INFO:colcon.colcon_core.shell:Creating package script '/home/minhnguyen/bumperbot_ws/install/bumperbot_controller/share/bumperbot_controller/package.ps1'
[1.310s] INFO:colcon.colcon_core.shell:Creating package descriptor '/home/minhnguyen/bumperbot_ws/install/bumperbot_controller/share/bumperbot_controller/package.dsv'
[1.311s] INFO:colcon.colcon_core.shell:Creating package script '/home/minhnguyen/bumperbot_ws/install/bumperbot_controller/share/bumperbot_controller/package.sh'
[1.312s] INFO:colcon.colcon_core.shell:Creating package script '/home/minhnguyen/bumperbot_ws/install/bumperbot_controller/share/bumperbot_controller/package.bash'
[1.314s] INFO:colcon.colcon_core.shell:Creating package script '/home/minhnguyen/bumperbot_ws/install/bumperbot_controller/share/bumperbot_controller/package.zsh'
[1.315s] Level 1:colcon.colcon_core.environment:create_file_with_runtime_dependencies(/home/minhnguyen/bumperbot_ws/install/bumperbot_controller/share/colcon-core/packages/bumperbot_controller)
[1.318s] Level 1:colcon.colcon_core.environment:create_environment_scripts_only(bumperbot_cpp_examples)
[1.318s] Level 1:colcon.colcon_core.environment:checking '/home/minhnguyen/bumperbot_ws/install/bumperbot_cpp_examples' for CMake module files
[1.319s] DEBUG:colcon.colcon_core.event_handler.log_command:Invoked command in '/home/minhnguyen/bumperbot_ws/build/bumperbot_cpp_examples' returned '0': CMAKE_PREFIX_PATH=/opt/ros/humble /usr/bin/cmake --install /home/minhnguyen/bumperbot_ws/build/bumperbot_cpp_examples
[1.320s] Level 1:colcon.colcon_core.environment:checking '/home/minhnguyen/bumperbot_ws/install/bumperbot_cpp_examples' for CMake config files
[1.320s] Level 1:colcon.colcon_core.shell:create_environment_hook('bumperbot_cpp_examples', 'cmake_prefix_path')
[1.320s] INFO:colcon.colcon_core.shell:Creating environment hook '/home/minhnguyen/bumperbot_ws/install/bumperbot_cpp_examples/share/bumperbot_cpp_examples/hook/cmake_prefix_path.ps1'
[1.321s] INFO:colcon.colcon_core.shell:Creating environment descriptor '/home/minhnguyen/bumperbot_ws/install/bumperbot_cpp_examples/share/bumperbot_cpp_examples/hook/cmake_prefix_path.dsv'
[1.322s] INFO:colcon.colcon_core.shell:Creating environment hook '/home/minhnguyen/bumperbot_ws/install/bumperbot_cpp_examples/share/bumperbot_cpp_examples/hook/cmake_prefix_path.sh'
[1.323s] Level 1:colcon.colcon_core.environment:checking '/home/minhnguyen/bumperbot_ws/install/bumperbot_cpp_examples/bin'
[1.323s] Level 1:colcon.colcon_core.environment:checking '/home/minhnguyen/bumperbot_ws/install/bumperbot_cpp_examples/lib/pkgconfig/bumperbot_cpp_examples.pc'
[1.323s] Level 1:colcon.colcon_core.environment:checking '/home/minhnguyen/bumperbot_ws/install/bumperbot_cpp_examples/lib/python3.10/site-packages'
[1.324s] Level 1:colcon.colcon_core.environment:checking '/home/minhnguyen/bumperbot_ws/install/bumperbot_cpp_examples/bin'
[1.324s] INFO:colcon.colcon_core.shell:Creating package script '/home/minhnguyen/bumperbot_ws/install/bumperbot_cpp_examples/share/bumperbot_cpp_examples/package.ps1'
[1.325s] INFO:colcon.colcon_core.shell:Creating package descriptor '/home/minhnguyen/bumperbot_ws/install/bumperbot_cpp_examples/share/bumperbot_cpp_examples/package.dsv'
[1.326s] INFO:colcon.colcon_core.shell:Creating package script '/home/minhnguyen/bumperbot_ws/install/bumperbot_cpp_examples/share/bumperbot_cpp_examples/package.sh'
[1.326s] INFO:colcon.colcon_core.shell:Creating package script '/home/minhnguyen/bumperbot_ws/install/bumperbot_cpp_examples/share/bumperbot_cpp_examples/package.bash'
[1.327s] INFO:colcon.colcon_core.shell:Creating package script '/home/minhnguyen/bumperbot_ws/install/bumperbot_cpp_examples/share/bumperbot_cpp_examples/package.zsh'
[1.327s] Level 1:colcon.colcon_core.environment:create_file_with_runtime_dependencies(/home/minhnguyen/bumperbot_ws/install/bumperbot_cpp_examples/share/colcon-core/packages/bumperbot_cpp_examples)
[1.329s] Level 1:colcon.colcon_core.environment:create_environment_scripts_only(bumperbot_description)
[1.330s] Level 1:colcon.colcon_core.environment:checking '/home/minhnguyen/bumperbot_ws/install/bumperbot_description' for CMake module files
[1.331s] DEBUG:colcon.colcon_core.event_handler.log_command:Invoked command in '/home/minhnguyen/bumperbot_ws/build/bumperbot_description' returned '0': CMAKE_PREFIX_PATH=/opt/ros/humble /usr/bin/cmake --install /home/minhnguyen/bumperbot_ws/build/bumperbot_description
[1.331s] Level 1:colcon.colcon_core.environment:checking '/home/minhnguyen/bumperbot_ws/install/bumperbot_description' for CMake config files
[1.332s] Level 1:colcon.colcon_core.shell:create_environment_hook('bumperbot_description', 'cmake_prefix_path')
[1.332s] INFO:colcon.colcon_core.shell:Creating environment hook '/home/minhnguyen/bumperbot_ws/install/bumperbot_description/share/bumperbot_description/hook/cmake_prefix_path.ps1'
[1.333s] INFO:colcon.colcon_core.shell:Creating environment descriptor '/home/minhnguyen/bumperbot_ws/install/bumperbot_description/share/bumperbot_description/hook/cmake_prefix_path.dsv'
[1.334s] INFO:colcon.colcon_core.shell:Creating environment hook '/home/minhnguyen/bumperbot_ws/install/bumperbot_description/share/bumperbot_description/hook/cmake_prefix_path.sh'
[1.335s] Level 1:colcon.colcon_core.environment:checking '/home/minhnguyen/bumperbot_ws/install/bumperbot_description/bin'
[1.335s] Level 1:colcon.colcon_core.environment:checking '/home/minhnguyen/bumperbot_ws/install/bumperbot_description/lib/pkgconfig/bumperbot_description.pc'
[1.335s] Level 1:colcon.colcon_core.environment:checking '/home/minhnguyen/bumperbot_ws/install/bumperbot_description/lib/python3.10/site-packages'
[1.335s] Level 1:colcon.colcon_core.environment:checking '/home/minhnguyen/bumperbot_ws/install/bumperbot_description/bin'
[1.336s] INFO:colcon.colcon_core.shell:Creating package script '/home/minhnguyen/bumperbot_ws/install/bumperbot_description/share/bumperbot_description/package.ps1'
[1.337s] INFO:colcon.colcon_core.shell:Creating package descriptor '/home/minhnguyen/bumperbot_ws/install/bumperbot_description/share/bumperbot_description/package.dsv'
[1.337s] INFO:colcon.colcon_core.shell:Creating package script '/home/minhnguyen/bumperbot_ws/install/bumperbot_description/share/bumperbot_description/package.sh'
[1.338s] INFO:colcon.colcon_core.shell:Creating package script '/home/minhnguyen/bumperbot_ws/install/bumperbot_description/share/bumperbot_description/package.bash'
[1.339s] INFO:colcon.colcon_core.shell:Creating package script '/home/minhnguyen/bumperbot_ws/install/bumperbot_description/share/bumperbot_description/package.zsh'
[1.339s] Level 1:colcon.colcon_core.environment:create_file_with_runtime_dependencies(/home/minhnguyen/bumperbot_ws/install/bumperbot_description/share/colcon-core/packages/bumperbot_description)
[1.354s] Level 1:colcon.colcon_core.environment:create_environment_scripts_only(bumperbot_controller)
[1.354s] Level 1:colcon.colcon_core.environment:checking '/home/minhnguyen/bumperbot_ws/install/bumperbot_controller' for CMake module files
[1.355s] Level 1:colcon.colcon_core.environment:checking '/home/minhnguyen/bumperbot_ws/install/bumperbot_controller' for CMake config files
[1.355s] Level 1:colcon.colcon_core.shell:create_environment_hook('bumperbot_controller', 'cmake_prefix_path')
[1.356s] INFO:colcon.colcon_core.shell:Creating environment hook '/home/minhnguyen/bumperbot_ws/install/bumperbot_controller/share/bumperbot_controller/hook/cmake_prefix_path.ps1'
[1.357s] INFO:colcon.colcon_core.shell:Creating environment descriptor '/home/minhnguyen/bumperbot_ws/install/bumperbot_controller/share/bumperbot_controller/hook/cmake_prefix_path.dsv'
[1.357s] INFO:colcon.colcon_core.shell:Creating environment hook '/home/minhnguyen/bumperbot_ws/install/bumperbot_controller/share/bumperbot_controller/hook/cmake_prefix_path.sh'
[1.358s] Level 1:colcon.colcon_core.environment:checking '/home/minhnguyen/bumperbot_ws/install/bumperbot_controller/bin'
[1.358s] Level 1:colcon.colcon_core.environment:checking '/home/minhnguyen/bumperbot_ws/install/bumperbot_controller/lib/pkgconfig/bumperbot_controller.pc'
[1.359s] Level 1:colcon.colcon_core.environment:checking '/home/minhnguyen/bumperbot_ws/install/bumperbot_controller/lib/python3.10/site-packages'
[1.359s] Level 1:colcon.colcon_core.environment:checking '/home/minhnguyen/bumperbot_ws/install/bumperbot_controller/bin'
[1.360s] INFO:colcon.colcon_core.shell:Creating package script '/home/minhnguyen/bumperbot_ws/install/bumperbot_controller/share/bumperbot_controller/package.ps1'
[1.360s] INFO:colcon.colcon_core.shell:Creating package descriptor '/home/minhnguyen/bumperbot_ws/install/bumperbot_controller/share/bumperbot_controller/package.dsv'
[1.361s] INFO:colcon.colcon_core.shell:Creating package script '/home/minhnguyen/bumperbot_ws/install/bumperbot_controller/share/bumperbot_controller/package.sh'
[1.362s] INFO:colcon.colcon_core.shell:Creating package script '/home/minhnguyen/bumperbot_ws/install/bumperbot_controller/share/bumperbot_controller/package.bash'
[1.363s] INFO:colcon.colcon_core.shell:Creating package script '/home/minhnguyen/bumperbot_ws/install/bumperbot_controller/share/bumperbot_controller/package.zsh'
[1.363s] Level 1:colcon.colcon_core.environment:create_file_with_runtime_dependencies(/home/minhnguyen/bumperbot_ws/install/bumperbot_controller/share/colcon-core/packages/bumperbot_controller)
[1.369s] Level 1:colcon.colcon_core.environment:create_environment_scripts_only(bumperbot_cpp_examples)
[1.369s] Level 1:colcon.colcon_core.environment:checking '/home/minhnguyen/bumperbot_ws/install/bumperbot_cpp_examples' for CMake module files
[1.370s] Level 1:colcon.colcon_core.environment:checking '/home/minhnguyen/bumperbot_ws/install/bumperbot_cpp_examples' for CMake config files
[1.371s] Level 1:colcon.colcon_core.shell:create_environment_hook('bumperbot_cpp_examples', 'cmake_prefix_path')
[1.371s] INFO:colcon.colcon_core.shell:Creating environment hook '/home/minhnguyen/bumperbot_ws/install/bumperbot_cpp_examples/share/bumperbot_cpp_examples/hook/cmake_prefix_path.ps1'
[1.372s] INFO:colcon.colcon_core.shell:Creating environment descriptor '/home/minhnguyen/bumperbot_ws/install/bumperbot_cpp_examples/share/bumperbot_cpp_examples/hook/cmake_prefix_path.dsv'
[1.372s] INFO:colcon.colcon_core.shell:Creating environment hook '/home/minhnguyen/bumperbot_ws/install/bumperbot_cpp_examples/share/bumperbot_cpp_examples/hook/cmake_prefix_path.sh'
[1.373s] Level 1:colcon.colcon_core.environment:checking '/home/minhnguyen/bumperbot_ws/install/bumperbot_cpp_examples/bin'
[1.373s] Level 1:colcon.colcon_core.environment:checking '/home/minhnguyen/bumperbot_ws/install/bumperbot_cpp_examples/lib/pkgconfig/bumperbot_cpp_examples.pc'
[1.373s] Level 1:colcon.colcon_core.environment:checking '/home/minhnguyen/bumperbot_ws/install/bumperbot_cpp_examples/lib/python3.10/site-packages'
[1.374s] Level 1:colcon.colcon_core.environment:checking '/home/minhnguyen/bumperbot_ws/install/bumperbot_cpp_examples/bin'
[1.374s] INFO:colcon.colcon_core.shell:Creating package script '/home/minhnguyen/bumperbot_ws/install/bumperbot_cpp_examples/share/bumperbot_cpp_examples/package.ps1'
[1.375s] INFO:colcon.colcon_core.shell:Creating package descriptor '/home/minhnguyen/bumperbot_ws/install/bumperbot_cpp_examples/share/bumperbot_cpp_examples/package.dsv'
[1.376s] INFO:colcon.colcon_core.shell:Creating package script '/home/minhnguyen/bumperbot_ws/install/bumperbot_cpp_examples/share/bumperbot_cpp_examples/package.sh'
[1.377s] INFO:colcon.colcon_core.shell:Creating package script '/home/minhnguyen/bumperbot_ws/install/bumperbot_cpp_examples/share/bumperbot_cpp_examples/package.bash'
[1.377s] INFO:colcon.colcon_core.shell:Creating package script '/home/minhnguyen/bumperbot_ws/install/bumperbot_cpp_examples/share/bumperbot_cpp_examples/package.zsh'
[1.378s] Level 1:colcon.colcon_core.environment:create_file_with_runtime_dependencies(/home/minhnguyen/bumperbot_ws/install/bumperbot_cpp_examples/share/colcon-core/packages/bumperbot_cpp_examples)
[1.381s] Level 1:colcon.colcon_core.environment:create_environment_scripts_only(bumperbot_description)
[1.381s] Level 1:colcon.colcon_core.environment:checking '/home/minhnguyen/bumperbot_ws/install/bumperbot_description' for CMake module files
[1.382s] Level 1:colcon.colcon_core.environment:checking '/home/minhnguyen/bumperbot_ws/install/bumperbot_description' for CMake config files
[1.383s] Level 1:colcon.colcon_core.shell:create_environment_hook('bumperbot_description', 'cmake_prefix_path')
[1.384s] INFO:colcon.colcon_core.shell:Creating environment hook '/home/minhnguyen/bumperbot_ws/install/bumperbot_description/share/bumperbot_description/hook/cmake_prefix_path.ps1'
[1.385s] INFO:colcon.colcon_core.shell:Creating environment descriptor '/home/minhnguyen/bumperbot_ws/install/bumperbot_description/share/bumperbot_description/hook/cmake_prefix_path.dsv'
[1.385s] INFO:colcon.colcon_core.shell:Creating environment hook '/home/minhnguyen/bumperbot_ws/install/bumperbot_description/share/bumperbot_description/hook/cmake_prefix_path.sh'
[1.386s] Level 1:colcon.colcon_core.environment:checking '/home/minhnguyen/bumperbot_ws/install/bumperbot_description/bin'
[1.386s] Level 1:colcon.colcon_core.environment:checking '/home/minhnguyen/bumperbot_ws/install/bumperbot_description/lib/pkgconfig/bumperbot_description.pc'
[1.387s] Level 1:colcon.colcon_core.environment:checking '/home/minhnguyen/bumperbot_ws/install/bumperbot_description/lib/python3.10/site-packages'
[1.387s] Level 1:colcon.colcon_core.environment:checking '/home/minhnguyen/bumperbot_ws/install/bumperbot_description/bin'
[1.388s] INFO:colcon.colcon_core.shell:Creating package script '/home/minhnguyen/bumperbot_ws/install/bumperbot_description/share/bumperbot_description/package.ps1'
[1.388s] INFO:colcon.colcon_core.shell:Creating package descriptor '/home/minhnguyen/bumperbot_ws/install/bumperbot_description/share/bumperbot_description/package.dsv'
[1.389s] INFO:colcon.colcon_core.shell:Creating package script '/home/minhnguyen/bumperbot_ws/install/bumperbot_description/share/bumperbot_description/package.sh'
[1.390s] INFO:colcon.colcon_core.shell:Creating package script '/home/minhnguyen/bumperbot_ws/install/bumperbot_description/share/bumperbot_description/package.bash'
[1.390s] INFO:colcon.colcon_core.shell:Creating package script '/home/minhnguyen/bumperbot_ws/install/bumperbot_description/share/bumperbot_description/package.zsh'
[1.391s] Level 1:colcon.colcon_core.environment:create_file_with_runtime_dependencies(/home/minhnguyen/bumperbot_ws/install/bumperbot_description/share/colcon-core/packages/bumperbot_description)
[1.883s] DEBUG:colcon.colcon_core.event_handler.log_command:Invoking command in '/home/minhnguyen/bumperbot_ws/src/bumperbot_py_examples': PYTHONPATH=/home/minhnguyen/bumperbot_ws/build/bumperbot_py_examples/prefix_override:/usr/lib/python3/dist-packages/colcon_core/task/python/colcon_distutils_commands:/home/minhnguyen/bumperbot_ws/install/bumperbot_py_examples/lib/python3.10/site-packages:${PYTHONPATH} /usr/bin/python3 -W ignore:setup.py install is deprecated setup.py egg_info --egg-base ../../build/bumperbot_py_examples build --build-base /home/minhnguyen/bumperbot_ws/build/bumperbot_py_examples/build install --record /home/minhnguyen/bumperbot_ws/build/bumperbot_py_examples/install.log --single-version-externally-managed install_data
[2.345s] Level 1:colcon.colcon_core.environment:checking '/home/minhnguyen/bumperbot_ws/install/bumperbot_py_examples' for CMake module files
[2.345s] DEBUG:colcon.colcon_core.event_handler.log_command:Invoked command in '/home/minhnguyen/bumperbot_ws/src/bumperbot_py_examples' returned '0': PYTHONPATH=/home/minhnguyen/bumperbot_ws/build/bumperbot_py_examples/prefix_override:/usr/lib/python3/dist-packages/colcon_core/task/python/colcon_distutils_commands:/home/minhnguyen/bumperbot_ws/install/bumperbot_py_examples/lib/python3.10/site-packages:${PYTHONPATH} /usr/bin/python3 -W ignore:setup.py install is deprecated setup.py egg_info --egg-base ../../build/bumperbot_py_examples build --build-base /home/minhnguyen/bumperbot_ws/build/bumperbot_py_examples/build install --record /home/minhnguyen/bumperbot_ws/build/bumperbot_py_examples/install.log --single-version-externally-managed install_data
[2.346s] Level 1:colcon.colcon_core.environment:checking '/home/minhnguyen/bumperbot_ws/install/bumperbot_py_examples' for CMake config files
[2.347s] Level 1:colcon.colcon_core.environment:checking '/home/minhnguyen/bumperbot_ws/install/bumperbot_py_examples/lib'
[2.347s] Level 1:colcon.colcon_core.environment:checking '/home/minhnguyen/bumperbot_ws/install/bumperbot_py_examples/bin'
[2.347s] Level 1:colcon.colcon_core.environment:checking '/home/minhnguyen/bumperbot_ws/install/bumperbot_py_examples/lib/pkgconfig/bumperbot_py_examples.pc'
[2.348s] Level 1:colcon.colcon_core.environment:checking '/home/minhnguyen/bumperbot_ws/install/bumperbot_py_examples/lib/python3.10/site-packages'
[2.348s] Level 1:colcon.colcon_core.shell:create_environment_hook('bumperbot_py_examples', 'pythonpath')
[2.348s] INFO:colcon.colcon_core.shell:Creating environment hook '/home/minhnguyen/bumperbot_ws/install/bumperbot_py_examples/share/bumperbot_py_examples/hook/pythonpath.ps1'
[2.349s] INFO:colcon.colcon_core.shell:Creating environment descriptor '/home/minhnguyen/bumperbot_ws/install/bumperbot_py_examples/share/bumperbot_py_examples/hook/pythonpath.dsv'
[2.349s] INFO:colcon.colcon_core.shell:Creating environment hook '/home/minhnguyen/bumperbot_ws/install/bumperbot_py_examples/share/bumperbot_py_examples/hook/pythonpath.sh'
[2.350s] Level 1:colcon.colcon_core.environment:checking '/home/minhnguyen/bumperbot_ws/install/bumperbot_py_examples/bin'
[2.350s] Level 1:colcon.colcon_core.environment:create_environment_scripts_only(bumperbot_py_examples)
[2.351s] INFO:colcon.colcon_core.shell:Creating package script '/home/minhnguyen/bumperbot_ws/install/bumperbot_py_examples/share/bumperbot_py_examples/package.ps1'
[2.351s] INFO:colcon.colcon_core.shell:Creating package descriptor '/home/minhnguyen/bumperbot_ws/install/bumperbot_py_examples/share/bumperbot_py_examples/package.dsv'
[2.352s] INFO:colcon.colcon_core.shell:Creating package script '/home/minhnguyen/bumperbot_ws/install/bumperbot_py_examples/share/bumperbot_py_examples/package.sh'
[2.353s] INFO:colcon.colcon_core.shell:Creating package script '/home/minhnguyen/bumperbot_ws/install/bumperbot_py_examples/share/bumperbot_py_examples/package.bash'
[2.353s] INFO:colcon.colcon_core.shell:Creating package script '/home/minhnguyen/bumperbot_ws/install/bumperbot_py_examples/share/bumperbot_py_examples/package.zsh'
[2.353s] Level 1:colcon.colcon_core.environment:create_file_with_runtime_dependencies(/home/minhnguyen/bumperbot_ws/install/bumperbot_py_examples/share/colcon-core/packages/bumperbot_py_examples)
[2.354s] DEBUG:colcon.colcon_parallel_executor.executor.parallel:closing loop
[2.355s] DEBUG:colcon.colcon_parallel_executor.executor.parallel:loop closed
[2.355s] DEBUG:colcon.colcon_parallel_executor.executor.parallel:run_until_complete finished with '0'
[2.355s] DEBUG:colcon.colcon_core.event_reactor:joining thread
[2.362s] INFO:colcon.colcon_core.plugin_system:Skipping extension 'colcon_notification.desktop_notification.terminal_notifier': Not used on non-Darwin systems
[2.363s] INFO:colcon.colcon_core.plugin_system:Skipping extension 'colcon_notification.desktop_notification.win32': Not used on non-Windows systems
[2.363s] INFO:colcon.colcon_notification.desktop_notification:Sending desktop notification using 'notify2'
[2.378s] DEBUG:colcon.colcon_core.event_reactor:joined thread
[2.379s] INFO:colcon.colcon_core.shell:Creating prefix script '/home/minhnguyen/bumperbot_ws/install/local_setup.ps1'
[2.381s] INFO:colcon.colcon_core.shell:Creating prefix util module '/home/minhnguyen/bumperbot_ws/install/_local_setup_util_ps1.py'
[2.383s] INFO:colcon.colcon_core.shell:Creating prefix chain script '/home/minhnguyen/bumperbot_ws/install/setup.ps1'
[2.385s] INFO:colcon.colcon_core.shell:Creating prefix script '/home/minhnguyen/bumperbot_ws/install/local_setup.sh'
[2.386s] INFO:colcon.colcon_core.shell:Creating prefix util module '/home/minhnguyen/bumperbot_ws/install/_local_setup_util_sh.py'
[2.387s] INFO:colcon.colcon_core.shell:Creating prefix chain script '/home/minhnguyen/bumperbot_ws/install/setup.sh'
[2.389s] INFO:colcon.colcon_core.shell:Creating prefix script '/home/minhnguyen/bumperbot_ws/install/local_setup.bash'
[2.390s] INFO:colcon.colcon_core.shell:Creating prefix chain script '/home/minhnguyen/bumperbot_ws/install/setup.bash'
[2.392s] INFO:colcon.colcon_core.shell:Creating prefix script '/home/minhnguyen/bumperbot_ws/install/local_setup.zsh'
[2.394s] INFO:colcon.colcon_core.shell:Creating prefix chain script '/home/minhnguyen/bumperbot_ws/install/setup.zsh'
