[0.044s] Invoking command in '/home/minhnguyen/bumperbot_ws/src/build/bumperbot_description': CMAKE_PREFIX_PATH=/opt/ros/humble /usr/bin/cmake /home/minhnguyen/bumperbot_ws/src/bumperbot_description -DCMAKE_INSTALL_PREFIX=/home/minhnguyen/bumperbot_ws/src/install/bumperbot_description
[0.355s] -- The C compiler identification is GNU 11.4.0
[0.594s] -- The CXX compiler identification is GNU 11.4.0
[0.612s] -- Detecting C compiler ABI info
[0.758s] -- Detecting C compiler ABI info - done
[0.776s] -- Check for working C compiler: /usr/bin/cc - skipped
[0.777s] -- Detecting C compile features
[0.778s] -- Detecting C compile features - done
[0.785s] -- Detecting CXX compiler ABI info
[0.962s] -- Detecting CXX compiler ABI info - done
[0.980s] -- Check for working CXX compiler: /usr/bin/c++ - skipped
[0.980s] -- Detecting CXX compile features
[0.981s] -- Detecting CXX compile features - done
[0.985s] -- Found ament_cmake: 1.3.9 (/opt/ros/humble/share/ament_cmake/cmake)
[1.318s] -- Found Python3: /usr/bin/python3 (found version "3.10.12") found components: Interpreter 
[1.591s] -- Found ament_lint_auto: 0.12.11 (/opt/ros/humble/share/ament_lint_auto/cmake)
[1.795s] -- Added test 'flake8' to check Python code syntax and style conventions
[1.796s] -- Added test 'lint_cmake' to check CMake code style
[1.797s] -- Added test 'pep257' to check Python code against some of the docstring style conventions in PEP 257
[1.803s] -- Added test 'xmllint' to check XML markup files
[1.805s] -- Configuring done
[1.813s] -- Generating done
[1.815s] -- Build files have been written to: /home/minhnguyen/bumperbot_ws/src/build/bumperbot_description
[1.830s] Invoked command in '/home/minhnguyen/bumperbot_ws/src/build/bumperbot_description' returned '0': CMAKE_PREFIX_PATH=/opt/ros/humble /usr/bin/cmake /home/minhnguyen/bumperbot_ws/src/bumperbot_description -DCMAKE_INSTALL_PREFIX=/home/minhnguyen/bumperbot_ws/src/install/bumperbot_description
[1.834s] Invoking command in '/home/minhnguyen/bumperbot_ws/src/build/bumperbot_description': CMAKE_PREFIX_PATH=/opt/ros/humble /usr/bin/cmake --build /home/minhnguyen/bumperbot_ws/src/build/bumperbot_description -- -j8 -l8
[1.916s] Invoked command in '/home/minhnguyen/bumperbot_ws/src/build/bumperbot_description' returned '0': CMAKE_PREFIX_PATH=/opt/ros/humble /usr/bin/cmake --build /home/minhnguyen/bumperbot_ws/src/build/bumperbot_description -- -j8 -l8
[1.985s] Invoking command in '/home/minhnguyen/bumperbot_ws/src/build/bumperbot_description': CMAKE_PREFIX_PATH=/opt/ros/humble /usr/bin/cmake --install /home/minhnguyen/bumperbot_ws/src/build/bumperbot_description
[1.999s] -- Install configuration: ""
[2.000s] -- Installing: /home/minhnguyen/bumperbot_ws/src/install/bumperbot_description/share/bumperbot_description/meshes
[2.000s] -- Installing: /home/minhnguyen/bumperbot_ws/src/install/bumperbot_description/share/bumperbot_description/meshes/wheel_right_link.STL
[2.010s] -- Installing: /home/minhnguyen/bumperbot_ws/src/install/bumperbot_description/share/bumperbot_description/meshes/wheel_left_link.STL
[2.011s] -- Installing: /home/minhnguyen/bumperbot_ws/src/install/bumperbot_description/share/bumperbot_description/meshes/imu_link.STL
[2.013s] -- Installing: /home/minhnguyen/bumperbot_ws/src/install/bumperbot_description/share/bumperbot_description/meshes/caster_front_link.STL
[2.015s] -- Installing: /home/minhnguyen/bumperbot_ws/src/install/bumperbot_description/share/bumperbot_description/meshes/base_link.STL
[2.066s] -- Installing: /home/minhnguyen/bumperbot_ws/src/install/bumperbot_description/share/bumperbot_description/meshes/caster_rear_link.STL
[2.068s] -- Installing: /home/minhnguyen/bumperbot_ws/src/install/bumperbot_description/share/bumperbot_description/urdf
[2.068s] -- Installing: /home/minhnguyen/bumperbot_ws/src/install/bumperbot_description/share/bumperbot_description/urdf/bumperbot_gazebo.xacro
[2.069s] -- Installing: /home/minhnguyen/bumperbot_ws/src/install/bumperbot_description/share/bumperbot_description/urdf/bumperbot.urdf.xacro
[2.069s] -- Installing: /home/minhnguyen/bumperbot_ws/src/install/bumperbot_description/share/bumperbot_description/launch
[2.070s] -- Installing: /home/minhnguyen/bumperbot_ws/src/install/bumperbot_description/share/bumperbot_description/launch/gazebo.launch.py
[2.070s] -- Installing: /home/minhnguyen/bumperbot_ws/src/install/bumperbot_description/share/bumperbot_description/launch/display.launch.py
[2.071s] -- Installing: /home/minhnguyen/bumperbot_ws/src/install/bumperbot_description/share/bumperbot_description/models
[2.071s] -- Installing: /home/minhnguyen/bumperbot_ws/src/install/bumperbot_description/share/bumperbot_description/models/sun
[2.071s] -- Installing: /home/minhnguyen/bumperbot_ws/src/install/bumperbot_description/share/bumperbot_description/models/sun/model-1_3.sdf
[2.072s] -- Installing: /home/minhnguyen/bumperbot_ws/src/install/bumperbot_description/share/bumperbot_description/models/sun/model-1_4.sdf
[2.072s] -- Installing: /home/minhnguyen/bumperbot_ws/src/install/bumperbot_description/share/bumperbot_description/models/sun/model-1_2.sdf
[2.072s] -- Installing: /home/minhnguyen/bumperbot_ws/src/install/bumperbot_description/share/bumperbot_description/models/sun/model.sdf
[2.073s] -- Installing: /home/minhnguyen/bumperbot_ws/src/install/bumperbot_description/share/bumperbot_description/models/sun/model.config
[2.073s] -- Installing: /home/minhnguyen/bumperbot_ws/src/install/bumperbot_description/share/bumperbot_description/models/ground_plane
[2.073s] -- Installing: /home/minhnguyen/bumperbot_ws/src/install/bumperbot_description/share/bumperbot_description/models/ground_plane/model-1_3.sdf
[2.073s] -- Installing: /home/minhnguyen/bumperbot_ws/src/install/bumperbot_description/share/bumperbot_description/models/ground_plane/model-1_4.sdf
[2.074s] -- Installing: /home/minhnguyen/bumperbot_ws/src/install/bumperbot_description/share/bumperbot_description/models/ground_plane/model-1_2.sdf
[2.074s] -- Installing: /home/minhnguyen/bumperbot_ws/src/install/bumperbot_description/share/bumperbot_description/models/ground_plane/model.sdf
[2.074s] -- Installing: /home/minhnguyen/bumperbot_ws/src/install/bumperbot_description/share/bumperbot_description/models/ground_plane/model.config
[2.075s] -- Installing: /home/minhnguyen/bumperbot_ws/src/install/bumperbot_description/share/bumperbot_description/rviz
[2.075s] -- Installing: /home/minhnguyen/bumperbot_ws/src/install/bumperbot_description/share/bumperbot_description/rviz/display.rviz
[2.076s] -- Installing: /home/minhnguyen/bumperbot_ws/src/install/bumperbot_description/share/ament_index/resource_index/package_run_dependencies/bumperbot_description
[2.077s] -- Installing: /home/minhnguyen/bumperbot_ws/src/install/bumperbot_description/share/ament_index/resource_index/parent_prefix_path/bumperbot_description
[2.077s] -- Installing: /home/minhnguyen/bumperbot_ws/src/install/bumperbot_description/share/bumperbot_description/environment/ament_prefix_path.sh
[2.078s] -- Installing: /home/minhnguyen/bumperbot_ws/src/install/bumperbot_description/share/bumperbot_description/environment/ament_prefix_path.dsv
[2.079s] -- Installing: /home/minhnguyen/bumperbot_ws/src/install/bumperbot_description/share/bumperbot_description/environment/path.sh
[2.079s] -- Installing: /home/minhnguyen/bumperbot_ws/src/install/bumperbot_description/share/bumperbot_description/environment/path.dsv
[2.079s] -- Installing: /home/minhnguyen/bumperbot_ws/src/install/bumperbot_description/share/bumperbot_description/local_setup.bash
[2.080s] -- Installing: /home/minhnguyen/bumperbot_ws/src/install/bumperbot_description/share/bumperbot_description/local_setup.sh
[2.080s] -- Installing: /home/minhnguyen/bumperbot_ws/src/install/bumperbot_description/share/bumperbot_description/local_setup.zsh
[2.080s] -- Installing: /home/minhnguyen/bumperbot_ws/src/install/bumperbot_description/share/bumperbot_description/local_setup.dsv
[2.081s] -- Installing: /home/minhnguyen/bumperbot_ws/src/install/bumperbot_description/share/bumperbot_description/package.dsv
[2.081s] -- Installing: /home/minhnguyen/bumperbot_ws/src/install/bumperbot_description/share/ament_index/resource_index/packages/bumperbot_description
[2.082s] -- Installing: /home/minhnguyen/bumperbot_ws/src/install/bumperbot_description/share/bumperbot_description/cmake/bumperbot_descriptionConfig.cmake
[2.082s] -- Installing: /home/minhnguyen/bumperbot_ws/src/install/bumperbot_description/share/bumperbot_description/cmake/bumperbot_descriptionConfig-version.cmake
[2.082s] -- Installing: /home/minhnguyen/bumperbot_ws/src/install/bumperbot_description/share/bumperbot_description/package.xml
[2.087s] Invoked command in '/home/minhnguyen/bumperbot_ws/src/build/bumperbot_description' returned '0': CMAKE_PREFIX_PATH=/opt/ros/humble /usr/bin/cmake --install /home/minhnguyen/bumperbot_ws/src/build/bumperbot_description
