[1.921s] Invoking command in '/home/minhnguyen/bumperbot_ws/src/bumperbot_py_examples': PYTHONPATH=/home/minhnguyen/bumperbot_ws/src/build/bumperbot_py_examples/prefix_override:/usr/lib/python3/dist-packages/colcon_core/task/python/colcon_distutils_commands:/home/minhnguyen/bumperbot_ws/src/install/bumperbot_py_examples/lib/python3.10/site-packages:${PYTHONPATH} /usr/bin/python3 -W ignore:setup.py install is deprecated setup.py egg_info --egg-base ../build/bumperbot_py_examples build --build-base /home/minhnguyen/bumperbot_ws/src/build/bumperbot_py_examples/build install --record /home/minhnguyen/bumperbot_ws/src/build/bumperbot_py_examples/install.log --single-version-externally-managed install_data
[2.382s] running egg_info
[2.383s] creating ../build/bumperbot_py_examples/bumperbot_py_examples.egg-info
[2.383s] writing ../build/bumperbot_py_examples/bumperbot_py_examples.egg-info/PKG-INFO
[2.384s] writing dependency_links to ../build/bumperbot_py_examples/bumperbot_py_examples.egg-info/dependency_links.txt
[2.384s] writing entry points to ../build/bumperbot_py_examples/bumperbot_py_examples.egg-info/entry_points.txt
[2.384s] writing requirements to ../build/bumperbot_py_examples/bumperbot_py_examples.egg-info/requires.txt
[2.384s] writing top-level names to ../build/bumperbot_py_examples/bumperbot_py_examples.egg-info/top_level.txt
[2.385s] writing manifest file '../build/bumperbot_py_examples/bumperbot_py_examples.egg-info/SOURCES.txt'
[2.387s] reading manifest file '../build/bumperbot_py_examples/bumperbot_py_examples.egg-info/SOURCES.txt'
[2.389s] writing manifest file '../build/bumperbot_py_examples/bumperbot_py_examples.egg-info/SOURCES.txt'
[2.389s] running build
[2.389s] running build_py
[2.389s] creating /home/minhnguyen/bumperbot_ws/src/build/bumperbot_py_examples/build
[2.390s] creating /home/minhnguyen/bumperbot_ws/src/build/bumperbot_py_examples/build/lib
[2.390s] creating /home/minhnguyen/bumperbot_ws/src/build/bumperbot_py_examples/build/lib/bumperbot_py_examples
[2.390s] copying bumperbot_py_examples/simple_publisher.py -> /home/minhnguyen/bumperbot_ws/src/build/bumperbot_py_examples/build/lib/bumperbot_py_examples
[2.390s] copying bumperbot_py_examples/simple_parameter.py -> /home/minhnguyen/bumperbot_ws/src/build/bumperbot_py_examples/build/lib/bumperbot_py_examples
[2.391s] copying bumperbot_py_examples/simple_subscriber.py -> /home/minhnguyen/bumperbot_ws/src/build/bumperbot_py_examples/build/lib/bumperbot_py_examples
[2.391s] copying bumperbot_py_examples/__init__.py -> /home/minhnguyen/bumperbot_ws/src/build/bumperbot_py_examples/build/lib/bumperbot_py_examples
[2.391s] running install
[2.392s] running install_lib
[2.393s] creating /home/minhnguyen/bumperbot_ws/src/install/bumperbot_py_examples/lib/python3.10/site-packages/bumperbot_py_examples
[2.393s] copying /home/minhnguyen/bumperbot_ws/src/build/bumperbot_py_examples/build/lib/bumperbot_py_examples/simple_publisher.py -> /home/minhnguyen/bumperbot_ws/src/install/bumperbot_py_examples/lib/python3.10/site-packages/bumperbot_py_examples
[2.393s] copying /home/minhnguyen/bumperbot_ws/src/build/bumperbot_py_examples/build/lib/bumperbot_py_examples/simple_parameter.py -> /home/minhnguyen/bumperbot_ws/src/install/bumperbot_py_examples/lib/python3.10/site-packages/bumperbot_py_examples
[2.393s] copying /home/minhnguyen/bumperbot_ws/src/build/bumperbot_py_examples/build/lib/bumperbot_py_examples/simple_subscriber.py -> /home/minhnguyen/bumperbot_ws/src/install/bumperbot_py_examples/lib/python3.10/site-packages/bumperbot_py_examples
[2.393s] copying /home/minhnguyen/bumperbot_ws/src/build/bumperbot_py_examples/build/lib/bumperbot_py_examples/__init__.py -> /home/minhnguyen/bumperbot_ws/src/install/bumperbot_py_examples/lib/python3.10/site-packages/bumperbot_py_examples
[2.394s] byte-compiling /home/minhnguyen/bumperbot_ws/src/install/bumperbot_py_examples/lib/python3.10/site-packages/bumperbot_py_examples/simple_publisher.py to simple_publisher.cpython-310.pyc
[2.395s] byte-compiling /home/minhnguyen/bumperbot_ws/src/install/bumperbot_py_examples/lib/python3.10/site-packages/bumperbot_py_examples/simple_parameter.py to simple_parameter.cpython-310.pyc
[2.395s] byte-compiling /home/minhnguyen/bumperbot_ws/src/install/bumperbot_py_examples/lib/python3.10/site-packages/bumperbot_py_examples/simple_subscriber.py to simple_subscriber.cpython-310.pyc
[2.396s] byte-compiling /home/minhnguyen/bumperbot_ws/src/install/bumperbot_py_examples/lib/python3.10/site-packages/bumperbot_py_examples/__init__.py to __init__.cpython-310.pyc
[2.396s] running install_data
[2.396s] creating /home/minhnguyen/bumperbot_ws/src/install/bumperbot_py_examples/share/ament_index
[2.396s] creating /home/minhnguyen/bumperbot_ws/src/install/bumperbot_py_examples/share/ament_index/resource_index
[2.396s] creating /home/minhnguyen/bumperbot_ws/src/install/bumperbot_py_examples/share/ament_index/resource_index/packages
[2.397s] copying resource/bumperbot_py_examples -> /home/minhnguyen/bumperbot_ws/src/install/bumperbot_py_examples/share/ament_index/resource_index/packages
[2.397s] copying package.xml -> /home/minhnguyen/bumperbot_ws/src/install/bumperbot_py_examples/share/bumperbot_py_examples
[2.397s] running install_egg_info
[2.400s] Copying ../build/bumperbot_py_examples/bumperbot_py_examples.egg-info to /home/minhnguyen/bumperbot_ws/src/install/bumperbot_py_examples/lib/python3.10/site-packages/bumperbot_py_examples-0.0.0-py3.10.egg-info
[2.401s] running install_scripts
[2.434s] Installing simple_parameter script to /home/minhnguyen/bumperbot_ws/src/install/bumperbot_py_examples/lib/bumperbot_py_examples
[2.435s] Installing simple_publisher script to /home/minhnguyen/bumperbot_ws/src/install/bumperbot_py_examples/lib/bumperbot_py_examples
[2.435s] Installing simple_subscriber script to /home/minhnguyen/bumperbot_ws/src/install/bumperbot_py_examples/lib/bumperbot_py_examples
[2.435s] writing list of installed files to '/home/minhnguyen/bumperbot_ws/src/build/bumperbot_py_examples/install.log'
[2.485s] Invoked command in '/home/minhnguyen/bumperbot_ws/src/bumperbot_py_examples' returned '0': PYTHONPATH=/home/minhnguyen/bumperbot_ws/src/build/bumperbot_py_examples/prefix_override:/usr/lib/python3/dist-packages/colcon_core/task/python/colcon_distutils_commands:/home/minhnguyen/bumperbot_ws/src/install/bumperbot_py_examples/lib/python3.10/site-packages:${PYTHONPATH} /usr/bin/python3 -W ignore:setup.py install is deprecated setup.py egg_info --egg-base ../build/bumperbot_py_examples build --build-base /home/minhnguyen/bumperbot_ws/src/build/bumperbot_py_examples/build install --record /home/minhnguyen/bumperbot_ws/src/build/bumperbot_py_examples/install.log --single-version-externally-managed install_data
