[0.034s] Invoking command in '/home/minhnguyen/bumperbot_ws/build/bumperbot_controller': CMAKE_PREFIX_PATH=/opt/ros/humble /usr/bin/cmake --build /home/minhnguyen/bumperbot_ws/build/bumperbot_controller -- -j8 -l8
[0.131s] Built target ament_cmake_python_copy_bumperbot_controller
[0.508s] running egg_info
[0.510s] writing bumperbot_controller.egg-info/PKG-INFO
[0.510s] writing dependency_links to bumperbot_controller.egg-info/dependency_links.txt
[0.510s] writing top-level names to bumperbot_controller.egg-info/top_level.txt
[0.517s] reading manifest file 'bumperbot_controller.egg-info/SOURCES.txt'
[0.527s] writing manifest file 'bumperbot_controller.egg-info/SOURCES.txt'
[0.573s] Built target ament_cmake_python_build_bumperbot_controller_egg
[0.593s] Invoked command in '/home/minhnguyen/bumperbot_ws/build/bumperbot_controller' returned '0': CMAKE_PREFIX_PATH=/opt/ros/humble /usr/bin/cmake --build /home/minhnguyen/bumperbot_ws/build/bumperbot_controller -- -j8 -l8
[0.632s] Invoking command in '/home/minhnguyen/bumperbot_ws/build/bumperbot_controller': CMAKE_PREFIX_PATH=/opt/ros/humble /usr/bin/cmake --install /home/minhnguyen/bumperbot_ws/build/bumperbot_controller
[0.644s] -- Install configuration: ""
[0.645s] -- Up-to-date: /home/minhnguyen/bumperbot_ws/install/bumperbot_controller/share/bumperbot_controller/environment/pythonpath.sh
[0.645s] -- Up-to-date: /home/minhnguyen/bumperbot_ws/install/bumperbot_controller/share/bumperbot_controller/environment/pythonpath.dsv
[0.645s] -- Up-to-date: /home/minhnguyen/bumperbot_ws/install/bumperbot_controller/local/lib/python3.10/dist-packages/bumperbot_controller-0.0.0-py3.10.egg-info
[0.645s] -- Installing: /home/minhnguyen/bumperbot_ws/install/bumperbot_controller/local/lib/python3.10/dist-packages/bumperbot_controller-0.0.0-py3.10.egg-info/top_level.txt
[0.645s] -- Installing: /home/minhnguyen/bumperbot_ws/install/bumperbot_controller/local/lib/python3.10/dist-packages/bumperbot_controller-0.0.0-py3.10.egg-info/dependency_links.txt
[0.645s] -- Installing: /home/minhnguyen/bumperbot_ws/install/bumperbot_controller/local/lib/python3.10/dist-packages/bumperbot_controller-0.0.0-py3.10.egg-info/PKG-INFO
[0.646s] -- Installing: /home/minhnguyen/bumperbot_ws/install/bumperbot_controller/local/lib/python3.10/dist-packages/bumperbot_controller-0.0.0-py3.10.egg-info/SOURCES.txt
[0.646s] -- Up-to-date: /home/minhnguyen/bumperbot_ws/install/bumperbot_controller/local/lib/python3.10/dist-packages/bumperbot_controller
[0.646s] -- Installing: /home/minhnguyen/bumperbot_ws/install/bumperbot_controller/local/lib/python3.10/dist-packages/bumperbot_controller/simple_controller.py
[0.646s] -- Up-to-date: /home/minhnguyen/bumperbot_ws/install/bumperbot_controller/local/lib/python3.10/dist-packages/bumperbot_controller/__init__.py
[0.692s] Listing '/home/minhnguyen/bumperbot_ws/install/bumperbot_controller/local/lib/python3.10/dist-packages/bumperbot_controller'...
[0.693s] Compiling '/home/minhnguyen/bumperbot_ws/install/bumperbot_controller/local/lib/python3.10/dist-packages/bumperbot_controller/simple_controller.py'...
[0.700s] -- Up-to-date: /home/minhnguyen/bumperbot_ws/install/bumperbot_controller/share/bumperbot_controller/config
[0.700s] -- Up-to-date: /home/minhnguyen/bumperbot_ws/install/bumperbot_controller/share/bumperbot_controller/config/bumperbot_controllers.yaml
[0.700s] -- Up-to-date: /home/minhnguyen/bumperbot_ws/install/bumperbot_controller/share/bumperbot_controller/launch
[0.701s] -- Up-to-date: /home/minhnguyen/bumperbot_ws/install/bumperbot_controller/share/bumperbot_controller/launch/controller.launch.py
[0.701s] -- Installing: /home/minhnguyen/bumperbot_ws/install/bumperbot_controller/lib/bumperbot_controller/simple_controller.py
[0.701s] -- Up-to-date: /home/minhnguyen/bumperbot_ws/install/bumperbot_controller/share/ament_index/resource_index/package_run_dependencies/bumperbot_controller
[0.701s] -- Up-to-date: /home/minhnguyen/bumperbot_ws/install/bumperbot_controller/share/ament_index/resource_index/parent_prefix_path/bumperbot_controller
[0.701s] -- Up-to-date: /home/minhnguyen/bumperbot_ws/install/bumperbot_controller/share/bumperbot_controller/environment/ament_prefix_path.sh
[0.702s] -- Up-to-date: /home/minhnguyen/bumperbot_ws/install/bumperbot_controller/share/bumperbot_controller/environment/ament_prefix_path.dsv
[0.702s] -- Up-to-date: /home/minhnguyen/bumperbot_ws/install/bumperbot_controller/share/bumperbot_controller/environment/path.sh
[0.702s] -- Up-to-date: /home/minhnguyen/bumperbot_ws/install/bumperbot_controller/share/bumperbot_controller/environment/path.dsv
[0.702s] -- Up-to-date: /home/minhnguyen/bumperbot_ws/install/bumperbot_controller/share/bumperbot_controller/local_setup.bash
[0.702s] -- Up-to-date: /home/minhnguyen/bumperbot_ws/install/bumperbot_controller/share/bumperbot_controller/local_setup.sh
[0.702s] -- Up-to-date: /home/minhnguyen/bumperbot_ws/install/bumperbot_controller/share/bumperbot_controller/local_setup.zsh
[0.702s] -- Up-to-date: /home/minhnguyen/bumperbot_ws/install/bumperbot_controller/share/bumperbot_controller/local_setup.dsv
[0.702s] -- Up-to-date: /home/minhnguyen/bumperbot_ws/install/bumperbot_controller/share/bumperbot_controller/package.dsv
[0.702s] -- Up-to-date: /home/minhnguyen/bumperbot_ws/install/bumperbot_controller/share/ament_index/resource_index/packages/bumperbot_controller
[0.703s] -- Up-to-date: /home/minhnguyen/bumperbot_ws/install/bumperbot_controller/share/bumperbot_controller/cmake/bumperbot_controllerConfig.cmake
[0.703s] -- Up-to-date: /home/minhnguyen/bumperbot_ws/install/bumperbot_controller/share/bumperbot_controller/cmake/bumperbot_controllerConfig-version.cmake
[0.703s] -- Up-to-date: /home/minhnguyen/bumperbot_ws/install/bumperbot_controller/share/bumperbot_controller/package.xml
[0.705s] Invoked command in '/home/minhnguyen/bumperbot_ws/build/bumperbot_controller' returned '0': CMAKE_PREFIX_PATH=/opt/ros/humble /usr/bin/cmake --install /home/minhnguyen/bumperbot_ws/build/bumperbot_controller
