[0.041s] Invoking command in '/home/minhnguyen/bumperbot_ws/src/build/bumperbot_controller': CMAKE_PREFIX_PATH=/opt/ros/humble /usr/bin/cmake /home/minhnguyen/bumperbot_ws/src/bumperbot_controller -DCMAKE_INSTALL_PREFIX=/home/minhnguyen/bumperbot_ws/src/install/bumperbot_controller
[0.373s] -- The C compiler identification is GNU 11.4.0
[0.610s] -- The CXX compiler identification is GNU 11.4.0
[0.630s] -- Detecting C compiler ABI info
[0.783s] -- Detecting C compiler ABI info - done
[0.801s] -- Check for working C compiler: /usr/bin/cc - skipped
[0.801s] -- Detecting C compile features
[0.802s] -- Detecting C compile features - done
[0.809s] -- Detecting CXX compiler ABI info
[0.977s] -- Detecting CXX compiler ABI info - done
[0.997s] -- Check for working CXX compiler: /usr/bin/c++ - skipped
[0.998s] -- Detecting CXX compile features
[0.999s] -- Detecting CXX compile features - done
[1.003s] -- Found ament_cmake: 1.3.9 (/opt/ros/humble/share/ament_cmake/cmake)
[1.342s] -- Found Python3: /usr/bin/python3 (found version "3.10.12") found components: Interpreter 
[1.611s] -- Found ament_lint_auto: 0.12.11 (/opt/ros/humble/share/ament_lint_auto/cmake)
[1.813s] -- Added test 'lint_cmake' to check CMake code style
[1.815s] -- Added test 'xmllint' to check XML markup files
[1.818s] -- Configuring done
[1.826s] -- Generating done
[1.829s] -- Build files have been written to: /home/minhnguyen/bumperbot_ws/src/build/bumperbot_controller
[1.840s] Invoked command in '/home/minhnguyen/bumperbot_ws/src/build/bumperbot_controller' returned '0': CMAKE_PREFIX_PATH=/opt/ros/humble /usr/bin/cmake /home/minhnguyen/bumperbot_ws/src/bumperbot_controller -DCMAKE_INSTALL_PREFIX=/home/minhnguyen/bumperbot_ws/src/install/bumperbot_controller
[1.846s] Invoking command in '/home/minhnguyen/bumperbot_ws/src/build/bumperbot_controller': CMAKE_PREFIX_PATH=/opt/ros/humble /usr/bin/cmake --build /home/minhnguyen/bumperbot_ws/src/build/bumperbot_controller -- -j8 -l8
[1.931s] Invoked command in '/home/minhnguyen/bumperbot_ws/src/build/bumperbot_controller' returned '0': CMAKE_PREFIX_PATH=/opt/ros/humble /usr/bin/cmake --build /home/minhnguyen/bumperbot_ws/src/build/bumperbot_controller -- -j8 -l8
[2.000s] Invoking command in '/home/minhnguyen/bumperbot_ws/src/build/bumperbot_controller': CMAKE_PREFIX_PATH=/opt/ros/humble /usr/bin/cmake --install /home/minhnguyen/bumperbot_ws/src/build/bumperbot_controller
[2.015s] -- Install configuration: ""
[2.015s] -- Installing: /home/minhnguyen/bumperbot_ws/src/install/bumperbot_controller/share/ament_index/resource_index/package_run_dependencies/bumperbot_controller
[2.016s] -- Installing: /home/minhnguyen/bumperbot_ws/src/install/bumperbot_controller/share/ament_index/resource_index/parent_prefix_path/bumperbot_controller
[2.016s] -- Installing: /home/minhnguyen/bumperbot_ws/src/install/bumperbot_controller/share/bumperbot_controller/environment/ament_prefix_path.sh
[2.016s] -- Installing: /home/minhnguyen/bumperbot_ws/src/install/bumperbot_controller/share/bumperbot_controller/environment/ament_prefix_path.dsv
[2.017s] -- Installing: /home/minhnguyen/bumperbot_ws/src/install/bumperbot_controller/share/bumperbot_controller/environment/path.sh
[2.017s] -- Installing: /home/minhnguyen/bumperbot_ws/src/install/bumperbot_controller/share/bumperbot_controller/environment/path.dsv
[2.017s] -- Installing: /home/minhnguyen/bumperbot_ws/src/install/bumperbot_controller/share/bumperbot_controller/local_setup.bash
[2.018s] -- Installing: /home/minhnguyen/bumperbot_ws/src/install/bumperbot_controller/share/bumperbot_controller/local_setup.sh
[2.019s] -- Installing: /home/minhnguyen/bumperbot_ws/src/install/bumperbot_controller/share/bumperbot_controller/local_setup.zsh
[2.019s] -- Installing: /home/minhnguyen/bumperbot_ws/src/install/bumperbot_controller/share/bumperbot_controller/local_setup.dsv
[2.019s] -- Installing: /home/minhnguyen/bumperbot_ws/src/install/bumperbot_controller/share/bumperbot_controller/package.dsv
[2.019s] -- Installing: /home/minhnguyen/bumperbot_ws/src/install/bumperbot_controller/share/ament_index/resource_index/packages/bumperbot_controller
[2.020s] -- Installing: /home/minhnguyen/bumperbot_ws/src/install/bumperbot_controller/share/bumperbot_controller/cmake/bumperbot_controllerConfig.cmake
[2.020s] -- Installing: /home/minhnguyen/bumperbot_ws/src/install/bumperbot_controller/share/bumperbot_controller/cmake/bumperbot_controllerConfig-version.cmake
[2.021s] -- Installing: /home/minhnguyen/bumperbot_ws/src/install/bumperbot_controller/share/bumperbot_controller/package.xml
[2.027s] Invoked command in '/home/minhnguyen/bumperbot_ws/src/build/bumperbot_controller' returned '0': CMAKE_PREFIX_PATH=/opt/ros/humble /usr/bin/cmake --install /home/minhnguyen/bumperbot_ws/src/build/bumperbot_controller
