[0.259s] DEBUG:colcon:Command line arguments: ['/usr/bin/colcon', 'build']
[0.260s] DEBUG:colcon:Parsed command line arguments: Namespace(log_base=None, log_level=None, verb_name='build', build_base='build', install_base='install', merge_install=False, symlink_install=False, test_result_base=None, continue_on_error=False, executor='parallel', parallel_workers=8, event_handlers=None, ignore_user_meta=False, metas=['./colcon.meta'], base_paths=['.'], packages_ignore=None, packages_ignore_regex=None, paths=None, packages_up_to=None, packages_up_to_regex=None, packages_above=None, packages_above_and_dependencies=None, packages_above_depth=None, packages_select_by_dep=None, packages_skip_by_dep=None, packages_skip_up_to=None, packages_select_build_failed=False, packages_skip_build_finished=False, packages_select_test_failures=False, packages_skip_test_passed=False, packages_select=None, packages_skip=None, packages_select_regex=None, packages_skip_regex=None, packages_start=None, packages_end=None, allow_overriding=[], cmake_args=None, cmake_target=None, cmake_target_skip_unavailable=False, cmake_clean_cache=False, cmake_clean_first=False, cmake_force_configure=False, ament_cmake_args=None, catkin_cmake_args=None, catkin_skip_building_tests=False, mixin_files=None, mixin=None, verb_parser=<colcon_mixin.mixin.mixin_argument.MixinArgumentDecorator object at 0x779cd814e530>, verb_extension=<colcon_core.verb.build.BuildVerb object at 0x779cd8252b90>, main=<bound method BuildVerb.main of <colcon_core.verb.build.BuildVerb object at 0x779cd8252b90>>, mixin_verb=('build',))
[0.671s] Level 1:colcon.colcon_core.package_discovery:discover_packages(colcon_meta) check parameters
[0.671s] Level 1:colcon.colcon_core.package_discovery:discover_packages(recursive) check parameters
[0.671s] Level 1:colcon.colcon_core.package_discovery:discover_packages(ignore) check parameters
[0.671s] Level 1:colcon.colcon_core.package_discovery:discover_packages(path) check parameters
[0.671s] Level 1:colcon.colcon_core.package_discovery:discover_packages(colcon_meta) discover
[0.671s] Level 1:colcon.colcon_core.package_discovery:discover_packages(recursive) discover
[0.671s] INFO:colcon.colcon_core.package_discovery:Crawling recursively for packages in '/home/minhnguyen/bumperbot_ws/src'
[0.672s] Level 1:colcon.colcon_core.package_identification:_identify(.) by extensions ['ignore', 'ignore_ament_install']
[0.672s] Level 1:colcon.colcon_core.package_identification:_identify(.) by extension 'ignore'
[0.672s] Level 1:colcon.colcon_core.package_identification:_identify(.) by extension 'ignore_ament_install'
[0.672s] Level 1:colcon.colcon_core.package_identification:_identify(.) by extensions ['colcon_pkg']
[0.672s] Level 1:colcon.colcon_core.package_identification:_identify(.) by extension 'colcon_pkg'
[0.672s] Level 1:colcon.colcon_core.package_identification:_identify(.) by extensions ['colcon_meta']
[0.672s] Level 1:colcon.colcon_core.package_identification:_identify(.) by extension 'colcon_meta'
[0.672s] Level 1:colcon.colcon_core.package_identification:_identify(.) by extensions ['ros']
[0.672s] Level 1:colcon.colcon_core.package_identification:_identify(.) by extension 'ros'
[0.690s] Level 1:colcon.colcon_core.package_identification:_identify(.) by extensions ['cmake', 'python']
[0.690s] Level 1:colcon.colcon_core.package_identification:_identify(.) by extension 'cmake'
[0.690s] Level 1:colcon.colcon_core.package_identification:_identify(.) by extension 'python'
[0.690s] Level 1:colcon.colcon_core.package_identification:_identify(.) by extensions ['python_setup_py']
[0.690s] Level 1:colcon.colcon_core.package_identification:_identify(.) by extension 'python_setup_py'
[0.691s] Level 1:colcon.colcon_core.package_identification:_identify(build) by extensions ['ignore', 'ignore_ament_install']
[0.691s] Level 1:colcon.colcon_core.package_identification:_identify(build) by extension 'ignore'
[0.691s] Level 1:colcon.colcon_core.package_identification:_identify(build) ignored
[0.691s] Level 1:colcon.colcon_core.package_identification:_identify(bumperbot_controller) by extensions ['ignore', 'ignore_ament_install']
[0.691s] Level 1:colcon.colcon_core.package_identification:_identify(bumperbot_controller) by extension 'ignore'
[0.691s] Level 1:colcon.colcon_core.package_identification:_identify(bumperbot_controller) by extension 'ignore_ament_install'
[0.691s] Level 1:colcon.colcon_core.package_identification:_identify(bumperbot_controller) by extensions ['colcon_pkg']
[0.691s] Level 1:colcon.colcon_core.package_identification:_identify(bumperbot_controller) by extension 'colcon_pkg'
[0.691s] Level 1:colcon.colcon_core.package_identification:_identify(bumperbot_controller) by extensions ['colcon_meta']
[0.691s] Level 1:colcon.colcon_core.package_identification:_identify(bumperbot_controller) by extension 'colcon_meta'
[0.691s] Level 1:colcon.colcon_core.package_identification:_identify(bumperbot_controller) by extensions ['ros']
[0.692s] Level 1:colcon.colcon_core.package_identification:_identify(bumperbot_controller) by extension 'ros'
[0.696s] DEBUG:colcon.colcon_core.package_identification:Package 'bumperbot_controller' with type 'ros.ament_cmake' and name 'bumperbot_controller'
[0.696s] Level 1:colcon.colcon_core.package_identification:_identify(bumperbot_cpp_examples) by extensions ['ignore', 'ignore_ament_install']
[0.696s] Level 1:colcon.colcon_core.package_identification:_identify(bumperbot_cpp_examples) by extension 'ignore'
[0.696s] Level 1:colcon.colcon_core.package_identification:_identify(bumperbot_cpp_examples) by extension 'ignore_ament_install'
[0.696s] Level 1:colcon.colcon_core.package_identification:_identify(bumperbot_cpp_examples) by extensions ['colcon_pkg']
[0.696s] Level 1:colcon.colcon_core.package_identification:_identify(bumperbot_cpp_examples) by extension 'colcon_pkg'
[0.696s] Level 1:colcon.colcon_core.package_identification:_identify(bumperbot_cpp_examples) by extensions ['colcon_meta']
[0.696s] Level 1:colcon.colcon_core.package_identification:_identify(bumperbot_cpp_examples) by extension 'colcon_meta'
[0.696s] Level 1:colcon.colcon_core.package_identification:_identify(bumperbot_cpp_examples) by extensions ['ros']
[0.696s] Level 1:colcon.colcon_core.package_identification:_identify(bumperbot_cpp_examples) by extension 'ros'
[0.697s] DEBUG:colcon.colcon_core.package_identification:Package 'bumperbot_cpp_examples' with type 'ros.ament_cmake' and name 'bumperbot_cpp_examples'
[0.697s] Level 1:colcon.colcon_core.package_identification:_identify(bumperbot_description) by extensions ['ignore', 'ignore_ament_install']
[0.698s] Level 1:colcon.colcon_core.package_identification:_identify(bumperbot_description) by extension 'ignore'
[0.698s] Level 1:colcon.colcon_core.package_identification:_identify(bumperbot_description) by extension 'ignore_ament_install'
[0.698s] Level 1:colcon.colcon_core.package_identification:_identify(bumperbot_description) by extensions ['colcon_pkg']
[0.698s] Level 1:colcon.colcon_core.package_identification:_identify(bumperbot_description) by extension 'colcon_pkg'
[0.698s] Level 1:colcon.colcon_core.package_identification:_identify(bumperbot_description) by extensions ['colcon_meta']
[0.698s] Level 1:colcon.colcon_core.package_identification:_identify(bumperbot_description) by extension 'colcon_meta'
[0.698s] Level 1:colcon.colcon_core.package_identification:_identify(bumperbot_description) by extensions ['ros']
[0.698s] Level 1:colcon.colcon_core.package_identification:_identify(bumperbot_description) by extension 'ros'
[0.699s] DEBUG:colcon.colcon_core.package_identification:Package 'bumperbot_description' with type 'ros.ament_cmake' and name 'bumperbot_description'
[0.700s] Level 1:colcon.colcon_core.package_identification:_identify(bumperbot_py_examples) by extensions ['ignore', 'ignore_ament_install']
[0.700s] Level 1:colcon.colcon_core.package_identification:_identify(bumperbot_py_examples) by extension 'ignore'
[0.700s] Level 1:colcon.colcon_core.package_identification:_identify(bumperbot_py_examples) by extension 'ignore_ament_install'
[0.700s] Level 1:colcon.colcon_core.package_identification:_identify(bumperbot_py_examples) by extensions ['colcon_pkg']
[0.700s] Level 1:colcon.colcon_core.package_identification:_identify(bumperbot_py_examples) by extension 'colcon_pkg'
[0.700s] Level 1:colcon.colcon_core.package_identification:_identify(bumperbot_py_examples) by extensions ['colcon_meta']
[0.700s] Level 1:colcon.colcon_core.package_identification:_identify(bumperbot_py_examples) by extension 'colcon_meta'
[0.700s] Level 1:colcon.colcon_core.package_identification:_identify(bumperbot_py_examples) by extensions ['ros']
[0.700s] Level 1:colcon.colcon_core.package_identification:_identify(bumperbot_py_examples) by extension 'ros'
[0.701s] DEBUG:colcon.colcon_core.package_identification:Package 'bumperbot_py_examples' with type 'ros.ament_python' and name 'bumperbot_py_examples'
[0.702s] Level 1:colcon.colcon_core.package_identification:_identify(install) by extensions ['ignore', 'ignore_ament_install']
[0.702s] Level 1:colcon.colcon_core.package_identification:_identify(install) by extension 'ignore'
[0.702s] Level 1:colcon.colcon_core.package_identification:_identify(install) ignored
[0.702s] Level 1:colcon.colcon_core.package_identification:_identify(log) by extensions ['ignore', 'ignore_ament_install']
[0.702s] Level 1:colcon.colcon_core.package_identification:_identify(log) by extension 'ignore'
[0.702s] Level 1:colcon.colcon_core.package_identification:_identify(log) ignored
[0.702s] Level 1:colcon.colcon_core.package_discovery:discover_packages(recursive) using defaults
[0.702s] Level 1:colcon.colcon_core.package_discovery:discover_packages(ignore) discover
[0.702s] Level 1:colcon.colcon_core.package_discovery:discover_packages(ignore) using defaults
[0.702s] Level 1:colcon.colcon_core.package_discovery:discover_packages(path) discover
[0.702s] Level 1:colcon.colcon_core.package_discovery:discover_packages(path) using defaults
[0.753s] Level 1:colcon.colcon_core.package_discovery:discover_packages(prefix_path) check parameters
[0.753s] Level 1:colcon.colcon_core.package_discovery:discover_packages(prefix_path) discover
[0.760s] DEBUG:colcon.colcon_installed_package_information.package_discovery:Found 329 installed packages in /opt/ros/humble
[0.796s] Level 1:colcon.colcon_core.package_discovery:discover_packages(prefix_path) using defaults
[0.881s] Level 5:colcon.colcon_core.verb:set package 'bumperbot_controller' build argument 'cmake_args' from command line to 'None'
[0.882s] Level 5:colcon.colcon_core.verb:set package 'bumperbot_controller' build argument 'cmake_target' from command line to 'None'
[0.882s] Level 5:colcon.colcon_core.verb:set package 'bumperbot_controller' build argument 'cmake_target_skip_unavailable' from command line to 'False'
[0.882s] Level 5:colcon.colcon_core.verb:set package 'bumperbot_controller' build argument 'cmake_clean_cache' from command line to 'False'
[0.882s] Level 5:colcon.colcon_core.verb:set package 'bumperbot_controller' build argument 'cmake_clean_first' from command line to 'False'
[0.882s] Level 5:colcon.colcon_core.verb:set package 'bumperbot_controller' build argument 'cmake_force_configure' from command line to 'False'
[0.882s] Level 5:colcon.colcon_core.verb:set package 'bumperbot_controller' build argument 'ament_cmake_args' from command line to 'None'
[0.882s] Level 5:colcon.colcon_core.verb:set package 'bumperbot_controller' build argument 'catkin_cmake_args' from command line to 'None'
[0.882s] Level 5:colcon.colcon_core.verb:set package 'bumperbot_controller' build argument 'catkin_skip_building_tests' from command line to 'False'
[0.882s] DEBUG:colcon.colcon_core.verb:Building package 'bumperbot_controller' with the following arguments: {'ament_cmake_args': None, 'build_base': '/home/minhnguyen/bumperbot_ws/src/build/bumperbot_controller', 'catkin_cmake_args': None, 'catkin_skip_building_tests': False, 'cmake_args': None, 'cmake_clean_cache': False, 'cmake_clean_first': False, 'cmake_force_configure': False, 'cmake_target': None, 'cmake_target_skip_unavailable': False, 'install_base': '/home/minhnguyen/bumperbot_ws/src/install/bumperbot_controller', 'merge_install': False, 'path': '/home/minhnguyen/bumperbot_ws/src/bumperbot_controller', 'symlink_install': False, 'test_result_base': None}
[0.883s] Level 5:colcon.colcon_core.verb:set package 'bumperbot_cpp_examples' build argument 'cmake_args' from command line to 'None'
[0.883s] Level 5:colcon.colcon_core.verb:set package 'bumperbot_cpp_examples' build argument 'cmake_target' from command line to 'None'
[0.883s] Level 5:colcon.colcon_core.verb:set package 'bumperbot_cpp_examples' build argument 'cmake_target_skip_unavailable' from command line to 'False'
[0.883s] Level 5:colcon.colcon_core.verb:set package 'bumperbot_cpp_examples' build argument 'cmake_clean_cache' from command line to 'False'
[0.883s] Level 5:colcon.colcon_core.verb:set package 'bumperbot_cpp_examples' build argument 'cmake_clean_first' from command line to 'False'
[0.883s] Level 5:colcon.colcon_core.verb:set package 'bumperbot_cpp_examples' build argument 'cmake_force_configure' from command line to 'False'
[0.883s] Level 5:colcon.colcon_core.verb:set package 'bumperbot_cpp_examples' build argument 'ament_cmake_args' from command line to 'None'
[0.883s] Level 5:colcon.colcon_core.verb:set package 'bumperbot_cpp_examples' build argument 'catkin_cmake_args' from command line to 'None'
[0.883s] Level 5:colcon.colcon_core.verb:set package 'bumperbot_cpp_examples' build argument 'catkin_skip_building_tests' from command line to 'False'
[0.883s] DEBUG:colcon.colcon_core.verb:Building package 'bumperbot_cpp_examples' with the following arguments: {'ament_cmake_args': None, 'build_base': '/home/minhnguyen/bumperbot_ws/src/build/bumperbot_cpp_examples', 'catkin_cmake_args': None, 'catkin_skip_building_tests': False, 'cmake_args': None, 'cmake_clean_cache': False, 'cmake_clean_first': False, 'cmake_force_configure': False, 'cmake_target': None, 'cmake_target_skip_unavailable': False, 'install_base': '/home/minhnguyen/bumperbot_ws/src/install/bumperbot_cpp_examples', 'merge_install': False, 'path': '/home/minhnguyen/bumperbot_ws/src/bumperbot_cpp_examples', 'symlink_install': False, 'test_result_base': None}
[0.884s] Level 5:colcon.colcon_core.verb:set package 'bumperbot_description' build argument 'cmake_args' from command line to 'None'
[0.884s] Level 5:colcon.colcon_core.verb:set package 'bumperbot_description' build argument 'cmake_target' from command line to 'None'
[0.884s] Level 5:colcon.colcon_core.verb:set package 'bumperbot_description' build argument 'cmake_target_skip_unavailable' from command line to 'False'
[0.884s] Level 5:colcon.colcon_core.verb:set package 'bumperbot_description' build argument 'cmake_clean_cache' from command line to 'False'
[0.884s] Level 5:colcon.colcon_core.verb:set package 'bumperbot_description' build argument 'cmake_clean_first' from command line to 'False'
[0.884s] Level 5:colcon.colcon_core.verb:set package 'bumperbot_description' build argument 'cmake_force_configure' from command line to 'False'
[0.884s] Level 5:colcon.colcon_core.verb:set package 'bumperbot_description' build argument 'ament_cmake_args' from command line to 'None'
[0.884s] Level 5:colcon.colcon_core.verb:set package 'bumperbot_description' build argument 'catkin_cmake_args' from command line to 'None'
[0.884s] Level 5:colcon.colcon_core.verb:set package 'bumperbot_description' build argument 'catkin_skip_building_tests' from command line to 'False'
[0.884s] DEBUG:colcon.colcon_core.verb:Building package 'bumperbot_description' with the following arguments: {'ament_cmake_args': None, 'build_base': '/home/minhnguyen/bumperbot_ws/src/build/bumperbot_description', 'catkin_cmake_args': None, 'catkin_skip_building_tests': False, 'cmake_args': None, 'cmake_clean_cache': False, 'cmake_clean_first': False, 'cmake_force_configure': False, 'cmake_target': None, 'cmake_target_skip_unavailable': False, 'install_base': '/home/minhnguyen/bumperbot_ws/src/install/bumperbot_description', 'merge_install': False, 'path': '/home/minhnguyen/bumperbot_ws/src/bumperbot_description', 'symlink_install': False, 'test_result_base': None}
[0.885s] Level 5:colcon.colcon_core.verb:set package 'bumperbot_py_examples' build argument 'cmake_args' from command line to 'None'
[0.885s] Level 5:colcon.colcon_core.verb:set package 'bumperbot_py_examples' build argument 'cmake_target' from command line to 'None'
[0.885s] Level 5:colcon.colcon_core.verb:set package 'bumperbot_py_examples' build argument 'cmake_target_skip_unavailable' from command line to 'False'
[0.885s] Level 5:colcon.colcon_core.verb:set package 'bumperbot_py_examples' build argument 'cmake_clean_cache' from command line to 'False'
[0.885s] Level 5:colcon.colcon_core.verb:set package 'bumperbot_py_examples' build argument 'cmake_clean_first' from command line to 'False'
[0.885s] Level 5:colcon.colcon_core.verb:set package 'bumperbot_py_examples' build argument 'cmake_force_configure' from command line to 'False'
[0.885s] Level 5:colcon.colcon_core.verb:set package 'bumperbot_py_examples' build argument 'ament_cmake_args' from command line to 'None'
[0.885s] Level 5:colcon.colcon_core.verb:set package 'bumperbot_py_examples' build argument 'catkin_cmake_args' from command line to 'None'
[0.885s] Level 5:colcon.colcon_core.verb:set package 'bumperbot_py_examples' build argument 'catkin_skip_building_tests' from command line to 'False'
[0.885s] DEBUG:colcon.colcon_core.verb:Building package 'bumperbot_py_examples' with the following arguments: {'ament_cmake_args': None, 'build_base': '/home/minhnguyen/bumperbot_ws/src/build/bumperbot_py_examples', 'catkin_cmake_args': None, 'catkin_skip_building_tests': False, 'cmake_args': None, 'cmake_clean_cache': False, 'cmake_clean_first': False, 'cmake_force_configure': False, 'cmake_target': None, 'cmake_target_skip_unavailable': False, 'install_base': '/home/minhnguyen/bumperbot_ws/src/install/bumperbot_py_examples', 'merge_install': False, 'path': '/home/minhnguyen/bumperbot_ws/src/bumperbot_py_examples', 'symlink_install': False, 'test_result_base': None}
[0.885s] INFO:colcon.colcon_core.executor:Executing jobs using 'parallel' executor
[0.888s] DEBUG:colcon.colcon_parallel_executor.executor.parallel:run_until_complete
[0.888s] INFO:colcon.colcon_ros.task.ament_cmake.build:Building ROS package in '/home/minhnguyen/bumperbot_ws/src/bumperbot_controller' with build type 'ament_cmake'
[0.888s] INFO:colcon.colcon_cmake.task.cmake.build:Building CMake package in '/home/minhnguyen/bumperbot_ws/src/bumperbot_controller'
[0.896s] INFO:colcon.colcon_core.plugin_system:Skipping extension 'colcon_core.shell.bat': Not used on non-Windows systems
[0.896s] INFO:colcon.colcon_core.shell:Skip shell extension 'powershell' for command environment: Not usable outside of PowerShell
[0.896s] DEBUG:colcon.colcon_core.shell:Skip shell extension 'dsv' for command environment
[0.902s] INFO:colcon.colcon_ros.task.ament_cmake.build:Building ROS package in '/home/minhnguyen/bumperbot_ws/src/bumperbot_cpp_examples' with build type 'ament_cmake'
[0.902s] INFO:colcon.colcon_cmake.task.cmake.build:Building CMake package in '/home/minhnguyen/bumperbot_ws/src/bumperbot_cpp_examples'
[0.903s] INFO:colcon.colcon_core.shell:Skip shell extension 'powershell' for command environment: Not usable outside of PowerShell
[0.903s] DEBUG:colcon.colcon_core.shell:Skip shell extension 'dsv' for command environment
[0.907s] INFO:colcon.colcon_ros.task.ament_cmake.build:Building ROS package in '/home/minhnguyen/bumperbot_ws/src/bumperbot_description' with build type 'ament_cmake'
[0.907s] INFO:colcon.colcon_cmake.task.cmake.build:Building CMake package in '/home/minhnguyen/bumperbot_ws/src/bumperbot_description'
[0.907s] INFO:colcon.colcon_core.shell:Skip shell extension 'powershell' for command environment: Not usable outside of PowerShell
[0.907s] DEBUG:colcon.colcon_core.shell:Skip shell extension 'dsv' for command environment
[0.914s] INFO:colcon.colcon_ros.task.ament_python.build:Building ROS package in '/home/minhnguyen/bumperbot_ws/src/bumperbot_py_examples' with build type 'ament_python'
[0.915s] Level 1:colcon.colcon_core.shell:create_environment_hook('bumperbot_py_examples', 'ament_prefix_path')
[0.915s] INFO:colcon.colcon_core.shell:Creating environment hook '/home/minhnguyen/bumperbot_ws/src/install/bumperbot_py_examples/share/bumperbot_py_examples/hook/ament_prefix_path.ps1'
[0.918s] INFO:colcon.colcon_core.shell:Creating environment descriptor '/home/minhnguyen/bumperbot_ws/src/install/bumperbot_py_examples/share/bumperbot_py_examples/hook/ament_prefix_path.dsv'
[0.919s] INFO:colcon.colcon_core.shell:Creating environment hook '/home/minhnguyen/bumperbot_ws/src/install/bumperbot_py_examples/share/bumperbot_py_examples/hook/ament_prefix_path.sh'
[0.920s] INFO:colcon.colcon_core.shell:Skip shell extension 'powershell' for command environment: Not usable outside of PowerShell
[0.920s] DEBUG:colcon.colcon_core.shell:Skip shell extension 'dsv' for command environment
[0.929s] DEBUG:colcon.colcon_core.event_handler.log_command:Invoking command in '/home/minhnguyen/bumperbot_ws/src/build/bumperbot_controller': CMAKE_PREFIX_PATH=/opt/ros/humble /usr/bin/cmake /home/minhnguyen/bumperbot_ws/src/bumperbot_controller -DCMAKE_INSTALL_PREFIX=/home/minhnguyen/bumperbot_ws/src/install/bumperbot_controller
[0.942s] DEBUG:colcon.colcon_core.event_handler.log_command:Invoking command in '/home/minhnguyen/bumperbot_ws/src/build/bumperbot_cpp_examples': CMAKE_PREFIX_PATH=/opt/ros/humble /usr/bin/cmake /home/minhnguyen/bumperbot_ws/src/bumperbot_cpp_examples -DCMAKE_INSTALL_PREFIX=/home/minhnguyen/bumperbot_ws/src/install/bumperbot_cpp_examples
[0.952s] DEBUG:colcon.colcon_core.event_handler.log_command:Invoking command in '/home/minhnguyen/bumperbot_ws/src/build/bumperbot_description': CMAKE_PREFIX_PATH=/opt/ros/humble /usr/bin/cmake /home/minhnguyen/bumperbot_ws/src/bumperbot_description -DCMAKE_INSTALL_PREFIX=/home/minhnguyen/bumperbot_ws/src/install/bumperbot_description
[1.693s] INFO:colcon.colcon_core.task.python.build:Building Python package in '/home/minhnguyen/bumperbot_ws/src/bumperbot_py_examples'
[1.694s] INFO:colcon.colcon_core.shell:Skip shell extension 'powershell' for command environment: Not usable outside of PowerShell
[1.694s] DEBUG:colcon.colcon_core.shell:Skip shell extension 'dsv' for command environment
[2.729s] DEBUG:colcon.colcon_core.event_handler.log_command:Invoked command in '/home/minhnguyen/bumperbot_ws/src/build/bumperbot_controller' returned '0': CMAKE_PREFIX_PATH=/opt/ros/humble /usr/bin/cmake /home/minhnguyen/bumperbot_ws/src/bumperbot_controller -DCMAKE_INSTALL_PREFIX=/home/minhnguyen/bumperbot_ws/src/install/bumperbot_controller
[2.734s] DEBUG:colcon.colcon_core.event_handler.log_command:Invoking command in '/home/minhnguyen/bumperbot_ws/src/build/bumperbot_controller': CMAKE_PREFIX_PATH=/opt/ros/humble /usr/bin/cmake --build /home/minhnguyen/bumperbot_ws/src/build/bumperbot_controller -- -j8 -l8
[2.738s] DEBUG:colcon.colcon_core.event_handler.log_command:Invoked command in '/home/minhnguyen/bumperbot_ws/src/build/bumperbot_description' returned '0': CMAKE_PREFIX_PATH=/opt/ros/humble /usr/bin/cmake /home/minhnguyen/bumperbot_ws/src/bumperbot_description -DCMAKE_INSTALL_PREFIX=/home/minhnguyen/bumperbot_ws/src/install/bumperbot_description
[2.741s] DEBUG:colcon.colcon_core.event_handler.log_command:Invoking command in '/home/minhnguyen/bumperbot_ws/src/build/bumperbot_description': CMAKE_PREFIX_PATH=/opt/ros/humble /usr/bin/cmake --build /home/minhnguyen/bumperbot_ws/src/build/bumperbot_description -- -j8 -l8
[2.752s] DEBUG:colcon.colcon_core.event_handler.log_command:Invoked command in '/home/minhnguyen/bumperbot_ws/src/build/bumperbot_cpp_examples' returned '0': CMAKE_PREFIX_PATH=/opt/ros/humble /usr/bin/cmake /home/minhnguyen/bumperbot_ws/src/bumperbot_cpp_examples -DCMAKE_INSTALL_PREFIX=/home/minhnguyen/bumperbot_ws/src/install/bumperbot_cpp_examples
[2.755s] DEBUG:colcon.colcon_core.event_handler.log_command:Invoking command in '/home/minhnguyen/bumperbot_ws/src/build/bumperbot_cpp_examples': CMAKE_PREFIX_PATH=/opt/ros/humble /usr/bin/cmake --build /home/minhnguyen/bumperbot_ws/src/build/bumperbot_cpp_examples -- -j8 -l8
[2.820s] DEBUG:colcon.colcon_core.event_handler.log_command:Invoked command in '/home/minhnguyen/bumperbot_ws/src/build/bumperbot_controller' returned '0': CMAKE_PREFIX_PATH=/opt/ros/humble /usr/bin/cmake --build /home/minhnguyen/bumperbot_ws/src/build/bumperbot_controller -- -j8 -l8
[2.823s] DEBUG:colcon.colcon_core.event_handler.log_command:Invoked command in '/home/minhnguyen/bumperbot_ws/src/build/bumperbot_description' returned '0': CMAKE_PREFIX_PATH=/opt/ros/humble /usr/bin/cmake --build /home/minhnguyen/bumperbot_ws/src/build/bumperbot_description -- -j8 -l8
[2.836s] DEBUG:colcon.colcon_core.event_handler.log_command:Invoking command in '/home/minhnguyen/bumperbot_ws/src/bumperbot_py_examples': PYTHONPATH=/home/minhnguyen/bumperbot_ws/src/build/bumperbot_py_examples/prefix_override:/usr/lib/python3/dist-packages/colcon_core/task/python/colcon_distutils_commands:/home/minhnguyen/bumperbot_ws/src/install/bumperbot_py_examples/lib/python3.10/site-packages:${PYTHONPATH} /usr/bin/python3 -W ignore:setup.py install is deprecated setup.py egg_info --egg-base ../build/bumperbot_py_examples build --build-base /home/minhnguyen/bumperbot_ws/src/build/bumperbot_py_examples/build install --record /home/minhnguyen/bumperbot_ws/src/build/bumperbot_py_examples/install.log --single-version-externally-managed install_data
[2.840s] DEBUG:colcon.colcon_core.event_handler.log_command:Invoked command in '/home/minhnguyen/bumperbot_ws/src/build/bumperbot_cpp_examples' returned '0': CMAKE_PREFIX_PATH=/opt/ros/humble /usr/bin/cmake --build /home/minhnguyen/bumperbot_ws/src/build/bumperbot_cpp_examples -- -j8 -l8
[2.888s] DEBUG:colcon.colcon_core.event_handler.log_command:Invoking command in '/home/minhnguyen/bumperbot_ws/src/build/bumperbot_controller': CMAKE_PREFIX_PATH=/opt/ros/humble /usr/bin/cmake --install /home/minhnguyen/bumperbot_ws/src/build/bumperbot_controller
[2.893s] DEBUG:colcon.colcon_core.event_handler.log_command:Invoking command in '/home/minhnguyen/bumperbot_ws/src/build/bumperbot_description': CMAKE_PREFIX_PATH=/opt/ros/humble /usr/bin/cmake --install /home/minhnguyen/bumperbot_ws/src/build/bumperbot_description
[2.895s] DEBUG:colcon.colcon_core.event_handler.log_command:Invoking command in '/home/minhnguyen/bumperbot_ws/src/build/bumperbot_cpp_examples': CMAKE_PREFIX_PATH=/opt/ros/humble /usr/bin/cmake --install /home/minhnguyen/bumperbot_ws/src/build/bumperbot_cpp_examples
[2.914s] Level 1:colcon.colcon_core.environment:create_environment_scripts_only(bumperbot_controller)
[2.916s] DEBUG:colcon.colcon_core.event_handler.log_command:Invoked command in '/home/minhnguyen/bumperbot_ws/src/build/bumperbot_controller' returned '0': CMAKE_PREFIX_PATH=/opt/ros/humble /usr/bin/cmake --install /home/minhnguyen/bumperbot_ws/src/build/bumperbot_controller
[2.931s] Level 1:colcon.colcon_core.environment:checking '/home/minhnguyen/bumperbot_ws/src/install/bumperbot_controller' for CMake module files
[2.932s] Level 1:colcon.colcon_core.environment:checking '/home/minhnguyen/bumperbot_ws/src/install/bumperbot_controller' for CMake config files
[2.933s] Level 1:colcon.colcon_core.shell:create_environment_hook('bumperbot_controller', 'cmake_prefix_path')
[2.933s] INFO:colcon.colcon_core.shell:Creating environment hook '/home/minhnguyen/bumperbot_ws/src/install/bumperbot_controller/share/bumperbot_controller/hook/cmake_prefix_path.ps1'
[2.934s] INFO:colcon.colcon_core.shell:Creating environment descriptor '/home/minhnguyen/bumperbot_ws/src/install/bumperbot_controller/share/bumperbot_controller/hook/cmake_prefix_path.dsv'
[2.935s] INFO:colcon.colcon_core.shell:Creating environment hook '/home/minhnguyen/bumperbot_ws/src/install/bumperbot_controller/share/bumperbot_controller/hook/cmake_prefix_path.sh'
[2.936s] Level 1:colcon.colcon_core.environment:checking '/home/minhnguyen/bumperbot_ws/src/install/bumperbot_controller/bin'
[2.936s] Level 1:colcon.colcon_core.environment:checking '/home/minhnguyen/bumperbot_ws/src/install/bumperbot_controller/lib/pkgconfig/bumperbot_controller.pc'
[2.937s] Level 1:colcon.colcon_core.environment:checking '/home/minhnguyen/bumperbot_ws/src/install/bumperbot_controller/lib/python3.10/site-packages'
[2.937s] Level 1:colcon.colcon_core.environment:checking '/home/minhnguyen/bumperbot_ws/src/install/bumperbot_controller/bin'
[2.938s] INFO:colcon.colcon_core.shell:Creating package script '/home/minhnguyen/bumperbot_ws/src/install/bumperbot_controller/share/bumperbot_controller/package.ps1'
[2.940s] INFO:colcon.colcon_core.shell:Creating package descriptor '/home/minhnguyen/bumperbot_ws/src/install/bumperbot_controller/share/bumperbot_controller/package.dsv'
[2.942s] INFO:colcon.colcon_core.shell:Creating package script '/home/minhnguyen/bumperbot_ws/src/install/bumperbot_controller/share/bumperbot_controller/package.sh'
[2.944s] INFO:colcon.colcon_core.shell:Creating package script '/home/minhnguyen/bumperbot_ws/src/install/bumperbot_controller/share/bumperbot_controller/package.bash'
[2.947s] INFO:colcon.colcon_core.shell:Creating package script '/home/minhnguyen/bumperbot_ws/src/install/bumperbot_controller/share/bumperbot_controller/package.zsh'
[2.950s] Level 1:colcon.colcon_core.environment:create_file_with_runtime_dependencies(/home/minhnguyen/bumperbot_ws/src/install/bumperbot_controller/share/colcon-core/packages/bumperbot_controller)
[2.954s] Level 1:colcon.colcon_core.environment:create_environment_scripts_only(bumperbot_cpp_examples)
[2.954s] Level 1:colcon.colcon_core.environment:checking '/home/minhnguyen/bumperbot_ws/src/install/bumperbot_cpp_examples' for CMake module files
[2.955s] DEBUG:colcon.colcon_core.event_handler.log_command:Invoked command in '/home/minhnguyen/bumperbot_ws/src/build/bumperbot_cpp_examples' returned '0': CMAKE_PREFIX_PATH=/opt/ros/humble /usr/bin/cmake --install /home/minhnguyen/bumperbot_ws/src/build/bumperbot_cpp_examples
[2.956s] Level 1:colcon.colcon_core.environment:checking '/home/minhnguyen/bumperbot_ws/src/install/bumperbot_cpp_examples' for CMake config files
[2.956s] Level 1:colcon.colcon_core.shell:create_environment_hook('bumperbot_cpp_examples', 'cmake_prefix_path')
[2.957s] INFO:colcon.colcon_core.shell:Creating environment hook '/home/minhnguyen/bumperbot_ws/src/install/bumperbot_cpp_examples/share/bumperbot_cpp_examples/hook/cmake_prefix_path.ps1'
[2.957s] INFO:colcon.colcon_core.shell:Creating environment descriptor '/home/minhnguyen/bumperbot_ws/src/install/bumperbot_cpp_examples/share/bumperbot_cpp_examples/hook/cmake_prefix_path.dsv'
[2.958s] INFO:colcon.colcon_core.shell:Creating environment hook '/home/minhnguyen/bumperbot_ws/src/install/bumperbot_cpp_examples/share/bumperbot_cpp_examples/hook/cmake_prefix_path.sh'
[2.959s] Level 1:colcon.colcon_core.environment:checking '/home/minhnguyen/bumperbot_ws/src/install/bumperbot_cpp_examples/bin'
[2.959s] Level 1:colcon.colcon_core.environment:checking '/home/minhnguyen/bumperbot_ws/src/install/bumperbot_cpp_examples/lib/pkgconfig/bumperbot_cpp_examples.pc'
[2.960s] Level 1:colcon.colcon_core.environment:checking '/home/minhnguyen/bumperbot_ws/src/install/bumperbot_cpp_examples/lib/python3.10/site-packages'
[2.960s] Level 1:colcon.colcon_core.environment:checking '/home/minhnguyen/bumperbot_ws/src/install/bumperbot_cpp_examples/bin'
[2.961s] INFO:colcon.colcon_core.shell:Creating package script '/home/minhnguyen/bumperbot_ws/src/install/bumperbot_cpp_examples/share/bumperbot_cpp_examples/package.ps1'
[2.962s] INFO:colcon.colcon_core.shell:Creating package descriptor '/home/minhnguyen/bumperbot_ws/src/install/bumperbot_cpp_examples/share/bumperbot_cpp_examples/package.dsv'
[2.963s] INFO:colcon.colcon_core.shell:Creating package script '/home/minhnguyen/bumperbot_ws/src/install/bumperbot_cpp_examples/share/bumperbot_cpp_examples/package.sh'
[2.964s] INFO:colcon.colcon_core.shell:Creating package script '/home/minhnguyen/bumperbot_ws/src/install/bumperbot_cpp_examples/share/bumperbot_cpp_examples/package.bash'
[2.965s] INFO:colcon.colcon_core.shell:Creating package script '/home/minhnguyen/bumperbot_ws/src/install/bumperbot_cpp_examples/share/bumperbot_cpp_examples/package.zsh'
[2.966s] Level 1:colcon.colcon_core.environment:create_file_with_runtime_dependencies(/home/minhnguyen/bumperbot_ws/src/install/bumperbot_cpp_examples/share/colcon-core/packages/bumperbot_cpp_examples)
[2.993s] Level 1:colcon.colcon_core.environment:create_environment_scripts_only(bumperbot_description)
[2.994s] Level 1:colcon.colcon_core.environment:checking '/home/minhnguyen/bumperbot_ws/src/install/bumperbot_description' for CMake module files
[2.994s] DEBUG:colcon.colcon_core.event_handler.log_command:Invoked command in '/home/minhnguyen/bumperbot_ws/src/build/bumperbot_description' returned '0': CMAKE_PREFIX_PATH=/opt/ros/humble /usr/bin/cmake --install /home/minhnguyen/bumperbot_ws/src/build/bumperbot_description
[2.995s] Level 1:colcon.colcon_core.environment:checking '/home/minhnguyen/bumperbot_ws/src/install/bumperbot_description' for CMake config files
[2.996s] Level 1:colcon.colcon_core.shell:create_environment_hook('bumperbot_description', 'cmake_prefix_path')
[2.996s] INFO:colcon.colcon_core.shell:Creating environment hook '/home/minhnguyen/bumperbot_ws/src/install/bumperbot_description/share/bumperbot_description/hook/cmake_prefix_path.ps1'
[2.997s] INFO:colcon.colcon_core.shell:Creating environment descriptor '/home/minhnguyen/bumperbot_ws/src/install/bumperbot_description/share/bumperbot_description/hook/cmake_prefix_path.dsv'
[2.997s] INFO:colcon.colcon_core.shell:Creating environment hook '/home/minhnguyen/bumperbot_ws/src/install/bumperbot_description/share/bumperbot_description/hook/cmake_prefix_path.sh'
[2.997s] Level 1:colcon.colcon_core.environment:checking '/home/minhnguyen/bumperbot_ws/src/install/bumperbot_description/bin'
[2.998s] Level 1:colcon.colcon_core.environment:checking '/home/minhnguyen/bumperbot_ws/src/install/bumperbot_description/lib/pkgconfig/bumperbot_description.pc'
[2.998s] Level 1:colcon.colcon_core.environment:checking '/home/minhnguyen/bumperbot_ws/src/install/bumperbot_description/lib/python3.10/site-packages'
[2.998s] Level 1:colcon.colcon_core.environment:checking '/home/minhnguyen/bumperbot_ws/src/install/bumperbot_description/bin'
[2.999s] INFO:colcon.colcon_core.shell:Creating package script '/home/minhnguyen/bumperbot_ws/src/install/bumperbot_description/share/bumperbot_description/package.ps1'
[2.999s] INFO:colcon.colcon_core.shell:Creating package descriptor '/home/minhnguyen/bumperbot_ws/src/install/bumperbot_description/share/bumperbot_description/package.dsv'
[3.000s] INFO:colcon.colcon_core.shell:Creating package script '/home/minhnguyen/bumperbot_ws/src/install/bumperbot_description/share/bumperbot_description/package.sh'
[3.000s] INFO:colcon.colcon_core.shell:Creating package script '/home/minhnguyen/bumperbot_ws/src/install/bumperbot_description/share/bumperbot_description/package.bash'
[3.001s] INFO:colcon.colcon_core.shell:Creating package script '/home/minhnguyen/bumperbot_ws/src/install/bumperbot_description/share/bumperbot_description/package.zsh'
[3.002s] Level 1:colcon.colcon_core.environment:create_file_with_runtime_dependencies(/home/minhnguyen/bumperbot_ws/src/install/bumperbot_description/share/colcon-core/packages/bumperbot_description)
[3.004s] Level 1:colcon.colcon_core.environment:create_environment_scripts_only(bumperbot_controller)
[3.004s] Level 1:colcon.colcon_core.environment:checking '/home/minhnguyen/bumperbot_ws/src/install/bumperbot_controller' for CMake module files
[3.005s] Level 1:colcon.colcon_core.environment:checking '/home/minhnguyen/bumperbot_ws/src/install/bumperbot_controller' for CMake config files
[3.005s] Level 1:colcon.colcon_core.shell:create_environment_hook('bumperbot_controller', 'cmake_prefix_path')
[3.006s] INFO:colcon.colcon_core.shell:Creating environment hook '/home/minhnguyen/bumperbot_ws/src/install/bumperbot_controller/share/bumperbot_controller/hook/cmake_prefix_path.ps1'
[3.006s] INFO:colcon.colcon_core.shell:Creating environment descriptor '/home/minhnguyen/bumperbot_ws/src/install/bumperbot_controller/share/bumperbot_controller/hook/cmake_prefix_path.dsv'
[3.007s] INFO:colcon.colcon_core.shell:Creating environment hook '/home/minhnguyen/bumperbot_ws/src/install/bumperbot_controller/share/bumperbot_controller/hook/cmake_prefix_path.sh'
[3.008s] Level 1:colcon.colcon_core.environment:checking '/home/minhnguyen/bumperbot_ws/src/install/bumperbot_controller/bin'
[3.008s] Level 1:colcon.colcon_core.environment:checking '/home/minhnguyen/bumperbot_ws/src/install/bumperbot_controller/lib/pkgconfig/bumperbot_controller.pc'
[3.009s] Level 1:colcon.colcon_core.environment:checking '/home/minhnguyen/bumperbot_ws/src/install/bumperbot_controller/lib/python3.10/site-packages'
[3.009s] Level 1:colcon.colcon_core.environment:checking '/home/minhnguyen/bumperbot_ws/src/install/bumperbot_controller/bin'
[3.009s] INFO:colcon.colcon_core.shell:Creating package script '/home/minhnguyen/bumperbot_ws/src/install/bumperbot_controller/share/bumperbot_controller/package.ps1'
[3.010s] INFO:colcon.colcon_core.shell:Creating package descriptor '/home/minhnguyen/bumperbot_ws/src/install/bumperbot_controller/share/bumperbot_controller/package.dsv'
[3.011s] INFO:colcon.colcon_core.shell:Creating package script '/home/minhnguyen/bumperbot_ws/src/install/bumperbot_controller/share/bumperbot_controller/package.sh'
[3.012s] INFO:colcon.colcon_core.shell:Creating package script '/home/minhnguyen/bumperbot_ws/src/install/bumperbot_controller/share/bumperbot_controller/package.bash'
[3.013s] INFO:colcon.colcon_core.shell:Creating package script '/home/minhnguyen/bumperbot_ws/src/install/bumperbot_controller/share/bumperbot_controller/package.zsh'
[3.014s] Level 1:colcon.colcon_core.environment:create_file_with_runtime_dependencies(/home/minhnguyen/bumperbot_ws/src/install/bumperbot_controller/share/colcon-core/packages/bumperbot_controller)
[3.017s] Level 1:colcon.colcon_core.environment:create_environment_scripts_only(bumperbot_cpp_examples)
[3.018s] Level 1:colcon.colcon_core.environment:checking '/home/minhnguyen/bumperbot_ws/src/install/bumperbot_cpp_examples' for CMake module files
[3.019s] Level 1:colcon.colcon_core.environment:checking '/home/minhnguyen/bumperbot_ws/src/install/bumperbot_cpp_examples' for CMake config files
[3.019s] Level 1:colcon.colcon_core.shell:create_environment_hook('bumperbot_cpp_examples', 'cmake_prefix_path')
[3.020s] INFO:colcon.colcon_core.shell:Creating environment hook '/home/minhnguyen/bumperbot_ws/src/install/bumperbot_cpp_examples/share/bumperbot_cpp_examples/hook/cmake_prefix_path.ps1'
[3.020s] INFO:colcon.colcon_core.shell:Creating environment descriptor '/home/minhnguyen/bumperbot_ws/src/install/bumperbot_cpp_examples/share/bumperbot_cpp_examples/hook/cmake_prefix_path.dsv'
[3.021s] INFO:colcon.colcon_core.shell:Creating environment hook '/home/minhnguyen/bumperbot_ws/src/install/bumperbot_cpp_examples/share/bumperbot_cpp_examples/hook/cmake_prefix_path.sh'
[3.022s] Level 1:colcon.colcon_core.environment:checking '/home/minhnguyen/bumperbot_ws/src/install/bumperbot_cpp_examples/bin'
[3.022s] Level 1:colcon.colcon_core.environment:checking '/home/minhnguyen/bumperbot_ws/src/install/bumperbot_cpp_examples/lib/pkgconfig/bumperbot_cpp_examples.pc'
[3.022s] Level 1:colcon.colcon_core.environment:checking '/home/minhnguyen/bumperbot_ws/src/install/bumperbot_cpp_examples/lib/python3.10/site-packages'
[3.023s] Level 1:colcon.colcon_core.environment:checking '/home/minhnguyen/bumperbot_ws/src/install/bumperbot_cpp_examples/bin'
[3.023s] INFO:colcon.colcon_core.shell:Creating package script '/home/minhnguyen/bumperbot_ws/src/install/bumperbot_cpp_examples/share/bumperbot_cpp_examples/package.ps1'
[3.024s] INFO:colcon.colcon_core.shell:Creating package descriptor '/home/minhnguyen/bumperbot_ws/src/install/bumperbot_cpp_examples/share/bumperbot_cpp_examples/package.dsv'
[3.025s] INFO:colcon.colcon_core.shell:Creating package script '/home/minhnguyen/bumperbot_ws/src/install/bumperbot_cpp_examples/share/bumperbot_cpp_examples/package.sh'
[3.026s] INFO:colcon.colcon_core.shell:Creating package script '/home/minhnguyen/bumperbot_ws/src/install/bumperbot_cpp_examples/share/bumperbot_cpp_examples/package.bash'
[3.026s] INFO:colcon.colcon_core.shell:Creating package script '/home/minhnguyen/bumperbot_ws/src/install/bumperbot_cpp_examples/share/bumperbot_cpp_examples/package.zsh'
[3.027s] Level 1:colcon.colcon_core.environment:create_file_with_runtime_dependencies(/home/minhnguyen/bumperbot_ws/src/install/bumperbot_cpp_examples/share/colcon-core/packages/bumperbot_cpp_examples)
[3.056s] Level 1:colcon.colcon_core.environment:create_environment_scripts_only(bumperbot_description)
[3.057s] Level 1:colcon.colcon_core.environment:checking '/home/minhnguyen/bumperbot_ws/src/install/bumperbot_description' for CMake module files
[3.058s] Level 1:colcon.colcon_core.environment:checking '/home/minhnguyen/bumperbot_ws/src/install/bumperbot_description' for CMake config files
[3.058s] Level 1:colcon.colcon_core.shell:create_environment_hook('bumperbot_description', 'cmake_prefix_path')
[3.059s] INFO:colcon.colcon_core.shell:Creating environment hook '/home/minhnguyen/bumperbot_ws/src/install/bumperbot_description/share/bumperbot_description/hook/cmake_prefix_path.ps1'
[3.060s] INFO:colcon.colcon_core.shell:Creating environment descriptor '/home/minhnguyen/bumperbot_ws/src/install/bumperbot_description/share/bumperbot_description/hook/cmake_prefix_path.dsv'
[3.060s] INFO:colcon.colcon_core.shell:Creating environment hook '/home/minhnguyen/bumperbot_ws/src/install/bumperbot_description/share/bumperbot_description/hook/cmake_prefix_path.sh'
[3.062s] Level 1:colcon.colcon_core.environment:checking '/home/minhnguyen/bumperbot_ws/src/install/bumperbot_description/bin'
[3.062s] Level 1:colcon.colcon_core.environment:checking '/home/minhnguyen/bumperbot_ws/src/install/bumperbot_description/lib/pkgconfig/bumperbot_description.pc'
[3.062s] Level 1:colcon.colcon_core.environment:checking '/home/minhnguyen/bumperbot_ws/src/install/bumperbot_description/lib/python3.10/site-packages'
[3.063s] Level 1:colcon.colcon_core.environment:checking '/home/minhnguyen/bumperbot_ws/src/install/bumperbot_description/bin'
[3.064s] INFO:colcon.colcon_core.shell:Creating package script '/home/minhnguyen/bumperbot_ws/src/install/bumperbot_description/share/bumperbot_description/package.ps1'
[3.065s] INFO:colcon.colcon_core.shell:Creating package descriptor '/home/minhnguyen/bumperbot_ws/src/install/bumperbot_description/share/bumperbot_description/package.dsv'
[3.066s] INFO:colcon.colcon_core.shell:Creating package script '/home/minhnguyen/bumperbot_ws/src/install/bumperbot_description/share/bumperbot_description/package.sh'
[3.067s] INFO:colcon.colcon_core.shell:Creating package script '/home/minhnguyen/bumperbot_ws/src/install/bumperbot_description/share/bumperbot_description/package.bash'
[3.068s] INFO:colcon.colcon_core.shell:Creating package script '/home/minhnguyen/bumperbot_ws/src/install/bumperbot_description/share/bumperbot_description/package.zsh'
[3.068s] Level 1:colcon.colcon_core.environment:create_file_with_runtime_dependencies(/home/minhnguyen/bumperbot_ws/src/install/bumperbot_description/share/colcon-core/packages/bumperbot_description)
[3.400s] Level 1:colcon.colcon_core.environment:checking '/home/minhnguyen/bumperbot_ws/src/install/bumperbot_py_examples' for CMake module files
[3.400s] DEBUG:colcon.colcon_core.event_handler.log_command:Invoked command in '/home/minhnguyen/bumperbot_ws/src/bumperbot_py_examples' returned '0': PYTHONPATH=/home/minhnguyen/bumperbot_ws/src/build/bumperbot_py_examples/prefix_override:/usr/lib/python3/dist-packages/colcon_core/task/python/colcon_distutils_commands:/home/minhnguyen/bumperbot_ws/src/install/bumperbot_py_examples/lib/python3.10/site-packages:${PYTHONPATH} /usr/bin/python3 -W ignore:setup.py install is deprecated setup.py egg_info --egg-base ../build/bumperbot_py_examples build --build-base /home/minhnguyen/bumperbot_ws/src/build/bumperbot_py_examples/build install --record /home/minhnguyen/bumperbot_ws/src/build/bumperbot_py_examples/install.log --single-version-externally-managed install_data
[3.401s] Level 1:colcon.colcon_core.environment:checking '/home/minhnguyen/bumperbot_ws/src/install/bumperbot_py_examples' for CMake config files
[3.402s] Level 1:colcon.colcon_core.environment:checking '/home/minhnguyen/bumperbot_ws/src/install/bumperbot_py_examples/lib'
[3.402s] Level 1:colcon.colcon_core.environment:checking '/home/minhnguyen/bumperbot_ws/src/install/bumperbot_py_examples/bin'
[3.402s] Level 1:colcon.colcon_core.environment:checking '/home/minhnguyen/bumperbot_ws/src/install/bumperbot_py_examples/lib/pkgconfig/bumperbot_py_examples.pc'
[3.402s] Level 1:colcon.colcon_core.environment:checking '/home/minhnguyen/bumperbot_ws/src/install/bumperbot_py_examples/lib/python3.10/site-packages'
[3.402s] Level 1:colcon.colcon_core.shell:create_environment_hook('bumperbot_py_examples', 'pythonpath')
[3.403s] INFO:colcon.colcon_core.shell:Creating environment hook '/home/minhnguyen/bumperbot_ws/src/install/bumperbot_py_examples/share/bumperbot_py_examples/hook/pythonpath.ps1'
[3.403s] INFO:colcon.colcon_core.shell:Creating environment descriptor '/home/minhnguyen/bumperbot_ws/src/install/bumperbot_py_examples/share/bumperbot_py_examples/hook/pythonpath.dsv'
[3.403s] INFO:colcon.colcon_core.shell:Creating environment hook '/home/minhnguyen/bumperbot_ws/src/install/bumperbot_py_examples/share/bumperbot_py_examples/hook/pythonpath.sh'
[3.404s] Level 1:colcon.colcon_core.environment:checking '/home/minhnguyen/bumperbot_ws/src/install/bumperbot_py_examples/bin'
[3.404s] Level 1:colcon.colcon_core.environment:create_environment_scripts_only(bumperbot_py_examples)
[3.405s] INFO:colcon.colcon_core.shell:Creating package script '/home/minhnguyen/bumperbot_ws/src/install/bumperbot_py_examples/share/bumperbot_py_examples/package.ps1'
[3.405s] INFO:colcon.colcon_core.shell:Creating package descriptor '/home/minhnguyen/bumperbot_ws/src/install/bumperbot_py_examples/share/bumperbot_py_examples/package.dsv'
[3.406s] INFO:colcon.colcon_core.shell:Creating package script '/home/minhnguyen/bumperbot_ws/src/install/bumperbot_py_examples/share/bumperbot_py_examples/package.sh'
[3.406s] INFO:colcon.colcon_core.shell:Creating package script '/home/minhnguyen/bumperbot_ws/src/install/bumperbot_py_examples/share/bumperbot_py_examples/package.bash'
[3.406s] INFO:colcon.colcon_core.shell:Creating package script '/home/minhnguyen/bumperbot_ws/src/install/bumperbot_py_examples/share/bumperbot_py_examples/package.zsh'
[3.407s] Level 1:colcon.colcon_core.environment:create_file_with_runtime_dependencies(/home/minhnguyen/bumperbot_ws/src/install/bumperbot_py_examples/share/colcon-core/packages/bumperbot_py_examples)
[3.407s] DEBUG:colcon.colcon_parallel_executor.executor.parallel:closing loop
[3.408s] DEBUG:colcon.colcon_parallel_executor.executor.parallel:loop closed
[3.408s] DEBUG:colcon.colcon_parallel_executor.executor.parallel:run_until_complete finished with '0'
[3.408s] DEBUG:colcon.colcon_core.event_reactor:joining thread
[3.418s] INFO:colcon.colcon_core.plugin_system:Skipping extension 'colcon_notification.desktop_notification.terminal_notifier': Not used on non-Darwin systems
[3.418s] INFO:colcon.colcon_core.plugin_system:Skipping extension 'colcon_notification.desktop_notification.win32': Not used on non-Windows systems
[3.418s] INFO:colcon.colcon_notification.desktop_notification:Sending desktop notification using 'notify2'
[3.449s] DEBUG:colcon.colcon_core.event_reactor:joined thread
[3.450s] INFO:colcon.colcon_core.shell:Creating prefix script '/home/minhnguyen/bumperbot_ws/src/install/local_setup.ps1'
[3.451s] INFO:colcon.colcon_core.shell:Creating prefix util module '/home/minhnguyen/bumperbot_ws/src/install/_local_setup_util_ps1.py'
[3.454s] INFO:colcon.colcon_core.shell:Creating prefix chain script '/home/minhnguyen/bumperbot_ws/src/install/setup.ps1'
[3.457s] INFO:colcon.colcon_core.shell:Creating prefix script '/home/minhnguyen/bumperbot_ws/src/install/local_setup.sh'
[3.458s] INFO:colcon.colcon_core.shell:Creating prefix util module '/home/minhnguyen/bumperbot_ws/src/install/_local_setup_util_sh.py'
[3.459s] INFO:colcon.colcon_core.shell:Creating prefix chain script '/home/minhnguyen/bumperbot_ws/src/install/setup.sh'
[3.461s] INFO:colcon.colcon_core.shell:Creating prefix script '/home/minhnguyen/bumperbot_ws/src/install/local_setup.bash'
[3.462s] INFO:colcon.colcon_core.shell:Creating prefix chain script '/home/minhnguyen/bumperbot_ws/src/install/setup.bash'
[3.464s] INFO:colcon.colcon_core.shell:Creating prefix script '/home/minhnguyen/bumperbot_ws/src/install/local_setup.zsh'
[3.465s] INFO:colcon.colcon_core.shell:Creating prefix chain script '/home/minhnguyen/bumperbot_ws/src/install/setup.zsh'
