[0.021s] Invoking command in '/home/minhnguyen/bumperbot_ws/build/bumperbot_description': CMAKE_PREFIX_PATH=/opt/ros/humble /usr/bin/cmake --build /home/minhnguyen/bumperbot_ws/build/bumperbot_description -- -j4 -l4
[0.051s] -- Found ament_cmake: 1.3.9 (/opt/ros/humble/share/ament_cmake/cmake)
[0.241s] -- Found ament_lint_auto: 0.12.11 (/opt/ros/humble/share/ament_lint_auto/cmake)
[0.359s] -- Added test 'lint_cmake' to check CMake code style
[0.361s] -- Added test 'xmllint' to check XML markup files
[0.362s] -- Configuring done
[0.367s] -- Generating done
[0.369s] -- Build files have been written to: /home/minhnguyen/bumperbot_ws/build/bumperbot_description
[0.467s] Invoked command in '/home/minhnguyen/bumperbot_ws/build/bumperbot_description' returned '0': CMAKE_PREFIX_PATH=/opt/ros/humble /usr/bin/cmake --build /home/minhnguyen/bumperbot_ws/build/bumperbot_description -- -j4 -l4
[0.517s] Invoking command in '/home/minhnguyen/bumperbot_ws/build/bumperbot_description': CMAKE_PREFIX_PATH=/opt/ros/humble /usr/bin/cmake --install /home/minhnguyen/bumperbot_ws/build/bumperbot_description
[0.532s] -- Install configuration: ""
[0.532s] -- Installing: /home/minhnguyen/bumperbot_ws/install/bumperbot_description/share/bumperbot_description/meshes
[0.532s] -- Installing: /home/minhnguyen/bumperbot_ws/install/bumperbot_description/share/bumperbot_description/meshes/wheel_right_link.STL
[0.540s] -- Installing: /home/minhnguyen/bumperbot_ws/install/bumperbot_description/share/bumperbot_description/meshes/wheel_left_link.STL
[0.545s] -- Installing: /home/minhnguyen/bumperbot_ws/install/bumperbot_description/share/bumperbot_description/meshes/imu_link.STL
[0.545s] -- Installing: /home/minhnguyen/bumperbot_ws/install/bumperbot_description/share/bumperbot_description/meshes/caster_front_link.STL
[0.545s] -- Installing: /home/minhnguyen/bumperbot_ws/install/bumperbot_description/share/bumperbot_description/meshes/base_link.STL
[0.566s] -- Installing: /home/minhnguyen/bumperbot_ws/install/bumperbot_description/share/bumperbot_description/meshes/caster_rear_link.STL
[0.566s] -- Installing: /home/minhnguyen/bumperbot_ws/install/bumperbot_description/share/bumperbot_description/urdf
[0.567s] -- Installing: /home/minhnguyen/bumperbot_ws/install/bumperbot_description/share/bumperbot_description/urdf/bumperbot.urdf.xacro
[0.567s] -- Up-to-date: /home/minhnguyen/bumperbot_ws/install/bumperbot_description/share/ament_index/resource_index/package_run_dependencies/bumperbot_description
[0.567s] -- Up-to-date: /home/minhnguyen/bumperbot_ws/install/bumperbot_description/share/ament_index/resource_index/parent_prefix_path/bumperbot_description
[0.567s] -- Up-to-date: /home/minhnguyen/bumperbot_ws/install/bumperbot_description/share/bumperbot_description/environment/ament_prefix_path.sh
[0.567s] -- Installing: /home/minhnguyen/bumperbot_ws/install/bumperbot_description/share/bumperbot_description/environment/ament_prefix_path.dsv
[0.567s] -- Up-to-date: /home/minhnguyen/bumperbot_ws/install/bumperbot_description/share/bumperbot_description/environment/path.sh
[0.567s] -- Installing: /home/minhnguyen/bumperbot_ws/install/bumperbot_description/share/bumperbot_description/environment/path.dsv
[0.568s] -- Up-to-date: /home/minhnguyen/bumperbot_ws/install/bumperbot_description/share/bumperbot_description/local_setup.bash
[0.568s] -- Up-to-date: /home/minhnguyen/bumperbot_ws/install/bumperbot_description/share/bumperbot_description/local_setup.sh
[0.568s] -- Up-to-date: /home/minhnguyen/bumperbot_ws/install/bumperbot_description/share/bumperbot_description/local_setup.zsh
[0.568s] -- Installing: /home/minhnguyen/bumperbot_ws/install/bumperbot_description/share/bumperbot_description/local_setup.dsv
[0.568s] -- Installing: /home/minhnguyen/bumperbot_ws/install/bumperbot_description/share/bumperbot_description/package.dsv
[0.568s] -- Up-to-date: /home/minhnguyen/bumperbot_ws/install/bumperbot_description/share/ament_index/resource_index/packages/bumperbot_description
[0.569s] -- Up-to-date: /home/minhnguyen/bumperbot_ws/install/bumperbot_description/share/bumperbot_description/cmake/bumperbot_descriptionConfig.cmake
[0.569s] -- Up-to-date: /home/minhnguyen/bumperbot_ws/install/bumperbot_description/share/bumperbot_description/cmake/bumperbot_descriptionConfig-version.cmake
[0.569s] -- Up-to-date: /home/minhnguyen/bumperbot_ws/install/bumperbot_description/share/bumperbot_description/package.xml
[0.581s] Invoked command in '/home/minhnguyen/bumperbot_ws/build/bumperbot_description' returned '0': CMAKE_PREFIX_PATH=/opt/ros/humble /usr/bin/cmake --install /home/minhnguyen/bumperbot_ws/build/bumperbot_description
