[0.053s] Invoking command in '/home/minhnguyen/bumperbot_ws/build/bumperbot_controller': CMAKE_PREFIX_PATH=/opt/ros/humble /usr/bin/cmake --build /home/minhnguyen/bumperbot_ws/build/bumperbot_controller -- -j8 -l8
[0.645s] Invoked command in '/home/minhnguyen/bumperbot_ws/build/bumperbot_controller' returned '0': CMAKE_PREFIX_PATH=/opt/ros/humble /usr/bin/cmake --build /home/minhnguyen/bumperbot_ws/build/bumperbot_controller -- -j8 -l8
[0.775s] Invoking command in '/home/minhnguyen/bumperbot_ws/build/bumperbot_controller': CMAKE_PREFIX_PATH=/opt/ros/humble /usr/bin/cmake --install /home/minhnguyen/bumperbot_ws/build/bumperbot_controller
[0.808s] -- Install configuration: ""
[0.809s] -- Up-to-date: /home/minhnguyen/bumperbot_ws/install/bumperbot_controller/share/bumperbot_controller/config
[0.809s] -- Up-to-date: /home/minhnguyen/bumperbot_ws/install/bumperbot_controller/share/bumperbot_controller/config/bumperbot_controllers.yaml
[0.809s] -- Up-to-date: /home/minhnguyen/bumperbot_ws/install/bumperbot_controller/share/bumperbot_controller/launch
[0.809s] -- Installing: /home/minhnguyen/bumperbot_ws/install/bumperbot_controller/share/bumperbot_controller/launch/controller.launch.py
[0.809s] -- Up-to-date: /home/minhnguyen/bumperbot_ws/install/bumperbot_controller/share/ament_index/resource_index/package_run_dependencies/bumperbot_controller
[0.810s] -- Up-to-date: /home/minhnguyen/bumperbot_ws/install/bumperbot_controller/share/ament_index/resource_index/parent_prefix_path/bumperbot_controller
[0.810s] -- Up-to-date: /home/minhnguyen/bumperbot_ws/install/bumperbot_controller/share/bumperbot_controller/environment/ament_prefix_path.sh
[0.810s] -- Up-to-date: /home/minhnguyen/bumperbot_ws/install/bumperbot_controller/share/bumperbot_controller/environment/ament_prefix_path.dsv
[0.810s] -- Up-to-date: /home/minhnguyen/bumperbot_ws/install/bumperbot_controller/share/bumperbot_controller/environment/path.sh
[0.812s] -- Up-to-date: /home/minhnguyen/bumperbot_ws/install/bumperbot_controller/share/bumperbot_controller/environment/path.dsv
[0.813s] -- Up-to-date: /home/minhnguyen/bumperbot_ws/install/bumperbot_controller/share/bumperbot_controller/local_setup.bash
[0.813s] -- Up-to-date: /home/minhnguyen/bumperbot_ws/install/bumperbot_controller/share/bumperbot_controller/local_setup.sh
[0.813s] -- Up-to-date: /home/minhnguyen/bumperbot_ws/install/bumperbot_controller/share/bumperbot_controller/local_setup.zsh
[0.813s] -- Up-to-date: /home/minhnguyen/bumperbot_ws/install/bumperbot_controller/share/bumperbot_controller/local_setup.dsv
[0.813s] -- Up-to-date: /home/minhnguyen/bumperbot_ws/install/bumperbot_controller/share/bumperbot_controller/package.dsv
[0.813s] -- Up-to-date: /home/minhnguyen/bumperbot_ws/install/bumperbot_controller/share/ament_index/resource_index/packages/bumperbot_controller
[0.813s] -- Up-to-date: /home/minhnguyen/bumperbot_ws/install/bumperbot_controller/share/bumperbot_controller/cmake/bumperbot_controllerConfig.cmake
[0.813s] -- Up-to-date: /home/minhnguyen/bumperbot_ws/install/bumperbot_controller/share/bumperbot_controller/cmake/bumperbot_controllerConfig-version.cmake
[0.814s] -- Up-to-date: /home/minhnguyen/bumperbot_ws/install/bumperbot_controller/share/bumperbot_controller/package.xml
[0.826s] Invoked command in '/home/minhnguyen/bumperbot_ws/build/bumperbot_controller' returned '0': CMAKE_PREFIX_PATH=/opt/ros/humble /usr/bin/cmake --install /home/minhnguyen/bumperbot_ws/build/bumperbot_controller
