[0.283s] DEBUG:colcon:Command line arguments: ['/usr/bin/colcon', 'list', '-p', '--base-paths', '/home/minhnguyen/bumperbot_ws']
[0.283s] DEBUG:colcon:Parsed command line arguments: Namespace(log_base=None, log_level=None, verb_name='list', build_base='build', ignore_user_meta=False, metas=['./colcon.meta'], base_paths=['/home/minhnguyen/bumperbot_ws'], packages_ignore=None, packages_ignore_regex=None, paths=None, packages_up_to=None, packages_up_to_regex=None, packages_above=None, packages_above_and_dependencies=None, packages_above_depth=None, packages_select_by_dep=None, packages_skip_by_dep=None, packages_skip_up_to=None, packages_select_build_failed=False, packages_skip_build_finished=False, packages_select_test_failures=False, packages_skip_test_passed=False, packages_select=None, packages_skip=None, packages_select_regex=None, packages_skip_regex=None, packages_start=None, packages_end=None, allow_overriding=[], topological_order=False, names_only=False, paths_only=True, topological_graph=False, topological_graph_dot=False, topological_graph_density=False, topological_graph_legend=False, topological_graph_dot_cluster=False, topological_graph_dot_include_skipped=False, mixin_files=None, mixin=None, verb_parser=<colcon_mixin.mixin.mixin_argument.MixinArgumentDecorator object at 0x7730f65f37c0>, verb_extension=<colcon_package_information.verb.list.ListVerb object at 0x7730f65f2650>, main=<bound method ListVerb.main of <colcon_package_information.verb.list.ListVerb object at 0x7730f65f2650>>, mixin_verb=('list',))
[1.449s] Level 1:colcon.colcon_core.package_discovery:discover_packages(colcon_meta) check parameters
[1.449s] Level 1:colcon.colcon_core.package_discovery:discover_packages(recursive) check parameters
[1.450s] Level 1:colcon.colcon_core.package_discovery:discover_packages(ignore) check parameters
[1.450s] Level 1:colcon.colcon_core.package_discovery:discover_packages(path) check parameters
[1.450s] Level 1:colcon.colcon_core.package_discovery:discover_packages(recursive) discover
[1.450s] INFO:colcon.colcon_core.package_discovery:Crawling recursively for packages in '/home/minhnguyen/bumperbot_ws'
[1.450s] Level 1:colcon.colcon_core.package_identification:_identify(/home/minhnguyen/bumperbot_ws) by extensions ['ignore', 'ignore_ament_install']
[1.450s] Level 1:colcon.colcon_core.package_identification:_identify(/home/minhnguyen/bumperbot_ws) by extension 'ignore'
[1.451s] Level 1:colcon.colcon_core.package_identification:_identify(/home/minhnguyen/bumperbot_ws) by extension 'ignore_ament_install'
[1.451s] Level 1:colcon.colcon_core.package_identification:_identify(/home/minhnguyen/bumperbot_ws) by extensions ['colcon_pkg']
[1.451s] Level 1:colcon.colcon_core.package_identification:_identify(/home/minhnguyen/bumperbot_ws) by extension 'colcon_pkg'
[1.451s] Level 1:colcon.colcon_core.package_identification:_identify(/home/minhnguyen/bumperbot_ws) by extensions ['colcon_meta']
[1.451s] Level 1:colcon.colcon_core.package_identification:_identify(/home/minhnguyen/bumperbot_ws) by extension 'colcon_meta'
[1.451s] Level 1:colcon.colcon_core.package_identification:_identify(/home/minhnguyen/bumperbot_ws) by extensions ['ros']
[1.451s] Level 1:colcon.colcon_core.package_identification:_identify(/home/minhnguyen/bumperbot_ws) by extension 'ros'
[1.485s] Level 1:colcon.colcon_core.package_identification:_identify(/home/minhnguyen/bumperbot_ws) by extensions ['cmake', 'python']
[1.485s] Level 1:colcon.colcon_core.package_identification:_identify(/home/minhnguyen/bumperbot_ws) by extension 'cmake'
[1.485s] Level 1:colcon.colcon_core.package_identification:_identify(/home/minhnguyen/bumperbot_ws) by extension 'python'
[1.485s] Level 1:colcon.colcon_core.package_identification:_identify(/home/minhnguyen/bumperbot_ws) by extensions ['python_setup_py']
[1.485s] Level 1:colcon.colcon_core.package_identification:_identify(/home/minhnguyen/bumperbot_ws) by extension 'python_setup_py'
[1.485s] Level 1:colcon.colcon_core.package_identification:_identify(/home/minhnguyen/bumperbot_ws/build) by extensions ['ignore', 'ignore_ament_install']
[1.486s] Level 1:colcon.colcon_core.package_identification:_identify(/home/minhnguyen/bumperbot_ws/build) by extension 'ignore'
[1.486s] Level 1:colcon.colcon_core.package_identification:_identify(/home/minhnguyen/bumperbot_ws/build) ignored
[1.486s] Level 1:colcon.colcon_core.package_identification:_identify(/home/minhnguyen/bumperbot_ws/install) by extensions ['ignore', 'ignore_ament_install']
[1.486s] Level 1:colcon.colcon_core.package_identification:_identify(/home/minhnguyen/bumperbot_ws/install) by extension 'ignore'
[1.486s] Level 1:colcon.colcon_core.package_identification:_identify(/home/minhnguyen/bumperbot_ws/install) ignored
[1.486s] Level 1:colcon.colcon_core.package_identification:_identify(/home/minhnguyen/bumperbot_ws/log) by extensions ['ignore', 'ignore_ament_install']
[1.487s] Level 1:colcon.colcon_core.package_identification:_identify(/home/minhnguyen/bumperbot_ws/log) by extension 'ignore'
[1.487s] Level 1:colcon.colcon_core.package_identification:_identify(/home/minhnguyen/bumperbot_ws/log) ignored
[1.487s] Level 1:colcon.colcon_core.package_identification:_identify(/home/minhnguyen/bumperbot_ws/src) by extensions ['ignore', 'ignore_ament_install']
[1.487s] Level 1:colcon.colcon_core.package_identification:_identify(/home/minhnguyen/bumperbot_ws/src) by extension 'ignore'
[1.487s] Level 1:colcon.colcon_core.package_identification:_identify(/home/minhnguyen/bumperbot_ws/src) by extension 'ignore_ament_install'
[1.487s] Level 1:colcon.colcon_core.package_identification:_identify(/home/minhnguyen/bumperbot_ws/src) by extensions ['colcon_pkg']
[1.487s] Level 1:colcon.colcon_core.package_identification:_identify(/home/minhnguyen/bumperbot_ws/src) by extension 'colcon_pkg'
[1.487s] Level 1:colcon.colcon_core.package_identification:_identify(/home/minhnguyen/bumperbot_ws/src) by extensions ['colcon_meta']
[1.487s] Level 1:colcon.colcon_core.package_identification:_identify(/home/minhnguyen/bumperbot_ws/src) by extension 'colcon_meta'
[1.487s] Level 1:colcon.colcon_core.package_identification:_identify(/home/minhnguyen/bumperbot_ws/src) by extensions ['ros']
[1.487s] Level 1:colcon.colcon_core.package_identification:_identify(/home/minhnguyen/bumperbot_ws/src) by extension 'ros'
[1.488s] Level 1:colcon.colcon_core.package_identification:_identify(/home/minhnguyen/bumperbot_ws/src) by extensions ['cmake', 'python']
[1.488s] Level 1:colcon.colcon_core.package_identification:_identify(/home/minhnguyen/bumperbot_ws/src) by extension 'cmake'
[1.488s] Level 1:colcon.colcon_core.package_identification:_identify(/home/minhnguyen/bumperbot_ws/src) by extension 'python'
[1.488s] Level 1:colcon.colcon_core.package_identification:_identify(/home/minhnguyen/bumperbot_ws/src) by extensions ['python_setup_py']
[1.488s] Level 1:colcon.colcon_core.package_identification:_identify(/home/minhnguyen/bumperbot_ws/src) by extension 'python_setup_py'
[1.488s] Level 1:colcon.colcon_core.package_identification:_identify(/home/minhnguyen/bumperbot_ws/src/bumperbot_cpp_examples) by extensions ['ignore', 'ignore_ament_install']
[1.488s] Level 1:colcon.colcon_core.package_identification:_identify(/home/minhnguyen/bumperbot_ws/src/bumperbot_cpp_examples) by extension 'ignore'
[1.488s] Level 1:colcon.colcon_core.package_identification:_identify(/home/minhnguyen/bumperbot_ws/src/bumperbot_cpp_examples) by extension 'ignore_ament_install'
[1.489s] Level 1:colcon.colcon_core.package_identification:_identify(/home/minhnguyen/bumperbot_ws/src/bumperbot_cpp_examples) by extensions ['colcon_pkg']
[1.489s] Level 1:colcon.colcon_core.package_identification:_identify(/home/minhnguyen/bumperbot_ws/src/bumperbot_cpp_examples) by extension 'colcon_pkg'
[1.489s] Level 1:colcon.colcon_core.package_identification:_identify(/home/minhnguyen/bumperbot_ws/src/bumperbot_cpp_examples) by extensions ['colcon_meta']
[1.489s] Level 1:colcon.colcon_core.package_identification:_identify(/home/minhnguyen/bumperbot_ws/src/bumperbot_cpp_examples) by extension 'colcon_meta'
[1.489s] Level 1:colcon.colcon_core.package_identification:_identify(/home/minhnguyen/bumperbot_ws/src/bumperbot_cpp_examples) by extensions ['ros']
[1.489s] Level 1:colcon.colcon_core.package_identification:_identify(/home/minhnguyen/bumperbot_ws/src/bumperbot_cpp_examples) by extension 'ros'
[1.494s] DEBUG:colcon.colcon_core.package_identification:Package '/home/minhnguyen/bumperbot_ws/src/bumperbot_cpp_examples' with type 'ros.ament_cmake' and name 'bumperbot_cpp_examples'
[1.499s] Level 1:colcon.colcon_core.package_identification:_identify(/home/minhnguyen/bumperbot_ws/src/bumperbot_py_examples) by extensions ['ignore', 'ignore_ament_install']
[1.500s] Level 1:colcon.colcon_core.package_identification:_identify(/home/minhnguyen/bumperbot_ws/src/bumperbot_py_examples) by extension 'ignore'
[1.500s] Level 1:colcon.colcon_core.package_identification:_identify(/home/minhnguyen/bumperbot_ws/src/bumperbot_py_examples) by extension 'ignore_ament_install'
[1.500s] Level 1:colcon.colcon_core.package_identification:_identify(/home/minhnguyen/bumperbot_ws/src/bumperbot_py_examples) by extensions ['colcon_pkg']
[1.500s] Level 1:colcon.colcon_core.package_identification:_identify(/home/minhnguyen/bumperbot_ws/src/bumperbot_py_examples) by extension 'colcon_pkg'
[1.500s] Level 1:colcon.colcon_core.package_identification:_identify(/home/minhnguyen/bumperbot_ws/src/bumperbot_py_examples) by extensions ['colcon_meta']
[1.501s] Level 1:colcon.colcon_core.package_identification:_identify(/home/minhnguyen/bumperbot_ws/src/bumperbot_py_examples) by extension 'colcon_meta'
[1.501s] Level 1:colcon.colcon_core.package_identification:_identify(/home/minhnguyen/bumperbot_ws/src/bumperbot_py_examples) by extensions ['ros']
[1.501s] Level 1:colcon.colcon_core.package_identification:_identify(/home/minhnguyen/bumperbot_ws/src/bumperbot_py_examples) by extension 'ros'
[1.502s] DEBUG:colcon.colcon_core.package_identification:Package '/home/minhnguyen/bumperbot_ws/src/bumperbot_py_examples' with type 'ros.ament_python' and name 'bumperbot_py_examples'
[1.502s] Level 1:colcon.colcon_core.package_discovery:discover_packages(recursive) using defaults
