[1.041s] Invoking command in '/home/minhnguyen/bumperbot_ws/src/bumperbot_py_examples': PYTHONPATH=/home/minhnguyen/bumperbot_ws/build/bumperbot_py_examples/prefix_override:/usr/lib/python3/dist-packages/colcon_core/task/python/colcon_distutils_commands:/home/minhnguyen/bumperbot_ws/install/bumperbot_py_examples/lib/python3.10/site-packages:${PYTHONPATH} /usr/bin/python3 -W ignore:setup.py install is deprecated setup.py egg_info --egg-base ../../build/bumperbot_py_examples build --build-base /home/minhnguyen/bumperbot_ws/build/bumperbot_py_examples/build install --record /home/minhnguyen/bumperbot_ws/build/bumperbot_py_examples/install.log --single-version-externally-managed install_data
[1.450s] running egg_info
[1.454s] writing ../../build/bumperbot_py_examples/bumperbot_py_examples.egg-info/PKG-INFO
[1.454s] writing dependency_links to ../../build/bumperbot_py_examples/bumperbot_py_examples.egg-info/dependency_links.txt
[1.454s] writing entry points to ../../build/bumperbot_py_examples/bumperbot_py_examples.egg-info/entry_points.txt
[1.454s] writing requirements to ../../build/bumperbot_py_examples/bumperbot_py_examples.egg-info/requires.txt
[1.454s] writing top-level names to ../../build/bumperbot_py_examples/bumperbot_py_examples.egg-info/top_level.txt
[1.455s] reading manifest file '../../build/bumperbot_py_examples/bumperbot_py_examples.egg-info/SOURCES.txt'
[1.457s] writing manifest file '../../build/bumperbot_py_examples/bumperbot_py_examples.egg-info/SOURCES.txt'
[1.457s] running build
[1.457s] running build_py
[1.458s] copying bumperbot_py_examples/simple_parameter.py -> /home/minhnguyen/bumperbot_ws/build/bumperbot_py_examples/build/lib/bumperbot_py_examples
[1.458s] running install
[1.459s] running install_lib
[1.460s] copying /home/minhnguyen/bumperbot_ws/build/bumperbot_py_examples/build/lib/bumperbot_py_examples/simple_parameter.py -> /home/minhnguyen/bumperbot_ws/install/bumperbot_py_examples/lib/python3.10/site-packages/bumperbot_py_examples
[1.461s] byte-compiling /home/minhnguyen/bumperbot_ws/install/bumperbot_py_examples/lib/python3.10/site-packages/bumperbot_py_examples/simple_parameter.py to simple_parameter.cpython-310.pyc
[1.462s] running install_data
[1.462s] running install_egg_info
[1.464s] removing '/home/minhnguyen/bumperbot_ws/install/bumperbot_py_examples/lib/python3.10/site-packages/bumperbot_py_examples-0.0.0-py3.10.egg-info' (and everything under it)
[1.465s] Copying ../../build/bumperbot_py_examples/bumperbot_py_examples.egg-info to /home/minhnguyen/bumperbot_ws/install/bumperbot_py_examples/lib/python3.10/site-packages/bumperbot_py_examples-0.0.0-py3.10.egg-info
[1.466s] running install_scripts
[1.501s] Installing simple_parameter script to /home/minhnguyen/bumperbot_ws/install/bumperbot_py_examples/lib/bumperbot_py_examples
[1.501s] Installing simple_publisher script to /home/minhnguyen/bumperbot_ws/install/bumperbot_py_examples/lib/bumperbot_py_examples
[1.505s] Installing simple_subscriber script to /home/minhnguyen/bumperbot_ws/install/bumperbot_py_examples/lib/bumperbot_py_examples
[1.505s] writing list of installed files to '/home/minhnguyen/bumperbot_ws/build/bumperbot_py_examples/install.log'
[1.541s] Invoked command in '/home/minhnguyen/bumperbot_ws/src/bumperbot_py_examples' returned '0': PYTHONPATH=/home/minhnguyen/bumperbot_ws/build/bumperbot_py_examples/prefix_override:/usr/lib/python3/dist-packages/colcon_core/task/python/colcon_distutils_commands:/home/minhnguyen/bumperbot_ws/install/bumperbot_py_examples/lib/python3.10/site-packages:${PYTHONPATH} /usr/bin/python3 -W ignore:setup.py install is deprecated setup.py egg_info --egg-base ../../build/bumperbot_py_examples build --build-base /home/minhnguyen/bumperbot_ws/build/bumperbot_py_examples/build install --record /home/minhnguyen/bumperbot_ws/build/bumperbot_py_examples/install.log --single-version-externally-managed install_data
