[1.228s] Invoking command in '/home/minhnguyen/bumperbot_ws/src/bumperbot_py_examples': PYTHONPATH=/home/minhnguyen/bumperbot_ws/build/bumperbot_py_examples/prefix_override:/usr/lib/python3/dist-packages/colcon_core/task/python/colcon_distutils_commands:/home/minhnguyen/bumperbot_ws/install/bumperbot_py_examples/lib/python3.10/site-packages:${PYTHONPATH} /usr/bin/python3 -W ignore:setup.py install is deprecated setup.py egg_info --egg-base ../../build/bumperbot_py_examples build --build-base /home/minhnguyen/bumperbot_ws/build/bumperbot_py_examples/build install --record /home/minhnguyen/bumperbot_ws/build/bumperbot_py_examples/install.log --single-version-externally-managed install_data
[1.620s] running egg_info
[1.621s] writing ../../build/bumperbot_py_examples/bumperbot_py_examples.egg-info/PKG-INFO
[1.622s] writing dependency_links to ../../build/bumperbot_py_examples/bumperbot_py_examples.egg-info/dependency_links.txt
[1.622s] writing entry points to ../../build/bumperbot_py_examples/bumperbot_py_examples.egg-info/entry_points.txt
[1.622s] writing requirements to ../../build/bumperbot_py_examples/bumperbot_py_examples.egg-info/requires.txt
[1.623s] writing top-level names to ../../build/bumperbot_py_examples/bumperbot_py_examples.egg-info/top_level.txt
[1.628s] reading manifest file '../../build/bumperbot_py_examples/bumperbot_py_examples.egg-info/SOURCES.txt'
[1.629s] writing manifest file '../../build/bumperbot_py_examples/bumperbot_py_examples.egg-info/SOURCES.txt'
[1.629s] running build
[1.630s] running build_py
[1.630s] copying bumperbot_py_examples/simple_turtlesim_kinematics.py -> /home/minhnguyen/bumperbot_ws/build/bumperbot_py_examples/build/lib/bumperbot_py_examples
[1.631s] running install
[1.632s] running install_lib
[1.633s] copying /home/minhnguyen/bumperbot_ws/build/bumperbot_py_examples/build/lib/bumperbot_py_examples/simple_turtlesim_kinematics.py -> /home/minhnguyen/bumperbot_ws/install/bumperbot_py_examples/lib/python3.10/site-packages/bumperbot_py_examples
[1.635s] byte-compiling /home/minhnguyen/bumperbot_ws/install/bumperbot_py_examples/lib/python3.10/site-packages/bumperbot_py_examples/simple_turtlesim_kinematics.py to simple_turtlesim_kinematics.cpython-310.pyc
[1.636s] running install_data
[1.636s] running install_egg_info
[1.639s] removing '/home/minhnguyen/bumperbot_ws/install/bumperbot_py_examples/lib/python3.10/site-packages/bumperbot_py_examples-0.0.0-py3.10.egg-info' (and everything under it)
[1.640s] Copying ../../build/bumperbot_py_examples/bumperbot_py_examples.egg-info to /home/minhnguyen/bumperbot_ws/install/bumperbot_py_examples/lib/python3.10/site-packages/bumperbot_py_examples-0.0.0-py3.10.egg-info
[1.641s] running install_scripts
[1.679s] Installing simple_parameter script to /home/minhnguyen/bumperbot_ws/install/bumperbot_py_examples/lib/bumperbot_py_examples
[1.680s] Installing simple_publisher script to /home/minhnguyen/bumperbot_ws/install/bumperbot_py_examples/lib/bumperbot_py_examples
[1.680s] Installing simple_subscriber script to /home/minhnguyen/bumperbot_ws/install/bumperbot_py_examples/lib/bumperbot_py_examples
[1.680s] Installing simple_turtlesim_kinematics script to /home/minhnguyen/bumperbot_ws/install/bumperbot_py_examples/lib/bumperbot_py_examples
[1.681s] writing list of installed files to '/home/minhnguyen/bumperbot_ws/build/bumperbot_py_examples/install.log'
[1.732s] Invoked command in '/home/minhnguyen/bumperbot_ws/src/bumperbot_py_examples' returned '0': PYTHONPATH=/home/minhnguyen/bumperbot_ws/build/bumperbot_py_examples/prefix_override:/usr/lib/python3/dist-packages/colcon_core/task/python/colcon_distutils_commands:/home/minhnguyen/bumperbot_ws/install/bumperbot_py_examples/lib/python3.10/site-packages:${PYTHONPATH} /usr/bin/python3 -W ignore:setup.py install is deprecated setup.py egg_info --egg-base ../../build/bumperbot_py_examples build --build-base /home/minhnguyen/bumperbot_ws/build/bumperbot_py_examples/build install --record /home/minhnguyen/bumperbot_ws/build/bumperbot_py_examples/install.log --single-version-externally-managed install_data
