[0.042s] Invoking command in '/home/minhnguyen/bumperbot_ws/build/bumperbot_controller': CMAKE_PREFIX_PATH=/opt/ros/humble /usr/bin/cmake --build /home/minhnguyen/bumperbot_ws/build/bumperbot_controller -- -j8 -l8
[0.190s] Built target ament_cmake_python_copy_bumperbot_controller
[0.667s] running egg_info
[0.669s] writing bumperbot_controller.egg-info/PKG-INFO
[0.669s] writing dependency_links to bumperbot_controller.egg-info/dependency_links.txt
[0.669s] writing top-level names to bumperbot_controller.egg-info/top_level.txt
[0.672s] reading manifest file 'bumperbot_controller.egg-info/SOURCES.txt'
[0.674s] writing manifest file 'bumperbot_controller.egg-info/SOURCES.txt'
[0.740s] Built target ament_cmake_python_build_bumperbot_controller_egg
[0.769s] Invoked command in '/home/minhnguyen/bumperbot_ws/build/bumperbot_controller' returned '0': CMAKE_PREFIX_PATH=/opt/ros/humble /usr/bin/cmake --build /home/minhnguyen/bumperbot_ws/build/bumperbot_controller -- -j8 -l8
[0.826s] Invoking command in '/home/minhnguyen/bumperbot_ws/build/bumperbot_controller': CMAKE_PREFIX_PATH=/opt/ros/humble /usr/bin/cmake --install /home/minhnguyen/bumperbot_ws/build/bumperbot_controller
[0.831s] -- Install configuration: ""
[0.831s] -- Up-to-date: /home/minhnguyen/bumperbot_ws/install/bumperbot_controller/share/bumperbot_controller/environment/pythonpath.sh
[0.831s] -- Up-to-date: /home/minhnguyen/bumperbot_ws/install/bumperbot_controller/share/bumperbot_controller/environment/pythonpath.dsv
[0.832s] -- Up-to-date: /home/minhnguyen/bumperbot_ws/install/bumperbot_controller/local/lib/python3.10/dist-packages/bumperbot_controller-0.0.0-py3.10.egg-info
[0.832s] -- Installing: /home/minhnguyen/bumperbot_ws/install/bumperbot_controller/local/lib/python3.10/dist-packages/bumperbot_controller-0.0.0-py3.10.egg-info/top_level.txt
[0.832s] -- Installing: /home/minhnguyen/bumperbot_ws/install/bumperbot_controller/local/lib/python3.10/dist-packages/bumperbot_controller-0.0.0-py3.10.egg-info/dependency_links.txt
[0.832s] -- Installing: /home/minhnguyen/bumperbot_ws/install/bumperbot_controller/local/lib/python3.10/dist-packages/bumperbot_controller-0.0.0-py3.10.egg-info/PKG-INFO
[0.832s] -- Installing: /home/minhnguyen/bumperbot_ws/install/bumperbot_controller/local/lib/python3.10/dist-packages/bumperbot_controller-0.0.0-py3.10.egg-info/SOURCES.txt
[0.832s] -- Up-to-date: /home/minhnguyen/bumperbot_ws/install/bumperbot_controller/local/lib/python3.10/dist-packages/bumperbot_controller
[0.832s] -- Installing: /home/minhnguyen/bumperbot_ws/install/bumperbot_controller/local/lib/python3.10/dist-packages/bumperbot_controller/simple_controller.py
[0.832s] -- Up-to-date: /home/minhnguyen/bumperbot_ws/install/bumperbot_controller/local/lib/python3.10/dist-packages/bumperbot_controller/__init__.py
[0.886s] Listing '/home/minhnguyen/bumperbot_ws/install/bumperbot_controller/local/lib/python3.10/dist-packages/bumperbot_controller'...
[0.886s] Compiling '/home/minhnguyen/bumperbot_ws/install/bumperbot_controller/local/lib/python3.10/dist-packages/bumperbot_controller/simple_controller.py'...
[0.897s] -- Up-to-date: /home/minhnguyen/bumperbot_ws/install/bumperbot_controller/share/bumperbot_controller/config
[0.897s] -- Up-to-date: /home/minhnguyen/bumperbot_ws/install/bumperbot_controller/share/bumperbot_controller/config/bumperbot_controllers.yaml
[0.898s] -- Up-to-date: /home/minhnguyen/bumperbot_ws/install/bumperbot_controller/share/bumperbot_controller/launch
[0.898s] -- Up-to-date: /home/minhnguyen/bumperbot_ws/install/bumperbot_controller/share/bumperbot_controller/launch/controller.launch.py
[0.898s] -- Installing: /home/minhnguyen/bumperbot_ws/install/bumperbot_controller/lib/bumperbot_controller/simple_controller.py
[0.898s] -- Up-to-date: /home/minhnguyen/bumperbot_ws/install/bumperbot_controller/share/ament_index/resource_index/package_run_dependencies/bumperbot_controller
[0.898s] -- Up-to-date: /home/minhnguyen/bumperbot_ws/install/bumperbot_controller/share/ament_index/resource_index/parent_prefix_path/bumperbot_controller
[0.898s] -- Up-to-date: /home/minhnguyen/bumperbot_ws/install/bumperbot_controller/share/bumperbot_controller/environment/ament_prefix_path.sh
[0.898s] -- Up-to-date: /home/minhnguyen/bumperbot_ws/install/bumperbot_controller/share/bumperbot_controller/environment/ament_prefix_path.dsv
[0.898s] -- Up-to-date: /home/minhnguyen/bumperbot_ws/install/bumperbot_controller/share/bumperbot_controller/environment/path.sh
[0.898s] -- Up-to-date: /home/minhnguyen/bumperbot_ws/install/bumperbot_controller/share/bumperbot_controller/environment/path.dsv
[0.898s] -- Up-to-date: /home/minhnguyen/bumperbot_ws/install/bumperbot_controller/share/bumperbot_controller/local_setup.bash
[0.898s] -- Up-to-date: /home/minhnguyen/bumperbot_ws/install/bumperbot_controller/share/bumperbot_controller/local_setup.sh
[0.899s] -- Up-to-date: /home/minhnguyen/bumperbot_ws/install/bumperbot_controller/share/bumperbot_controller/local_setup.zsh
[0.899s] -- Up-to-date: /home/minhnguyen/bumperbot_ws/install/bumperbot_controller/share/bumperbot_controller/local_setup.dsv
[0.899s] -- Installing: /home/minhnguyen/bumperbot_ws/install/bumperbot_controller/share/bumperbot_controller/package.dsv
[0.899s] -- Up-to-date: /home/minhnguyen/bumperbot_ws/install/bumperbot_controller/share/ament_index/resource_index/packages/bumperbot_controller
[0.899s] -- Up-to-date: /home/minhnguyen/bumperbot_ws/install/bumperbot_controller/share/bumperbot_controller/cmake/bumperbot_controllerConfig.cmake
[0.899s] -- Up-to-date: /home/minhnguyen/bumperbot_ws/install/bumperbot_controller/share/bumperbot_controller/cmake/bumperbot_controllerConfig-version.cmake
[0.899s] -- Up-to-date: /home/minhnguyen/bumperbot_ws/install/bumperbot_controller/share/bumperbot_controller/package.xml
[0.901s] Invoked command in '/home/minhnguyen/bumperbot_ws/build/bumperbot_controller' returned '0': CMAKE_PREFIX_PATH=/opt/ros/humble /usr/bin/cmake --install /home/minhnguyen/bumperbot_ws/build/bumperbot_controller
