[0.184s] DEBUG:colcon:Command line arguments: ['/usr/bin/colcon', 'build']
[0.184s] DEBUG:colcon:Parsed command line arguments: Namespace(log_base=None, log_level=None, verb_name='build', build_base='build', install_base='install', merge_install=False, symlink_install=False, test_result_base=None, continue_on_error=False, executor='parallel', parallel_workers=8, event_handlers=None, ignore_user_meta=False, metas=['./colcon.meta'], base_paths=['.'], packages_ignore=None, packages_ignore_regex=None, paths=None, packages_up_to=None, packages_up_to_regex=None, packages_above=None, packages_above_and_dependencies=None, packages_above_depth=None, packages_select_by_dep=None, packages_skip_by_dep=None, packages_skip_up_to=None, packages_select_build_failed=False, packages_skip_build_finished=False, packages_select_test_failures=False, packages_skip_test_passed=False, packages_select=None, packages_skip=None, packages_select_regex=None, packages_skip_regex=None, packages_start=None, packages_end=None, allow_overriding=[], cmake_args=None, cmake_target=None, cmake_target_skip_unavailable=False, cmake_clean_cache=False, cmake_clean_first=False, cmake_force_configure=False, ament_cmake_args=None, catkin_cmake_args=None, catkin_skip_building_tests=False, mixin_files=None, mixin=None, verb_parser=<colcon_mixin.mixin.mixin_argument.MixinArgumentDecorator object at 0x7369a8dde530>, verb_extension=<colcon_core.verb.build.BuildVerb object at 0x7369a8edeb90>, main=<bound method BuildVerb.main of <colcon_core.verb.build.BuildVerb object at 0x7369a8edeb90>>, mixin_verb=('build',))
[0.468s] Level 1:colcon.colcon_core.package_discovery:discover_packages(colcon_meta) check parameters
[0.468s] Level 1:colcon.colcon_core.package_discovery:discover_packages(recursive) check parameters
[0.468s] Level 1:colcon.colcon_core.package_discovery:discover_packages(ignore) check parameters
[0.468s] Level 1:colcon.colcon_core.package_discovery:discover_packages(path) check parameters
[0.468s] Level 1:colcon.colcon_core.package_discovery:discover_packages(colcon_meta) discover
[0.468s] Level 1:colcon.colcon_core.package_discovery:discover_packages(recursive) discover
[0.468s] INFO:colcon.colcon_core.package_discovery:Crawling recursively for packages in '/home/minhnguyen/bumperbot_ws'
[0.469s] Level 1:colcon.colcon_core.package_identification:_identify(.) by extensions ['ignore', 'ignore_ament_install']
[0.469s] Level 1:colcon.colcon_core.package_identification:_identify(.) by extension 'ignore'
[0.469s] Level 1:colcon.colcon_core.package_identification:_identify(.) by extension 'ignore_ament_install'
[0.469s] Level 1:colcon.colcon_core.package_identification:_identify(.) by extensions ['colcon_pkg']
[0.469s] Level 1:colcon.colcon_core.package_identification:_identify(.) by extension 'colcon_pkg'
[0.469s] Level 1:colcon.colcon_core.package_identification:_identify(.) by extensions ['colcon_meta']
[0.469s] Level 1:colcon.colcon_core.package_identification:_identify(.) by extension 'colcon_meta'
[0.469s] Level 1:colcon.colcon_core.package_identification:_identify(.) by extensions ['ros']
[0.469s] Level 1:colcon.colcon_core.package_identification:_identify(.) by extension 'ros'
[0.486s] Level 1:colcon.colcon_core.package_identification:_identify(.) by extensions ['cmake', 'python']
[0.486s] Level 1:colcon.colcon_core.package_identification:_identify(.) by extension 'cmake'
[0.487s] Level 1:colcon.colcon_core.package_identification:_identify(.) by extension 'python'
[0.487s] Level 1:colcon.colcon_core.package_identification:_identify(.) by extensions ['python_setup_py']
[0.487s] Level 1:colcon.colcon_core.package_identification:_identify(.) by extension 'python_setup_py'
[0.487s] Level 1:colcon.colcon_core.package_identification:_identify(build) by extensions ['ignore', 'ignore_ament_install']
[0.487s] Level 1:colcon.colcon_core.package_identification:_identify(build) by extension 'ignore'
[0.487s] Level 1:colcon.colcon_core.package_identification:_identify(build) ignored
[0.487s] Level 1:colcon.colcon_core.package_identification:_identify(install) by extensions ['ignore', 'ignore_ament_install']
[0.487s] Level 1:colcon.colcon_core.package_identification:_identify(install) by extension 'ignore'
[0.487s] Level 1:colcon.colcon_core.package_identification:_identify(install) ignored
[0.488s] Level 1:colcon.colcon_core.package_identification:_identify(log) by extensions ['ignore', 'ignore_ament_install']
[0.488s] Level 1:colcon.colcon_core.package_identification:_identify(log) by extension 'ignore'
[0.488s] Level 1:colcon.colcon_core.package_identification:_identify(log) ignored
[0.488s] Level 1:colcon.colcon_core.package_identification:_identify(src) by extensions ['ignore', 'ignore_ament_install']
[0.488s] Level 1:colcon.colcon_core.package_identification:_identify(src) by extension 'ignore'
[0.488s] Level 1:colcon.colcon_core.package_identification:_identify(src) by extension 'ignore_ament_install'
[0.488s] Level 1:colcon.colcon_core.package_identification:_identify(src) by extensions ['colcon_pkg']
[0.488s] Level 1:colcon.colcon_core.package_identification:_identify(src) by extension 'colcon_pkg'
[0.488s] Level 1:colcon.colcon_core.package_identification:_identify(src) by extensions ['colcon_meta']
[0.488s] Level 1:colcon.colcon_core.package_identification:_identify(src) by extension 'colcon_meta'
[0.489s] Level 1:colcon.colcon_core.package_identification:_identify(src) by extensions ['ros']
[0.489s] Level 1:colcon.colcon_core.package_identification:_identify(src) by extension 'ros'
[0.489s] Level 1:colcon.colcon_core.package_identification:_identify(src) by extensions ['cmake', 'python']
[0.489s] Level 1:colcon.colcon_core.package_identification:_identify(src) by extension 'cmake'
[0.489s] Level 1:colcon.colcon_core.package_identification:_identify(src) by extension 'python'
[0.489s] Level 1:colcon.colcon_core.package_identification:_identify(src) by extensions ['python_setup_py']
[0.489s] Level 1:colcon.colcon_core.package_identification:_identify(src) by extension 'python_setup_py'
[0.489s] Level 1:colcon.colcon_core.package_identification:_identify(src/build) by extensions ['ignore', 'ignore_ament_install']
[0.489s] Level 1:colcon.colcon_core.package_identification:_identify(src/build) by extension 'ignore'
[0.489s] Level 1:colcon.colcon_core.package_identification:_identify(src/build) ignored
[0.489s] Level 1:colcon.colcon_core.package_identification:_identify(src/bumperbot_controller) by extensions ['ignore', 'ignore_ament_install']
[0.489s] Level 1:colcon.colcon_core.package_identification:_identify(src/bumperbot_controller) by extension 'ignore'
[0.490s] Level 1:colcon.colcon_core.package_identification:_identify(src/bumperbot_controller) by extension 'ignore_ament_install'
[0.490s] Level 1:colcon.colcon_core.package_identification:_identify(src/bumperbot_controller) by extensions ['colcon_pkg']
[0.490s] Level 1:colcon.colcon_core.package_identification:_identify(src/bumperbot_controller) by extension 'colcon_pkg'
[0.490s] Level 1:colcon.colcon_core.package_identification:_identify(src/bumperbot_controller) by extensions ['colcon_meta']
[0.490s] Level 1:colcon.colcon_core.package_identification:_identify(src/bumperbot_controller) by extension 'colcon_meta'
[0.490s] Level 1:colcon.colcon_core.package_identification:_identify(src/bumperbot_controller) by extensions ['ros']
[0.490s] Level 1:colcon.colcon_core.package_identification:_identify(src/bumperbot_controller) by extension 'ros'
[0.493s] DEBUG:colcon.colcon_core.package_identification:Package 'src/bumperbot_controller' with type 'ros.ament_cmake' and name 'bumperbot_controller'
[0.494s] Level 1:colcon.colcon_core.package_identification:_identify(src/bumperbot_cpp_examples) by extensions ['ignore', 'ignore_ament_install']
[0.494s] Level 1:colcon.colcon_core.package_identification:_identify(src/bumperbot_cpp_examples) by extension 'ignore'
[0.494s] Level 1:colcon.colcon_core.package_identification:_identify(src/bumperbot_cpp_examples) by extension 'ignore_ament_install'
[0.494s] Level 1:colcon.colcon_core.package_identification:_identify(src/bumperbot_cpp_examples) by extensions ['colcon_pkg']
[0.494s] Level 1:colcon.colcon_core.package_identification:_identify(src/bumperbot_cpp_examples) by extension 'colcon_pkg'
[0.494s] Level 1:colcon.colcon_core.package_identification:_identify(src/bumperbot_cpp_examples) by extensions ['colcon_meta']
[0.494s] Level 1:colcon.colcon_core.package_identification:_identify(src/bumperbot_cpp_examples) by extension 'colcon_meta'
[0.494s] Level 1:colcon.colcon_core.package_identification:_identify(src/bumperbot_cpp_examples) by extensions ['ros']
[0.494s] Level 1:colcon.colcon_core.package_identification:_identify(src/bumperbot_cpp_examples) by extension 'ros'
[0.495s] DEBUG:colcon.colcon_core.package_identification:Package 'src/bumperbot_cpp_examples' with type 'ros.ament_cmake' and name 'bumperbot_cpp_examples'
[0.495s] Level 1:colcon.colcon_core.package_identification:_identify(src/bumperbot_description) by extensions ['ignore', 'ignore_ament_install']
[0.496s] Level 1:colcon.colcon_core.package_identification:_identify(src/bumperbot_description) by extension 'ignore'
[0.496s] Level 1:colcon.colcon_core.package_identification:_identify(src/bumperbot_description) by extension 'ignore_ament_install'
[0.496s] Level 1:colcon.colcon_core.package_identification:_identify(src/bumperbot_description) by extensions ['colcon_pkg']
[0.496s] Level 1:colcon.colcon_core.package_identification:_identify(src/bumperbot_description) by extension 'colcon_pkg'
[0.496s] Level 1:colcon.colcon_core.package_identification:_identify(src/bumperbot_description) by extensions ['colcon_meta']
[0.496s] Level 1:colcon.colcon_core.package_identification:_identify(src/bumperbot_description) by extension 'colcon_meta'
[0.496s] Level 1:colcon.colcon_core.package_identification:_identify(src/bumperbot_description) by extensions ['ros']
[0.496s] Level 1:colcon.colcon_core.package_identification:_identify(src/bumperbot_description) by extension 'ros'
[0.497s] DEBUG:colcon.colcon_core.package_identification:Package 'src/bumperbot_description' with type 'ros.ament_cmake' and name 'bumperbot_description'
[0.498s] Level 1:colcon.colcon_core.package_identification:_identify(src/bumperbot_py_examples) by extensions ['ignore', 'ignore_ament_install']
[0.498s] Level 1:colcon.colcon_core.package_identification:_identify(src/bumperbot_py_examples) by extension 'ignore'
[0.498s] Level 1:colcon.colcon_core.package_identification:_identify(src/bumperbot_py_examples) by extension 'ignore_ament_install'
[0.498s] Level 1:colcon.colcon_core.package_identification:_identify(src/bumperbot_py_examples) by extensions ['colcon_pkg']
[0.498s] Level 1:colcon.colcon_core.package_identification:_identify(src/bumperbot_py_examples) by extension 'colcon_pkg'
[0.498s] Level 1:colcon.colcon_core.package_identification:_identify(src/bumperbot_py_examples) by extensions ['colcon_meta']
[0.498s] Level 1:colcon.colcon_core.package_identification:_identify(src/bumperbot_py_examples) by extension 'colcon_meta'
[0.498s] Level 1:colcon.colcon_core.package_identification:_identify(src/bumperbot_py_examples) by extensions ['ros']
[0.498s] Level 1:colcon.colcon_core.package_identification:_identify(src/bumperbot_py_examples) by extension 'ros'
[0.499s] DEBUG:colcon.colcon_core.package_identification:Package 'src/bumperbot_py_examples' with type 'ros.ament_python' and name 'bumperbot_py_examples'
[0.499s] Level 1:colcon.colcon_core.package_identification:_identify(src/install) by extensions ['ignore', 'ignore_ament_install']
[0.499s] Level 1:colcon.colcon_core.package_identification:_identify(src/install) by extension 'ignore'
[0.499s] Level 1:colcon.colcon_core.package_identification:_identify(src/install) ignored
[0.500s] Level 1:colcon.colcon_core.package_identification:_identify(src/log) by extensions ['ignore', 'ignore_ament_install']
[0.500s] Level 1:colcon.colcon_core.package_identification:_identify(src/log) by extension 'ignore'
[0.500s] Level 1:colcon.colcon_core.package_identification:_identify(src/log) ignored
[0.500s] Level 1:colcon.colcon_core.package_discovery:discover_packages(recursive) using defaults
[0.500s] Level 1:colcon.colcon_core.package_discovery:discover_packages(ignore) discover
[0.500s] Level 1:colcon.colcon_core.package_discovery:discover_packages(ignore) using defaults
[0.500s] Level 1:colcon.colcon_core.package_discovery:discover_packages(path) discover
[0.500s] Level 1:colcon.colcon_core.package_discovery:discover_packages(path) using defaults
[0.530s] Level 1:colcon.colcon_core.package_discovery:discover_packages(prefix_path) check parameters
[0.530s] Level 1:colcon.colcon_core.package_discovery:discover_packages(prefix_path) discover
[0.535s] DEBUG:colcon.colcon_installed_package_information.package_discovery:Found 329 installed packages in /opt/ros/humble
[0.560s] Level 1:colcon.colcon_core.package_discovery:discover_packages(prefix_path) using defaults
[0.637s] Level 5:colcon.colcon_core.verb:set package 'bumperbot_controller' build argument 'cmake_args' from command line to 'None'
[0.637s] Level 5:colcon.colcon_core.verb:set package 'bumperbot_controller' build argument 'cmake_target' from command line to 'None'
[0.637s] Level 5:colcon.colcon_core.verb:set package 'bumperbot_controller' build argument 'cmake_target_skip_unavailable' from command line to 'False'
[0.637s] Level 5:colcon.colcon_core.verb:set package 'bumperbot_controller' build argument 'cmake_clean_cache' from command line to 'False'
[0.637s] Level 5:colcon.colcon_core.verb:set package 'bumperbot_controller' build argument 'cmake_clean_first' from command line to 'False'
[0.637s] Level 5:colcon.colcon_core.verb:set package 'bumperbot_controller' build argument 'cmake_force_configure' from command line to 'False'
[0.638s] Level 5:colcon.colcon_core.verb:set package 'bumperbot_controller' build argument 'ament_cmake_args' from command line to 'None'
[0.638s] Level 5:colcon.colcon_core.verb:set package 'bumperbot_controller' build argument 'catkin_cmake_args' from command line to 'None'
[0.638s] Level 5:colcon.colcon_core.verb:set package 'bumperbot_controller' build argument 'catkin_skip_building_tests' from command line to 'False'
[0.638s] DEBUG:colcon.colcon_core.verb:Building package 'bumperbot_controller' with the following arguments: {'ament_cmake_args': None, 'build_base': '/home/minhnguyen/bumperbot_ws/build/bumperbot_controller', 'catkin_cmake_args': None, 'catkin_skip_building_tests': False, 'cmake_args': None, 'cmake_clean_cache': False, 'cmake_clean_first': False, 'cmake_force_configure': False, 'cmake_target': None, 'cmake_target_skip_unavailable': False, 'install_base': '/home/minhnguyen/bumperbot_ws/install/bumperbot_controller', 'merge_install': False, 'path': '/home/minhnguyen/bumperbot_ws/src/bumperbot_controller', 'symlink_install': False, 'test_result_base': None}
[0.638s] Level 5:colcon.colcon_core.verb:set package 'bumperbot_cpp_examples' build argument 'cmake_args' from command line to 'None'
[0.639s] Level 5:colcon.colcon_core.verb:set package 'bumperbot_cpp_examples' build argument 'cmake_target' from command line to 'None'
[0.639s] Level 5:colcon.colcon_core.verb:set package 'bumperbot_cpp_examples' build argument 'cmake_target_skip_unavailable' from command line to 'False'
[0.639s] Level 5:colcon.colcon_core.verb:set package 'bumperbot_cpp_examples' build argument 'cmake_clean_cache' from command line to 'False'
[0.639s] Level 5:colcon.colcon_core.verb:set package 'bumperbot_cpp_examples' build argument 'cmake_clean_first' from command line to 'False'
[0.639s] Level 5:colcon.colcon_core.verb:set package 'bumperbot_cpp_examples' build argument 'cmake_force_configure' from command line to 'False'
[0.639s] Level 5:colcon.colcon_core.verb:set package 'bumperbot_cpp_examples' build argument 'ament_cmake_args' from command line to 'None'
[0.639s] Level 5:colcon.colcon_core.verb:set package 'bumperbot_cpp_examples' build argument 'catkin_cmake_args' from command line to 'None'
[0.639s] Level 5:colcon.colcon_core.verb:set package 'bumperbot_cpp_examples' build argument 'catkin_skip_building_tests' from command line to 'False'
[0.639s] DEBUG:colcon.colcon_core.verb:Building package 'bumperbot_cpp_examples' with the following arguments: {'ament_cmake_args': None, 'build_base': '/home/minhnguyen/bumperbot_ws/build/bumperbot_cpp_examples', 'catkin_cmake_args': None, 'catkin_skip_building_tests': False, 'cmake_args': None, 'cmake_clean_cache': False, 'cmake_clean_first': False, 'cmake_force_configure': False, 'cmake_target': None, 'cmake_target_skip_unavailable': False, 'install_base': '/home/minhnguyen/bumperbot_ws/install/bumperbot_cpp_examples', 'merge_install': False, 'path': '/home/minhnguyen/bumperbot_ws/src/bumperbot_cpp_examples', 'symlink_install': False, 'test_result_base': None}
[0.639s] Level 5:colcon.colcon_core.verb:set package 'bumperbot_description' build argument 'cmake_args' from command line to 'None'
[0.640s] Level 5:colcon.colcon_core.verb:set package 'bumperbot_description' build argument 'cmake_target' from command line to 'None'
[0.640s] Level 5:colcon.colcon_core.verb:set package 'bumperbot_description' build argument 'cmake_target_skip_unavailable' from command line to 'False'
[0.640s] Level 5:colcon.colcon_core.verb:set package 'bumperbot_description' build argument 'cmake_clean_cache' from command line to 'False'
[0.640s] Level 5:colcon.colcon_core.verb:set package 'bumperbot_description' build argument 'cmake_clean_first' from command line to 'False'
[0.640s] Level 5:colcon.colcon_core.verb:set package 'bumperbot_description' build argument 'cmake_force_configure' from command line to 'False'
[0.640s] Level 5:colcon.colcon_core.verb:set package 'bumperbot_description' build argument 'ament_cmake_args' from command line to 'None'
[0.640s] Level 5:colcon.colcon_core.verb:set package 'bumperbot_description' build argument 'catkin_cmake_args' from command line to 'None'
[0.640s] Level 5:colcon.colcon_core.verb:set package 'bumperbot_description' build argument 'catkin_skip_building_tests' from command line to 'False'
[0.640s] DEBUG:colcon.colcon_core.verb:Building package 'bumperbot_description' with the following arguments: {'ament_cmake_args': None, 'build_base': '/home/minhnguyen/bumperbot_ws/build/bumperbot_description', 'catkin_cmake_args': None, 'catkin_skip_building_tests': False, 'cmake_args': None, 'cmake_clean_cache': False, 'cmake_clean_first': False, 'cmake_force_configure': False, 'cmake_target': None, 'cmake_target_skip_unavailable': False, 'install_base': '/home/minhnguyen/bumperbot_ws/install/bumperbot_description', 'merge_install': False, 'path': '/home/minhnguyen/bumperbot_ws/src/bumperbot_description', 'symlink_install': False, 'test_result_base': None}
[0.640s] Level 5:colcon.colcon_core.verb:set package 'bumperbot_py_examples' build argument 'cmake_args' from command line to 'None'
[0.641s] Level 5:colcon.colcon_core.verb:set package 'bumperbot_py_examples' build argument 'cmake_target' from command line to 'None'
[0.641s] Level 5:colcon.colcon_core.verb:set package 'bumperbot_py_examples' build argument 'cmake_target_skip_unavailable' from command line to 'False'
[0.641s] Level 5:colcon.colcon_core.verb:set package 'bumperbot_py_examples' build argument 'cmake_clean_cache' from command line to 'False'
[0.641s] Level 5:colcon.colcon_core.verb:set package 'bumperbot_py_examples' build argument 'cmake_clean_first' from command line to 'False'
[0.641s] Level 5:colcon.colcon_core.verb:set package 'bumperbot_py_examples' build argument 'cmake_force_configure' from command line to 'False'
[0.641s] Level 5:colcon.colcon_core.verb:set package 'bumperbot_py_examples' build argument 'ament_cmake_args' from command line to 'None'
[0.641s] Level 5:colcon.colcon_core.verb:set package 'bumperbot_py_examples' build argument 'catkin_cmake_args' from command line to 'None'
[0.641s] Level 5:colcon.colcon_core.verb:set package 'bumperbot_py_examples' build argument 'catkin_skip_building_tests' from command line to 'False'
[0.641s] DEBUG:colcon.colcon_core.verb:Building package 'bumperbot_py_examples' with the following arguments: {'ament_cmake_args': None, 'build_base': '/home/minhnguyen/bumperbot_ws/build/bumperbot_py_examples', 'catkin_cmake_args': None, 'catkin_skip_building_tests': False, 'cmake_args': None, 'cmake_clean_cache': False, 'cmake_clean_first': False, 'cmake_force_configure': False, 'cmake_target': None, 'cmake_target_skip_unavailable': False, 'install_base': '/home/minhnguyen/bumperbot_ws/install/bumperbot_py_examples', 'merge_install': False, 'path': '/home/minhnguyen/bumperbot_ws/src/bumperbot_py_examples', 'symlink_install': False, 'test_result_base': None}
[0.641s] INFO:colcon.colcon_core.executor:Executing jobs using 'parallel' executor
[0.643s] DEBUG:colcon.colcon_parallel_executor.executor.parallel:run_until_complete
[0.643s] INFO:colcon.colcon_ros.task.ament_cmake.build:Building ROS package in '/home/minhnguyen/bumperbot_ws/src/bumperbot_controller' with build type 'ament_cmake'
[0.644s] INFO:colcon.colcon_cmake.task.cmake.build:Building CMake package in '/home/minhnguyen/bumperbot_ws/src/bumperbot_controller'
[0.646s] INFO:colcon.colcon_core.plugin_system:Skipping extension 'colcon_core.shell.bat': Not used on non-Windows systems
[0.646s] INFO:colcon.colcon_core.shell:Skip shell extension 'powershell' for command environment: Not usable outside of PowerShell
[0.646s] DEBUG:colcon.colcon_core.shell:Skip shell extension 'dsv' for command environment
[0.652s] INFO:colcon.colcon_ros.task.ament_cmake.build:Building ROS package in '/home/minhnguyen/bumperbot_ws/src/bumperbot_cpp_examples' with build type 'ament_cmake'
[0.652s] INFO:colcon.colcon_cmake.task.cmake.build:Building CMake package in '/home/minhnguyen/bumperbot_ws/src/bumperbot_cpp_examples'
[0.652s] INFO:colcon.colcon_core.shell:Skip shell extension 'powershell' for command environment: Not usable outside of PowerShell
[0.652s] DEBUG:colcon.colcon_core.shell:Skip shell extension 'dsv' for command environment
[0.657s] INFO:colcon.colcon_ros.task.ament_cmake.build:Building ROS package in '/home/minhnguyen/bumperbot_ws/src/bumperbot_description' with build type 'ament_cmake'
[0.657s] INFO:colcon.colcon_cmake.task.cmake.build:Building CMake package in '/home/minhnguyen/bumperbot_ws/src/bumperbot_description'
[0.657s] INFO:colcon.colcon_core.shell:Skip shell extension 'powershell' for command environment: Not usable outside of PowerShell
[0.657s] DEBUG:colcon.colcon_core.shell:Skip shell extension 'dsv' for command environment
[0.661s] INFO:colcon.colcon_ros.task.ament_python.build:Building ROS package in '/home/minhnguyen/bumperbot_ws/src/bumperbot_py_examples' with build type 'ament_python'
[0.662s] Level 1:colcon.colcon_core.shell:create_environment_hook('bumperbot_py_examples', 'ament_prefix_path')
[0.662s] INFO:colcon.colcon_core.shell:Creating environment hook '/home/minhnguyen/bumperbot_ws/install/bumperbot_py_examples/share/bumperbot_py_examples/hook/ament_prefix_path.ps1'
[0.663s] INFO:colcon.colcon_core.shell:Creating environment descriptor '/home/minhnguyen/bumperbot_ws/install/bumperbot_py_examples/share/bumperbot_py_examples/hook/ament_prefix_path.dsv'
[0.664s] INFO:colcon.colcon_core.shell:Creating environment hook '/home/minhnguyen/bumperbot_ws/install/bumperbot_py_examples/share/bumperbot_py_examples/hook/ament_prefix_path.sh'
[0.665s] INFO:colcon.colcon_core.shell:Skip shell extension 'powershell' for command environment: Not usable outside of PowerShell
[0.665s] DEBUG:colcon.colcon_core.shell:Skip shell extension 'dsv' for command environment
[0.680s] DEBUG:colcon.colcon_core.event_handler.log_command:Invoking command in '/home/minhnguyen/bumperbot_ws/build/bumperbot_controller': CMAKE_PREFIX_PATH=/opt/ros/humble /usr/bin/cmake --build /home/minhnguyen/bumperbot_ws/build/bumperbot_controller -- -j8 -l8
[0.684s] DEBUG:colcon.colcon_core.event_handler.log_command:Invoking command in '/home/minhnguyen/bumperbot_ws/build/bumperbot_cpp_examples': CMAKE_PREFIX_PATH=/opt/ros/humble /usr/bin/cmake --build /home/minhnguyen/bumperbot_ws/build/bumperbot_cpp_examples -- -j8 -l8
[0.687s] DEBUG:colcon.colcon_core.event_handler.log_command:Invoking command in '/home/minhnguyen/bumperbot_ws/build/bumperbot_description': CMAKE_PREFIX_PATH=/opt/ros/humble /usr/bin/cmake --build /home/minhnguyen/bumperbot_ws/build/bumperbot_description -- -j8 -l8
[1.102s] INFO:colcon.colcon_core.task.python.build:Building Python package in '/home/minhnguyen/bumperbot_ws/src/bumperbot_py_examples'
[1.103s] INFO:colcon.colcon_core.shell:Skip shell extension 'powershell' for command environment: Not usable outside of PowerShell
[1.103s] DEBUG:colcon.colcon_core.shell:Skip shell extension 'dsv' for command environment
[1.109s] DEBUG:colcon.colcon_core.event_handler.log_command:Invoked command in '/home/minhnguyen/bumperbot_ws/build/bumperbot_controller' returned '0': CMAKE_PREFIX_PATH=/opt/ros/humble /usr/bin/cmake --build /home/minhnguyen/bumperbot_ws/build/bumperbot_controller -- -j8 -l8
[1.111s] DEBUG:colcon.colcon_core.event_handler.log_command:Invoked command in '/home/minhnguyen/bumperbot_ws/build/bumperbot_cpp_examples' returned '0': CMAKE_PREFIX_PATH=/opt/ros/humble /usr/bin/cmake --build /home/minhnguyen/bumperbot_ws/build/bumperbot_cpp_examples -- -j8 -l8
[1.112s] DEBUG:colcon.colcon_core.event_handler.log_command:Invoked command in '/home/minhnguyen/bumperbot_ws/build/bumperbot_description' returned '0': CMAKE_PREFIX_PATH=/opt/ros/humble /usr/bin/cmake --build /home/minhnguyen/bumperbot_ws/build/bumperbot_description -- -j8 -l8
[1.153s] DEBUG:colcon.colcon_core.event_handler.log_command:Invoking command in '/home/minhnguyen/bumperbot_ws/build/bumperbot_controller': CMAKE_PREFIX_PATH=/opt/ros/humble /usr/bin/cmake --install /home/minhnguyen/bumperbot_ws/build/bumperbot_controller
[1.159s] DEBUG:colcon.colcon_core.event_handler.log_command:Invoking command in '/home/minhnguyen/bumperbot_ws/build/bumperbot_cpp_examples': CMAKE_PREFIX_PATH=/opt/ros/humble /usr/bin/cmake --install /home/minhnguyen/bumperbot_ws/build/bumperbot_cpp_examples
[1.162s] DEBUG:colcon.colcon_core.event_handler.log_command:Invoking command in '/home/minhnguyen/bumperbot_ws/build/bumperbot_description': CMAKE_PREFIX_PATH=/opt/ros/humble /usr/bin/cmake --install /home/minhnguyen/bumperbot_ws/build/bumperbot_description
[1.178s] Level 1:colcon.colcon_core.environment:create_environment_scripts_only(bumperbot_cpp_examples)
[1.179s] DEBUG:colcon.colcon_core.event_handler.log_command:Invoked command in '/home/minhnguyen/bumperbot_ws/build/bumperbot_cpp_examples' returned '0': CMAKE_PREFIX_PATH=/opt/ros/humble /usr/bin/cmake --install /home/minhnguyen/bumperbot_ws/build/bumperbot_cpp_examples
[1.185s] Level 1:colcon.colcon_core.environment:checking '/home/minhnguyen/bumperbot_ws/install/bumperbot_cpp_examples' for CMake module files
[1.195s] Level 1:colcon.colcon_core.environment:checking '/home/minhnguyen/bumperbot_ws/install/bumperbot_cpp_examples' for CMake config files
[1.196s] Level 1:colcon.colcon_core.shell:create_environment_hook('bumperbot_cpp_examples', 'cmake_prefix_path')
[1.196s] INFO:colcon.colcon_core.shell:Creating environment hook '/home/minhnguyen/bumperbot_ws/install/bumperbot_cpp_examples/share/bumperbot_cpp_examples/hook/cmake_prefix_path.ps1'
[1.197s] INFO:colcon.colcon_core.shell:Creating environment descriptor '/home/minhnguyen/bumperbot_ws/install/bumperbot_cpp_examples/share/bumperbot_cpp_examples/hook/cmake_prefix_path.dsv'
[1.197s] INFO:colcon.colcon_core.shell:Creating environment hook '/home/minhnguyen/bumperbot_ws/install/bumperbot_cpp_examples/share/bumperbot_cpp_examples/hook/cmake_prefix_path.sh'
[1.198s] Level 1:colcon.colcon_core.environment:checking '/home/minhnguyen/bumperbot_ws/install/bumperbot_cpp_examples/bin'
[1.198s] Level 1:colcon.colcon_core.environment:checking '/home/minhnguyen/bumperbot_ws/install/bumperbot_cpp_examples/lib/pkgconfig/bumperbot_cpp_examples.pc'
[1.199s] Level 1:colcon.colcon_core.environment:checking '/home/minhnguyen/bumperbot_ws/install/bumperbot_cpp_examples/lib/python3.10/site-packages'
[1.199s] Level 1:colcon.colcon_core.environment:checking '/home/minhnguyen/bumperbot_ws/install/bumperbot_cpp_examples/bin'
[1.200s] INFO:colcon.colcon_core.shell:Creating package script '/home/minhnguyen/bumperbot_ws/install/bumperbot_cpp_examples/share/bumperbot_cpp_examples/package.ps1'
[1.202s] INFO:colcon.colcon_core.shell:Creating package descriptor '/home/minhnguyen/bumperbot_ws/install/bumperbot_cpp_examples/share/bumperbot_cpp_examples/package.dsv'
[1.204s] INFO:colcon.colcon_core.shell:Creating package script '/home/minhnguyen/bumperbot_ws/install/bumperbot_cpp_examples/share/bumperbot_cpp_examples/package.sh'
[1.205s] INFO:colcon.colcon_core.shell:Creating package script '/home/minhnguyen/bumperbot_ws/install/bumperbot_cpp_examples/share/bumperbot_cpp_examples/package.bash'
[1.207s] INFO:colcon.colcon_core.shell:Creating package script '/home/minhnguyen/bumperbot_ws/install/bumperbot_cpp_examples/share/bumperbot_cpp_examples/package.zsh'
[1.208s] Level 1:colcon.colcon_core.environment:create_file_with_runtime_dependencies(/home/minhnguyen/bumperbot_ws/install/bumperbot_cpp_examples/share/colcon-core/packages/bumperbot_cpp_examples)
[1.211s] Level 1:colcon.colcon_core.environment:create_environment_scripts_only(bumperbot_controller)
[1.212s] Level 1:colcon.colcon_core.environment:checking '/home/minhnguyen/bumperbot_ws/install/bumperbot_controller' for CMake module files
[1.212s] DEBUG:colcon.colcon_core.event_handler.log_command:Invoked command in '/home/minhnguyen/bumperbot_ws/build/bumperbot_controller' returned '0': CMAKE_PREFIX_PATH=/opt/ros/humble /usr/bin/cmake --install /home/minhnguyen/bumperbot_ws/build/bumperbot_controller
[1.213s] Level 1:colcon.colcon_core.environment:checking '/home/minhnguyen/bumperbot_ws/install/bumperbot_controller' for CMake config files
[1.214s] Level 1:colcon.colcon_core.shell:create_environment_hook('bumperbot_controller', 'cmake_prefix_path')
[1.214s] INFO:colcon.colcon_core.shell:Creating environment hook '/home/minhnguyen/bumperbot_ws/install/bumperbot_controller/share/bumperbot_controller/hook/cmake_prefix_path.ps1'
[1.215s] INFO:colcon.colcon_core.shell:Creating environment descriptor '/home/minhnguyen/bumperbot_ws/install/bumperbot_controller/share/bumperbot_controller/hook/cmake_prefix_path.dsv'
[1.215s] INFO:colcon.colcon_core.shell:Creating environment hook '/home/minhnguyen/bumperbot_ws/install/bumperbot_controller/share/bumperbot_controller/hook/cmake_prefix_path.sh'
[1.216s] Level 1:colcon.colcon_core.environment:checking '/home/minhnguyen/bumperbot_ws/install/bumperbot_controller/bin'
[1.216s] Level 1:colcon.colcon_core.environment:checking '/home/minhnguyen/bumperbot_ws/install/bumperbot_controller/lib/pkgconfig/bumperbot_controller.pc'
[1.217s] Level 1:colcon.colcon_core.environment:checking '/home/minhnguyen/bumperbot_ws/install/bumperbot_controller/lib/python3.10/site-packages'
[1.217s] Level 1:colcon.colcon_core.environment:checking '/home/minhnguyen/bumperbot_ws/install/bumperbot_controller/bin'
[1.218s] INFO:colcon.colcon_core.shell:Creating package script '/home/minhnguyen/bumperbot_ws/install/bumperbot_controller/share/bumperbot_controller/package.ps1'
[1.219s] INFO:colcon.colcon_core.shell:Creating package descriptor '/home/minhnguyen/bumperbot_ws/install/bumperbot_controller/share/bumperbot_controller/package.dsv'
[1.219s] INFO:colcon.colcon_core.shell:Creating package script '/home/minhnguyen/bumperbot_ws/install/bumperbot_controller/share/bumperbot_controller/package.sh'
[1.220s] INFO:colcon.colcon_core.shell:Creating package script '/home/minhnguyen/bumperbot_ws/install/bumperbot_controller/share/bumperbot_controller/package.bash'
[1.220s] INFO:colcon.colcon_core.shell:Creating package script '/home/minhnguyen/bumperbot_ws/install/bumperbot_controller/share/bumperbot_controller/package.zsh'
[1.221s] Level 1:colcon.colcon_core.environment:create_file_with_runtime_dependencies(/home/minhnguyen/bumperbot_ws/install/bumperbot_controller/share/colcon-core/packages/bumperbot_controller)
[1.223s] Level 1:colcon.colcon_core.environment:create_environment_scripts_only(bumperbot_description)
[1.223s] Level 1:colcon.colcon_core.environment:checking '/home/minhnguyen/bumperbot_ws/install/bumperbot_description' for CMake module files
[1.224s] DEBUG:colcon.colcon_core.event_handler.log_command:Invoked command in '/home/minhnguyen/bumperbot_ws/build/bumperbot_description' returned '0': CMAKE_PREFIX_PATH=/opt/ros/humble /usr/bin/cmake --install /home/minhnguyen/bumperbot_ws/build/bumperbot_description
[1.225s] Level 1:colcon.colcon_core.environment:checking '/home/minhnguyen/bumperbot_ws/install/bumperbot_description' for CMake config files
[1.225s] Level 1:colcon.colcon_core.shell:create_environment_hook('bumperbot_description', 'cmake_prefix_path')
[1.226s] INFO:colcon.colcon_core.shell:Creating environment hook '/home/minhnguyen/bumperbot_ws/install/bumperbot_description/share/bumperbot_description/hook/cmake_prefix_path.ps1'
[1.226s] INFO:colcon.colcon_core.shell:Creating environment descriptor '/home/minhnguyen/bumperbot_ws/install/bumperbot_description/share/bumperbot_description/hook/cmake_prefix_path.dsv'
[1.227s] INFO:colcon.colcon_core.shell:Creating environment hook '/home/minhnguyen/bumperbot_ws/install/bumperbot_description/share/bumperbot_description/hook/cmake_prefix_path.sh'
[1.227s] Level 1:colcon.colcon_core.environment:checking '/home/minhnguyen/bumperbot_ws/install/bumperbot_description/bin'
[1.228s] Level 1:colcon.colcon_core.environment:checking '/home/minhnguyen/bumperbot_ws/install/bumperbot_description/lib/pkgconfig/bumperbot_description.pc'
[1.228s] Level 1:colcon.colcon_core.environment:checking '/home/minhnguyen/bumperbot_ws/install/bumperbot_description/lib/python3.10/site-packages'
[1.228s] Level 1:colcon.colcon_core.environment:checking '/home/minhnguyen/bumperbot_ws/install/bumperbot_description/bin'
[1.229s] INFO:colcon.colcon_core.shell:Creating package script '/home/minhnguyen/bumperbot_ws/install/bumperbot_description/share/bumperbot_description/package.ps1'
[1.230s] INFO:colcon.colcon_core.shell:Creating package descriptor '/home/minhnguyen/bumperbot_ws/install/bumperbot_description/share/bumperbot_description/package.dsv'
[1.230s] INFO:colcon.colcon_core.shell:Creating package script '/home/minhnguyen/bumperbot_ws/install/bumperbot_description/share/bumperbot_description/package.sh'
[1.231s] INFO:colcon.colcon_core.shell:Creating package script '/home/minhnguyen/bumperbot_ws/install/bumperbot_description/share/bumperbot_description/package.bash'
[1.232s] INFO:colcon.colcon_core.shell:Creating package script '/home/minhnguyen/bumperbot_ws/install/bumperbot_description/share/bumperbot_description/package.zsh'
[1.232s] Level 1:colcon.colcon_core.environment:create_file_with_runtime_dependencies(/home/minhnguyen/bumperbot_ws/install/bumperbot_description/share/colcon-core/packages/bumperbot_description)
[1.247s] Level 1:colcon.colcon_core.environment:create_environment_scripts_only(bumperbot_cpp_examples)
[1.247s] Level 1:colcon.colcon_core.environment:checking '/home/minhnguyen/bumperbot_ws/install/bumperbot_cpp_examples' for CMake module files
[1.248s] Level 1:colcon.colcon_core.environment:checking '/home/minhnguyen/bumperbot_ws/install/bumperbot_cpp_examples' for CMake config files
[1.248s] Level 1:colcon.colcon_core.shell:create_environment_hook('bumperbot_cpp_examples', 'cmake_prefix_path')
[1.249s] INFO:colcon.colcon_core.shell:Creating environment hook '/home/minhnguyen/bumperbot_ws/install/bumperbot_cpp_examples/share/bumperbot_cpp_examples/hook/cmake_prefix_path.ps1'
[1.250s] INFO:colcon.colcon_core.shell:Creating environment descriptor '/home/minhnguyen/bumperbot_ws/install/bumperbot_cpp_examples/share/bumperbot_cpp_examples/hook/cmake_prefix_path.dsv'
[1.250s] INFO:colcon.colcon_core.shell:Creating environment hook '/home/minhnguyen/bumperbot_ws/install/bumperbot_cpp_examples/share/bumperbot_cpp_examples/hook/cmake_prefix_path.sh'
[1.251s] Level 1:colcon.colcon_core.environment:checking '/home/minhnguyen/bumperbot_ws/install/bumperbot_cpp_examples/bin'
[1.251s] Level 1:colcon.colcon_core.environment:checking '/home/minhnguyen/bumperbot_ws/install/bumperbot_cpp_examples/lib/pkgconfig/bumperbot_cpp_examples.pc'
[1.252s] Level 1:colcon.colcon_core.environment:checking '/home/minhnguyen/bumperbot_ws/install/bumperbot_cpp_examples/lib/python3.10/site-packages'
[1.252s] Level 1:colcon.colcon_core.environment:checking '/home/minhnguyen/bumperbot_ws/install/bumperbot_cpp_examples/bin'
[1.253s] INFO:colcon.colcon_core.shell:Creating package script '/home/minhnguyen/bumperbot_ws/install/bumperbot_cpp_examples/share/bumperbot_cpp_examples/package.ps1'
[1.253s] INFO:colcon.colcon_core.shell:Creating package descriptor '/home/minhnguyen/bumperbot_ws/install/bumperbot_cpp_examples/share/bumperbot_cpp_examples/package.dsv'
[1.254s] INFO:colcon.colcon_core.shell:Creating package script '/home/minhnguyen/bumperbot_ws/install/bumperbot_cpp_examples/share/bumperbot_cpp_examples/package.sh'
[1.255s] INFO:colcon.colcon_core.shell:Creating package script '/home/minhnguyen/bumperbot_ws/install/bumperbot_cpp_examples/share/bumperbot_cpp_examples/package.bash'
[1.255s] INFO:colcon.colcon_core.shell:Creating package script '/home/minhnguyen/bumperbot_ws/install/bumperbot_cpp_examples/share/bumperbot_cpp_examples/package.zsh'
[1.256s] Level 1:colcon.colcon_core.environment:create_file_with_runtime_dependencies(/home/minhnguyen/bumperbot_ws/install/bumperbot_cpp_examples/share/colcon-core/packages/bumperbot_cpp_examples)
[1.261s] Level 1:colcon.colcon_core.environment:create_environment_scripts_only(bumperbot_controller)
[1.261s] Level 1:colcon.colcon_core.environment:checking '/home/minhnguyen/bumperbot_ws/install/bumperbot_controller' for CMake module files
[1.262s] Level 1:colcon.colcon_core.environment:checking '/home/minhnguyen/bumperbot_ws/install/bumperbot_controller' for CMake config files
[1.263s] Level 1:colcon.colcon_core.shell:create_environment_hook('bumperbot_controller', 'cmake_prefix_path')
[1.263s] INFO:colcon.colcon_core.shell:Creating environment hook '/home/minhnguyen/bumperbot_ws/install/bumperbot_controller/share/bumperbot_controller/hook/cmake_prefix_path.ps1'
[1.264s] INFO:colcon.colcon_core.shell:Creating environment descriptor '/home/minhnguyen/bumperbot_ws/install/bumperbot_controller/share/bumperbot_controller/hook/cmake_prefix_path.dsv'
[1.265s] INFO:colcon.colcon_core.shell:Creating environment hook '/home/minhnguyen/bumperbot_ws/install/bumperbot_controller/share/bumperbot_controller/hook/cmake_prefix_path.sh'
[1.266s] Level 1:colcon.colcon_core.environment:checking '/home/minhnguyen/bumperbot_ws/install/bumperbot_controller/bin'
[1.266s] Level 1:colcon.colcon_core.environment:checking '/home/minhnguyen/bumperbot_ws/install/bumperbot_controller/lib/pkgconfig/bumperbot_controller.pc'
[1.266s] Level 1:colcon.colcon_core.environment:checking '/home/minhnguyen/bumperbot_ws/install/bumperbot_controller/lib/python3.10/site-packages'
[1.267s] Level 1:colcon.colcon_core.environment:checking '/home/minhnguyen/bumperbot_ws/install/bumperbot_controller/bin'
[1.267s] INFO:colcon.colcon_core.shell:Creating package script '/home/minhnguyen/bumperbot_ws/install/bumperbot_controller/share/bumperbot_controller/package.ps1'
[1.268s] INFO:colcon.colcon_core.shell:Creating package descriptor '/home/minhnguyen/bumperbot_ws/install/bumperbot_controller/share/bumperbot_controller/package.dsv'
[1.269s] INFO:colcon.colcon_core.shell:Creating package script '/home/minhnguyen/bumperbot_ws/install/bumperbot_controller/share/bumperbot_controller/package.sh'
[1.270s] INFO:colcon.colcon_core.shell:Creating package script '/home/minhnguyen/bumperbot_ws/install/bumperbot_controller/share/bumperbot_controller/package.bash'
[1.271s] INFO:colcon.colcon_core.shell:Creating package script '/home/minhnguyen/bumperbot_ws/install/bumperbot_controller/share/bumperbot_controller/package.zsh'
[1.271s] Level 1:colcon.colcon_core.environment:create_file_with_runtime_dependencies(/home/minhnguyen/bumperbot_ws/install/bumperbot_controller/share/colcon-core/packages/bumperbot_controller)
[1.274s] Level 1:colcon.colcon_core.environment:create_environment_scripts_only(bumperbot_description)
[1.274s] Level 1:colcon.colcon_core.environment:checking '/home/minhnguyen/bumperbot_ws/install/bumperbot_description' for CMake module files
[1.275s] Level 1:colcon.colcon_core.environment:checking '/home/minhnguyen/bumperbot_ws/install/bumperbot_description' for CMake config files
[1.276s] Level 1:colcon.colcon_core.shell:create_environment_hook('bumperbot_description', 'cmake_prefix_path')
[1.276s] INFO:colcon.colcon_core.shell:Creating environment hook '/home/minhnguyen/bumperbot_ws/install/bumperbot_description/share/bumperbot_description/hook/cmake_prefix_path.ps1'
[1.277s] INFO:colcon.colcon_core.shell:Creating environment descriptor '/home/minhnguyen/bumperbot_ws/install/bumperbot_description/share/bumperbot_description/hook/cmake_prefix_path.dsv'
[1.278s] INFO:colcon.colcon_core.shell:Creating environment hook '/home/minhnguyen/bumperbot_ws/install/bumperbot_description/share/bumperbot_description/hook/cmake_prefix_path.sh'
[1.279s] Level 1:colcon.colcon_core.environment:checking '/home/minhnguyen/bumperbot_ws/install/bumperbot_description/bin'
[1.279s] Level 1:colcon.colcon_core.environment:checking '/home/minhnguyen/bumperbot_ws/install/bumperbot_description/lib/pkgconfig/bumperbot_description.pc'
[1.279s] Level 1:colcon.colcon_core.environment:checking '/home/minhnguyen/bumperbot_ws/install/bumperbot_description/lib/python3.10/site-packages'
[1.280s] Level 1:colcon.colcon_core.environment:checking '/home/minhnguyen/bumperbot_ws/install/bumperbot_description/bin'
[1.280s] INFO:colcon.colcon_core.shell:Creating package script '/home/minhnguyen/bumperbot_ws/install/bumperbot_description/share/bumperbot_description/package.ps1'
[1.281s] INFO:colcon.colcon_core.shell:Creating package descriptor '/home/minhnguyen/bumperbot_ws/install/bumperbot_description/share/bumperbot_description/package.dsv'
[1.282s] INFO:colcon.colcon_core.shell:Creating package script '/home/minhnguyen/bumperbot_ws/install/bumperbot_description/share/bumperbot_description/package.sh'
[1.282s] INFO:colcon.colcon_core.shell:Creating package script '/home/minhnguyen/bumperbot_ws/install/bumperbot_description/share/bumperbot_description/package.bash'
[1.283s] INFO:colcon.colcon_core.shell:Creating package script '/home/minhnguyen/bumperbot_ws/install/bumperbot_description/share/bumperbot_description/package.zsh'
[1.284s] Level 1:colcon.colcon_core.environment:create_file_with_runtime_dependencies(/home/minhnguyen/bumperbot_ws/install/bumperbot_description/share/colcon-core/packages/bumperbot_description)
[1.630s] DEBUG:colcon.colcon_core.event_handler.log_command:Invoking command in '/home/minhnguyen/bumperbot_ws/src/bumperbot_py_examples': PYTHONPATH=/home/minhnguyen/bumperbot_ws/build/bumperbot_py_examples/prefix_override:/usr/lib/python3/dist-packages/colcon_core/task/python/colcon_distutils_commands:/home/minhnguyen/bumperbot_ws/install/bumperbot_py_examples/lib/python3.10/site-packages:${PYTHONPATH} /usr/bin/python3 -W ignore:setup.py install is deprecated setup.py egg_info --egg-base ../../build/bumperbot_py_examples build --build-base /home/minhnguyen/bumperbot_ws/build/bumperbot_py_examples/build install --record /home/minhnguyen/bumperbot_ws/build/bumperbot_py_examples/install.log --single-version-externally-managed install_data
[2.075s] Level 1:colcon.colcon_core.environment:checking '/home/minhnguyen/bumperbot_ws/install/bumperbot_py_examples' for CMake module files
[2.076s] DEBUG:colcon.colcon_core.event_handler.log_command:Invoked command in '/home/minhnguyen/bumperbot_ws/src/bumperbot_py_examples' returned '0': PYTHONPATH=/home/minhnguyen/bumperbot_ws/build/bumperbot_py_examples/prefix_override:/usr/lib/python3/dist-packages/colcon_core/task/python/colcon_distutils_commands:/home/minhnguyen/bumperbot_ws/install/bumperbot_py_examples/lib/python3.10/site-packages:${PYTHONPATH} /usr/bin/python3 -W ignore:setup.py install is deprecated setup.py egg_info --egg-base ../../build/bumperbot_py_examples build --build-base /home/minhnguyen/bumperbot_ws/build/bumperbot_py_examples/build install --record /home/minhnguyen/bumperbot_ws/build/bumperbot_py_examples/install.log --single-version-externally-managed install_data
[2.076s] Level 1:colcon.colcon_core.environment:checking '/home/minhnguyen/bumperbot_ws/install/bumperbot_py_examples' for CMake config files
[2.077s] Level 1:colcon.colcon_core.environment:checking '/home/minhnguyen/bumperbot_ws/install/bumperbot_py_examples/lib'
[2.077s] Level 1:colcon.colcon_core.environment:checking '/home/minhnguyen/bumperbot_ws/install/bumperbot_py_examples/bin'
[2.078s] Level 1:colcon.colcon_core.environment:checking '/home/minhnguyen/bumperbot_ws/install/bumperbot_py_examples/lib/pkgconfig/bumperbot_py_examples.pc'
[2.078s] Level 1:colcon.colcon_core.environment:checking '/home/minhnguyen/bumperbot_ws/install/bumperbot_py_examples/lib/python3.10/site-packages'
[2.078s] Level 1:colcon.colcon_core.shell:create_environment_hook('bumperbot_py_examples', 'pythonpath')
[2.078s] INFO:colcon.colcon_core.shell:Creating environment hook '/home/minhnguyen/bumperbot_ws/install/bumperbot_py_examples/share/bumperbot_py_examples/hook/pythonpath.ps1'
[2.079s] INFO:colcon.colcon_core.shell:Creating environment descriptor '/home/minhnguyen/bumperbot_ws/install/bumperbot_py_examples/share/bumperbot_py_examples/hook/pythonpath.dsv'
[2.080s] INFO:colcon.colcon_core.shell:Creating environment hook '/home/minhnguyen/bumperbot_ws/install/bumperbot_py_examples/share/bumperbot_py_examples/hook/pythonpath.sh'
[2.080s] Level 1:colcon.colcon_core.environment:checking '/home/minhnguyen/bumperbot_ws/install/bumperbot_py_examples/bin'
[2.080s] Level 1:colcon.colcon_core.environment:create_environment_scripts_only(bumperbot_py_examples)
[2.081s] INFO:colcon.colcon_core.shell:Creating package script '/home/minhnguyen/bumperbot_ws/install/bumperbot_py_examples/share/bumperbot_py_examples/package.ps1'
[2.081s] INFO:colcon.colcon_core.shell:Creating package descriptor '/home/minhnguyen/bumperbot_ws/install/bumperbot_py_examples/share/bumperbot_py_examples/package.dsv'
[2.082s] INFO:colcon.colcon_core.shell:Creating package script '/home/minhnguyen/bumperbot_ws/install/bumperbot_py_examples/share/bumperbot_py_examples/package.sh'
[2.082s] INFO:colcon.colcon_core.shell:Creating package script '/home/minhnguyen/bumperbot_ws/install/bumperbot_py_examples/share/bumperbot_py_examples/package.bash'
[2.083s] INFO:colcon.colcon_core.shell:Creating package script '/home/minhnguyen/bumperbot_ws/install/bumperbot_py_examples/share/bumperbot_py_examples/package.zsh'
[2.083s] Level 1:colcon.colcon_core.environment:create_file_with_runtime_dependencies(/home/minhnguyen/bumperbot_ws/install/bumperbot_py_examples/share/colcon-core/packages/bumperbot_py_examples)
[2.084s] DEBUG:colcon.colcon_parallel_executor.executor.parallel:closing loop
[2.084s] DEBUG:colcon.colcon_parallel_executor.executor.parallel:loop closed
[2.084s] DEBUG:colcon.colcon_parallel_executor.executor.parallel:run_until_complete finished with '0'
[2.084s] DEBUG:colcon.colcon_core.event_reactor:joining thread
[2.091s] INFO:colcon.colcon_core.plugin_system:Skipping extension 'colcon_notification.desktop_notification.terminal_notifier': Not used on non-Darwin systems
[2.091s] INFO:colcon.colcon_core.plugin_system:Skipping extension 'colcon_notification.desktop_notification.win32': Not used on non-Windows systems
[2.091s] INFO:colcon.colcon_notification.desktop_notification:Sending desktop notification using 'notify2'
[2.109s] DEBUG:colcon.colcon_core.event_reactor:joined thread
[2.110s] INFO:colcon.colcon_core.shell:Creating prefix script '/home/minhnguyen/bumperbot_ws/install/local_setup.ps1'
[2.111s] INFO:colcon.colcon_core.shell:Creating prefix util module '/home/minhnguyen/bumperbot_ws/install/_local_setup_util_ps1.py'
[2.113s] INFO:colcon.colcon_core.shell:Creating prefix chain script '/home/minhnguyen/bumperbot_ws/install/setup.ps1'
[2.115s] INFO:colcon.colcon_core.shell:Creating prefix script '/home/minhnguyen/bumperbot_ws/install/local_setup.sh'
[2.115s] INFO:colcon.colcon_core.shell:Creating prefix util module '/home/minhnguyen/bumperbot_ws/install/_local_setup_util_sh.py'
[2.116s] INFO:colcon.colcon_core.shell:Creating prefix chain script '/home/minhnguyen/bumperbot_ws/install/setup.sh'
[2.117s] INFO:colcon.colcon_core.shell:Creating prefix script '/home/minhnguyen/bumperbot_ws/install/local_setup.bash'
[2.118s] INFO:colcon.colcon_core.shell:Creating prefix chain script '/home/minhnguyen/bumperbot_ws/install/setup.bash'
[2.119s] INFO:colcon.colcon_core.shell:Creating prefix script '/home/minhnguyen/bumperbot_ws/install/local_setup.zsh'
[2.120s] INFO:colcon.colcon_core.shell:Creating prefix chain script '/home/minhnguyen/bumperbot_ws/install/setup.zsh'
