[0.013s] Invoking command in '/home/minhnguyen/bumperbot_ws/build/bumperbot_controller': CMAKE_PREFIX_PATH=/opt/ros/humble /usr/bin/cmake --build /home/minhnguyen/bumperbot_ws/build/bumperbot_controller -- -j16 -l16
[0.047s] Built target ament_cmake_python_copy_bumperbot_controller
[0.188s] running egg_info
[0.188s] writing bumperbot_controller.egg-info/PKG-INFO
[0.189s] writing dependency_links to bumperbot_controller.egg-info/dependency_links.txt
[0.189s] writing top-level names to bumperbot_controller.egg-info/top_level.txt
[0.190s] reading manifest file 'bumperbot_controller.egg-info/SOURCES.txt'
[0.190s] writing manifest file 'bumperbot_controller.egg-info/SOURCES.txt'
[0.209s] Built target ament_cmake_python_build_bumperbot_controller_egg
[0.225s] Invoked command in '/home/minhnguyen/bumperbot_ws/build/bumperbot_controller' returned '0': CMAKE_PREFIX_PATH=/opt/ros/humble /usr/bin/cmake --build /home/minhnguyen/bumperbot_ws/build/bumperbot_controller -- -j16 -l16
[0.241s] Invoking command in '/home/minhnguyen/bumperbot_ws/build/bumperbot_controller': CMAKE_PREFIX_PATH=/opt/ros/humble /usr/bin/cmake --install /home/minhnguyen/bumperbot_ws/build/bumperbot_controller
[0.247s] -- Install configuration: ""
[0.247s] -- Up-to-date: /home/minhnguyen/bumperbot_ws/install/bumperbot_controller/share/bumperbot_controller/environment/pythonpath.sh
[0.247s] -- Up-to-date: /home/minhnguyen/bumperbot_ws/install/bumperbot_controller/share/bumperbot_controller/environment/pythonpath.dsv
[0.247s] -- Up-to-date: /home/minhnguyen/bumperbot_ws/install/bumperbot_controller/local/lib/python3.10/dist-packages/bumperbot_controller-0.0.0-py3.10.egg-info
[0.247s] -- Installing: /home/minhnguyen/bumperbot_ws/install/bumperbot_controller/local/lib/python3.10/dist-packages/bumperbot_controller-0.0.0-py3.10.egg-info/top_level.txt
[0.247s] -- Installing: /home/minhnguyen/bumperbot_ws/install/bumperbot_controller/local/lib/python3.10/dist-packages/bumperbot_controller-0.0.0-py3.10.egg-info/SOURCES.txt
[0.247s] -- Installing: /home/minhnguyen/bumperbot_ws/install/bumperbot_controller/local/lib/python3.10/dist-packages/bumperbot_controller-0.0.0-py3.10.egg-info/dependency_links.txt
[0.247s] -- Installing: /home/minhnguyen/bumperbot_ws/install/bumperbot_controller/local/lib/python3.10/dist-packages/bumperbot_controller-0.0.0-py3.10.egg-info/PKG-INFO
[0.247s] -- Up-to-date: /home/minhnguyen/bumperbot_ws/install/bumperbot_controller/local/lib/python3.10/dist-packages/bumperbot_controller
[0.247s] -- Up-to-date: /home/minhnguyen/bumperbot_ws/install/bumperbot_controller/local/lib/python3.10/dist-packages/bumperbot_controller/simple_controller.py
[0.247s] -- Up-to-date: /home/minhnguyen/bumperbot_ws/install/bumperbot_controller/local/lib/python3.10/dist-packages/bumperbot_controller/__init__.py
[0.266s] Listing '/home/minhnguyen/bumperbot_ws/install/bumperbot_controller/local/lib/python3.10/dist-packages/bumperbot_controller'...
[0.269s] -- Up-to-date: /home/minhnguyen/bumperbot_ws/install/bumperbot_controller/share/bumperbot_controller/config
[0.269s] -- Up-to-date: /home/minhnguyen/bumperbot_ws/install/bumperbot_controller/share/bumperbot_controller/config/bumperbot_controllers.yaml
[0.269s] -- Up-to-date: /home/minhnguyen/bumperbot_ws/install/bumperbot_controller/share/bumperbot_controller/config/joy_config.yaml
[0.269s] -- Up-to-date: /home/minhnguyen/bumperbot_ws/install/bumperbot_controller/share/bumperbot_controller/config/joy_teleop.yaml
[0.269s] -- Up-to-date: /home/minhnguyen/bumperbot_ws/install/bumperbot_controller/share/bumperbot_controller/launch
[0.269s] -- Up-to-date: /home/minhnguyen/bumperbot_ws/install/bumperbot_controller/share/bumperbot_controller/launch/joystick_teleop.launch.py
[0.269s] -- Up-to-date: /home/minhnguyen/bumperbot_ws/install/bumperbot_controller/share/bumperbot_controller/launch/controller.launch.py
[0.269s] -- Up-to-date: /home/minhnguyen/bumperbot_ws/install/bumperbot_controller/lib/bumperbot_controller/simple_controller.py
[0.269s] -- Up-to-date: /home/minhnguyen/bumperbot_ws/install/bumperbot_controller/share/ament_index/resource_index/package_run_dependencies/bumperbot_controller
[0.270s] -- Up-to-date: /home/minhnguyen/bumperbot_ws/install/bumperbot_controller/share/ament_index/resource_index/parent_prefix_path/bumperbot_controller
[0.270s] -- Up-to-date: /home/minhnguyen/bumperbot_ws/install/bumperbot_controller/share/bumperbot_controller/environment/ament_prefix_path.sh
[0.270s] -- Up-to-date: /home/minhnguyen/bumperbot_ws/install/bumperbot_controller/share/bumperbot_controller/environment/ament_prefix_path.dsv
[0.270s] -- Up-to-date: /home/minhnguyen/bumperbot_ws/install/bumperbot_controller/share/bumperbot_controller/environment/path.sh
[0.270s] -- Up-to-date: /home/minhnguyen/bumperbot_ws/install/bumperbot_controller/share/bumperbot_controller/environment/path.dsv
[0.270s] -- Up-to-date: /home/minhnguyen/bumperbot_ws/install/bumperbot_controller/share/bumperbot_controller/local_setup.bash
[0.270s] -- Up-to-date: /home/minhnguyen/bumperbot_ws/install/bumperbot_controller/share/bumperbot_controller/local_setup.sh
[0.270s] -- Up-to-date: /home/minhnguyen/bumperbot_ws/install/bumperbot_controller/share/bumperbot_controller/local_setup.zsh
[0.270s] -- Up-to-date: /home/minhnguyen/bumperbot_ws/install/bumperbot_controller/share/bumperbot_controller/local_setup.dsv
[0.270s] -- Installing: /home/minhnguyen/bumperbot_ws/install/bumperbot_controller/share/bumperbot_controller/package.dsv
[0.270s] -- Up-to-date: /home/minhnguyen/bumperbot_ws/install/bumperbot_controller/share/ament_index/resource_index/packages/bumperbot_controller
[0.270s] -- Up-to-date: /home/minhnguyen/bumperbot_ws/install/bumperbot_controller/share/bumperbot_controller/cmake/bumperbot_controllerConfig.cmake
[0.270s] -- Up-to-date: /home/minhnguyen/bumperbot_ws/install/bumperbot_controller/share/bumperbot_controller/cmake/bumperbot_controllerConfig-version.cmake
[0.270s] -- Up-to-date: /home/minhnguyen/bumperbot_ws/install/bumperbot_controller/share/bumperbot_controller/package.xml
[0.271s] Invoked command in '/home/minhnguyen/bumperbot_ws/build/bumperbot_controller' returned '0': CMAKE_PREFIX_PATH=/opt/ros/humble /usr/bin/cmake --install /home/minhnguyen/bumperbot_ws/build/bumperbot_controller
