[0.033s] Invoking command in '/home/minhnguyen/bumperbot_ws/build/bumperbot_controller': CMAKE_PREFIX_PATH=/opt/ros/humble /usr/bin/cmake --build /home/minhnguyen/bumperbot_ws/build/bumperbot_controller -- -j8 -l8
[0.070s] -- Found ament_cmake: 1.3.9 (/opt/ros/humble/share/ament_cmake/cmake)
[0.262s] -- Found rclpy: 3.3.13 (/opt/ros/humble/share/rclpy/cmake)
[0.263s] -- Found std_msgs: 4.2.4 (/opt/ros/humble/share/std_msgs/cmake)
[0.315s] -- Found rosidl_generator_c: 3.1.5 (/opt/ros/humble/share/rosidl_generator_c/cmake)
[0.320s] -- Found rosidl_adapter: 3.1.5 (/opt/ros/humble/share/rosidl_adapter/cmake)
[0.333s] -- Found rosidl_generator_cpp: 3.1.5 (/opt/ros/humble/share/rosidl_generator_cpp/cmake)
[0.358s] -- Using all available rosidl_typesupport_c: rosidl_typesupport_fastrtps_c;rosidl_typesupport_introspection_c
[0.390s] -- Using all available rosidl_typesupport_cpp: rosidl_typesupport_fastrtps_cpp;rosidl_typesupport_introspection_cpp
[0.513s] -- Found geometry_msgs: 4.2.4 (/opt/ros/humble/share/geometry_msgs/cmake)
[0.708s] -- Found ament_lint_auto: 0.12.11 (/opt/ros/humble/share/ament_lint_auto/cmake)
[0.820s] -- Added test 'flake8' to check Python code syntax and style conventions
[0.820s] -- Added test 'lint_cmake' to check CMake code style
[0.821s] -- Added test 'pep257' to check Python code against some of the docstring style conventions in PEP 257
[0.823s] -- Added test 'xmllint' to check XML markup files
[0.824s] -- Configuring done
[0.832s] -- Generating done
[0.835s] -- Build files have been written to: /home/minhnguyen/bumperbot_ws/build/bumperbot_controller
[0.921s] Built target ament_cmake_python_copy_bumperbot_controller
[1.344s] running egg_info
[1.346s] writing bumperbot_controller.egg-info/PKG-INFO
[1.350s] writing dependency_links to bumperbot_controller.egg-info/dependency_links.txt
[1.350s] writing top-level names to bumperbot_controller.egg-info/top_level.txt
[1.356s] reading manifest file 'bumperbot_controller.egg-info/SOURCES.txt'
[1.356s] writing manifest file 'bumperbot_controller.egg-info/SOURCES.txt'
[1.398s] Built target ament_cmake_python_build_bumperbot_controller_egg
[1.413s] Invoked command in '/home/minhnguyen/bumperbot_ws/build/bumperbot_controller' returned '0': CMAKE_PREFIX_PATH=/opt/ros/humble /usr/bin/cmake --build /home/minhnguyen/bumperbot_ws/build/bumperbot_controller -- -j8 -l8
[1.450s] Invoking command in '/home/minhnguyen/bumperbot_ws/build/bumperbot_controller': CMAKE_PREFIX_PATH=/opt/ros/humble /usr/bin/cmake --install /home/minhnguyen/bumperbot_ws/build/bumperbot_controller
[1.459s] -- Install configuration: ""
[1.459s] -- Up-to-date: /home/minhnguyen/bumperbot_ws/install/bumperbot_controller/share/bumperbot_controller/environment/pythonpath.sh
[1.459s] -- Installing: /home/minhnguyen/bumperbot_ws/install/bumperbot_controller/share/bumperbot_controller/environment/pythonpath.dsv
[1.459s] -- Up-to-date: /home/minhnguyen/bumperbot_ws/install/bumperbot_controller/local/lib/python3.10/dist-packages/bumperbot_controller-0.0.0-py3.10.egg-info
[1.459s] -- Installing: /home/minhnguyen/bumperbot_ws/install/bumperbot_controller/local/lib/python3.10/dist-packages/bumperbot_controller-0.0.0-py3.10.egg-info/top_level.txt
[1.459s] -- Installing: /home/minhnguyen/bumperbot_ws/install/bumperbot_controller/local/lib/python3.10/dist-packages/bumperbot_controller-0.0.0-py3.10.egg-info/dependency_links.txt
[1.460s] -- Installing: /home/minhnguyen/bumperbot_ws/install/bumperbot_controller/local/lib/python3.10/dist-packages/bumperbot_controller-0.0.0-py3.10.egg-info/PKG-INFO
[1.460s] -- Installing: /home/minhnguyen/bumperbot_ws/install/bumperbot_controller/local/lib/python3.10/dist-packages/bumperbot_controller-0.0.0-py3.10.egg-info/SOURCES.txt
[1.460s] -- Up-to-date: /home/minhnguyen/bumperbot_ws/install/bumperbot_controller/local/lib/python3.10/dist-packages/bumperbot_controller
[1.460s] -- Installing: /home/minhnguyen/bumperbot_ws/install/bumperbot_controller/local/lib/python3.10/dist-packages/bumperbot_controller/simple_controller.py
[1.461s] -- Up-to-date: /home/minhnguyen/bumperbot_ws/install/bumperbot_controller/local/lib/python3.10/dist-packages/bumperbot_controller/__init__.py
[1.504s] Listing '/home/minhnguyen/bumperbot_ws/install/bumperbot_controller/local/lib/python3.10/dist-packages/bumperbot_controller'...
[1.504s] Compiling '/home/minhnguyen/bumperbot_ws/install/bumperbot_controller/local/lib/python3.10/dist-packages/bumperbot_controller/simple_controller.py'...
[1.511s] -- Up-to-date: /home/minhnguyen/bumperbot_ws/install/bumperbot_controller/share/bumperbot_controller/config
[1.511s] -- Up-to-date: /home/minhnguyen/bumperbot_ws/install/bumperbot_controller/share/bumperbot_controller/config/bumperbot_controllers.yaml
[1.511s] -- Up-to-date: /home/minhnguyen/bumperbot_ws/install/bumperbot_controller/share/bumperbot_controller/launch
[1.511s] -- Installing: /home/minhnguyen/bumperbot_ws/install/bumperbot_controller/share/bumperbot_controller/launch/controller.launch.py
[1.512s] -- Installing: /home/minhnguyen/bumperbot_ws/install/bumperbot_controller/lib/bumperbot_controller/simple_controller.py
[1.512s] -- Up-to-date: /home/minhnguyen/bumperbot_ws/install/bumperbot_controller/share/ament_index/resource_index/package_run_dependencies/bumperbot_controller
[1.512s] -- Up-to-date: /home/minhnguyen/bumperbot_ws/install/bumperbot_controller/share/ament_index/resource_index/parent_prefix_path/bumperbot_controller
[1.512s] -- Up-to-date: /home/minhnguyen/bumperbot_ws/install/bumperbot_controller/share/bumperbot_controller/environment/ament_prefix_path.sh
[1.512s] -- Installing: /home/minhnguyen/bumperbot_ws/install/bumperbot_controller/share/bumperbot_controller/environment/ament_prefix_path.dsv
[1.512s] -- Up-to-date: /home/minhnguyen/bumperbot_ws/install/bumperbot_controller/share/bumperbot_controller/environment/path.sh
[1.512s] -- Installing: /home/minhnguyen/bumperbot_ws/install/bumperbot_controller/share/bumperbot_controller/environment/path.dsv
[1.513s] -- Up-to-date: /home/minhnguyen/bumperbot_ws/install/bumperbot_controller/share/bumperbot_controller/local_setup.bash
[1.513s] -- Up-to-date: /home/minhnguyen/bumperbot_ws/install/bumperbot_controller/share/bumperbot_controller/local_setup.sh
[1.513s] -- Up-to-date: /home/minhnguyen/bumperbot_ws/install/bumperbot_controller/share/bumperbot_controller/local_setup.zsh
[1.513s] -- Installing: /home/minhnguyen/bumperbot_ws/install/bumperbot_controller/share/bumperbot_controller/local_setup.dsv
[1.513s] -- Installing: /home/minhnguyen/bumperbot_ws/install/bumperbot_controller/share/bumperbot_controller/package.dsv
[1.513s] -- Up-to-date: /home/minhnguyen/bumperbot_ws/install/bumperbot_controller/share/ament_index/resource_index/packages/bumperbot_controller
[1.513s] -- Up-to-date: /home/minhnguyen/bumperbot_ws/install/bumperbot_controller/share/bumperbot_controller/cmake/bumperbot_controllerConfig.cmake
[1.514s] -- Up-to-date: /home/minhnguyen/bumperbot_ws/install/bumperbot_controller/share/bumperbot_controller/cmake/bumperbot_controllerConfig-version.cmake
[1.514s] -- Up-to-date: /home/minhnguyen/bumperbot_ws/install/bumperbot_controller/share/bumperbot_controller/package.xml
[1.517s] Invoked command in '/home/minhnguyen/bumperbot_ws/build/bumperbot_controller' returned '0': CMAKE_PREFIX_PATH=/opt/ros/humble /usr/bin/cmake --install /home/minhnguyen/bumperbot_ws/build/bumperbot_controller
