[0.018s] Invoking command in '/home/minhnguyen/bumperbot_ws/build/bumperbot_description': CMAKE_PREFIX_PATH=/opt/ros/humble /usr/bin/cmake --build /home/minhnguyen/bumperbot_ws/build/bumperbot_description -- -j4 -l4
[0.446s] Invoked command in '/home/minhnguyen/bumperbot_ws/build/bumperbot_description' returned '0': CMAKE_PREFIX_PATH=/opt/ros/humble /usr/bin/cmake --build /home/minhnguyen/bumperbot_ws/build/bumperbot_description -- -j4 -l4
[0.506s] Invoking command in '/home/minhnguyen/bumperbot_ws/build/bumperbot_description': CMAKE_PREFIX_PATH=/opt/ros/humble /usr/bin/cmake --install /home/minhnguyen/bumperbot_ws/build/bumperbot_description
[0.518s] -- Install configuration: ""
[0.520s] -- Up-to-date: /home/minhnguyen/bumperbot_ws/install/bumperbot_description/share/$(PROJECT_NAME)/meshes
[0.522s] -- Up-to-date: /home/minhnguyen/bumperbot_ws/install/bumperbot_description/share/$(PROJECT_NAME)/meshes/wheel_right_link.STL
[0.532s] -- Up-to-date: /home/minhnguyen/bumperbot_ws/install/bumperbot_description/share/$(PROJECT_NAME)/meshes/wheel_left_link.STL
[0.532s] -- Up-to-date: /home/minhnguyen/bumperbot_ws/install/bumperbot_description/share/$(PROJECT_NAME)/meshes/imu_link.STL
[0.532s] -- Up-to-date: /home/minhnguyen/bumperbot_ws/install/bumperbot_description/share/$(PROJECT_NAME)/meshes/caster_front_link.STL
[0.532s] -- Up-to-date: /home/minhnguyen/bumperbot_ws/install/bumperbot_description/share/$(PROJECT_NAME)/meshes/base_link.STL
[0.532s] -- Up-to-date: /home/minhnguyen/bumperbot_ws/install/bumperbot_description/share/$(PROJECT_NAME)/meshes/caster_rear_link.STL
[0.532s] -- Up-to-date: /home/minhnguyen/bumperbot_ws/install/bumperbot_description/share/$(PROJECT_NAME)/urdf
[0.533s] -- Up-to-date: /home/minhnguyen/bumperbot_ws/install/bumperbot_description/share/$(PROJECT_NAME)/urdf/bumperbot.urdf.xacro
[0.533s] -- Up-to-date: /home/minhnguyen/bumperbot_ws/install/bumperbot_description/share/ament_index/resource_index/package_run_dependencies/bumperbot_description
[0.533s] -- Up-to-date: /home/minhnguyen/bumperbot_ws/install/bumperbot_description/share/ament_index/resource_index/parent_prefix_path/bumperbot_description
[0.533s] -- Up-to-date: /home/minhnguyen/bumperbot_ws/install/bumperbot_description/share/bumperbot_description/environment/ament_prefix_path.sh
[0.533s] -- Up-to-date: /home/minhnguyen/bumperbot_ws/install/bumperbot_description/share/bumperbot_description/environment/ament_prefix_path.dsv
[0.533s] -- Up-to-date: /home/minhnguyen/bumperbot_ws/install/bumperbot_description/share/bumperbot_description/environment/path.sh
[0.533s] -- Up-to-date: /home/minhnguyen/bumperbot_ws/install/bumperbot_description/share/bumperbot_description/environment/path.dsv
[0.533s] -- Up-to-date: /home/minhnguyen/bumperbot_ws/install/bumperbot_description/share/bumperbot_description/local_setup.bash
[0.533s] -- Up-to-date: /home/minhnguyen/bumperbot_ws/install/bumperbot_description/share/bumperbot_description/local_setup.sh
[0.534s] -- Up-to-date: /home/minhnguyen/bumperbot_ws/install/bumperbot_description/share/bumperbot_description/local_setup.zsh
[0.534s] -- Up-to-date: /home/minhnguyen/bumperbot_ws/install/bumperbot_description/share/bumperbot_description/local_setup.dsv
[0.534s] -- Up-to-date: /home/minhnguyen/bumperbot_ws/install/bumperbot_description/share/bumperbot_description/package.dsv
[0.534s] -- Up-to-date: /home/minhnguyen/bumperbot_ws/install/bumperbot_description/share/ament_index/resource_index/packages/bumperbot_description
[0.534s] -- Up-to-date: /home/minhnguyen/bumperbot_ws/install/bumperbot_description/share/bumperbot_description/cmake/bumperbot_descriptionConfig.cmake
[0.534s] -- Up-to-date: /home/minhnguyen/bumperbot_ws/install/bumperbot_description/share/bumperbot_description/cmake/bumperbot_descriptionConfig-version.cmake
[0.534s] -- Up-to-date: /home/minhnguyen/bumperbot_ws/install/bumperbot_description/share/bumperbot_description/package.xml
[0.534s] Invoked command in '/home/minhnguyen/bumperbot_ws/build/bumperbot_description' returned '0': CMAKE_PREFIX_PATH=/opt/ros/humble /usr/bin/cmake --install /home/minhnguyen/bumperbot_ws/build/bumperbot_description
